\BOOKMARK [0][-]{chapter.1}{\376\377\000C\000l\000a\000s\000s\000\040\000I\000n\000d\000e\000x}{}% 1
\BOOKMARK [1][-]{section.1.1}{\376\377\000C\000l\000a\000s\000s\000\040\000H\000i\000e\000r\000a\000r\000c\000h\000y}{chapter.1}% 2
\BOOKMARK [0][-]{chapter.2}{\376\377\000C\000l\000a\000s\000s\000\040\000I\000n\000d\000e\000x}{}% 3
\BOOKMARK [1][-]{section.2.1}{\376\377\000C\000l\000a\000s\000s\000\040\000L\000i\000s\000t}{chapter.2}% 4
\BOOKMARK [0][-]{chapter.3}{\376\377\000F\000i\000l\000e\000\040\000I\000n\000d\000e\000x}{}% 5
\BOOKMARK [1][-]{section.3.1}{\376\377\000F\000i\000l\000e\000\040\000L\000i\000s\000t}{chapter.3}% 6
\BOOKMARK [0][-]{chapter.4}{\376\377\000C\000l\000a\000s\000s\000\040\000D\000o\000c\000u\000m\000e\000n\000t\000a\000t\000i\000o\000n}{}% 7
\BOOKMARK [1][-]{section.4.1}{\376\377\000C\000l\000a\000s\000s\000D\000e\000t\000a\000i\000l\000\040\000C\000l\000a\000s\000s\000\040\000R\000e\000f\000e\000r\000e\000n\000c\000e}{chapter.4}% 8
\BOOKMARK [2][-]{subsection.4.1.1}{\376\377\000D\000e\000t\000a\000i\000l\000e\000d\000\040\000D\000e\000s\000c\000r\000i\000p\000t\000i\000o\000n}{section.4.1}% 9
\BOOKMARK [2][-]{subsection.4.1.2}{\376\377\000C\000o\000n\000s\000t\000r\000u\000c\000t\000o\000r\000\040\000\046\000\040\000D\000e\000s\000t\000r\000u\000c\000t\000o\000r\000\040\000D\000o\000c\000u\000m\000e\000n\000t\000a\000t\000i\000o\000n}{section.4.1}% 10
\BOOKMARK [3][-]{subsubsection.4.1.2.1}{\376\377\000C\000l\000a\000s\000s\000D\000e\000t\000a\000i\000l}{subsection.4.1.2}% 11
\BOOKMARK [3][-]{subsubsection.4.1.2.2}{\376\377\000C\000l\000a\000s\000s\000D\000e\000t\000a\000i\000l}{subsection.4.1.2}% 12
\BOOKMARK [2][-]{subsection.4.1.3}{\376\377\000M\000e\000m\000b\000e\000r\000\040\000F\000u\000n\000c\000t\000i\000o\000n\000\040\000D\000o\000c\000u\000m\000e\000n\000t\000a\000t\000i\000o\000n}{section.4.1}% 13
\BOOKMARK [3][-]{subsubsection.4.1.3.1}{\376\377\000A\000n\000c\000h\000o\000r}{subsection.4.1.3}% 14
\BOOKMARK [3][-]{subsubsection.4.1.3.2}{\376\377\000B\000o\000d\000y\000E\000n\000d}{subsection.4.1.3}% 15
\BOOKMARK [3][-]{subsubsection.4.1.3.3}{\376\377\000B\000o\000d\000y\000S\000t\000a\000r\000t}{subsection.4.1.3}% 16
\BOOKMARK [3][-]{subsubsection.4.1.3.4}{\376\377\000B\000u\000t\000t\000o\000n}{subsection.4.1.3}% 17
\BOOKMARK [3][-]{subsubsection.4.1.3.5}{\376\377\000C\000l\000a\000s\000s\000I\000n\000f\000o\000P\000a\000g\000e}{subsection.4.1.3}% 18
\BOOKMARK [3][-]{subsubsection.4.1.3.6}{\376\377\000C\000o\000n\000t\000e\000x\000t\000T\000y\000p\000e}{subsection.4.1.3}% 19
\BOOKMARK [3][-]{subsubsection.4.1.3.7}{\376\377\000C\000S\000S}{subsection.4.1.3}% 20
\BOOKMARK [3][-]{subsubsection.4.1.3.8}{\376\377\000D\000i\000v\000E\000n\000d}{subsection.4.1.3}% 21
\BOOKMARK [3][-]{subsubsection.4.1.3.9}{\376\377\000D\000i\000v\000S\000t\000a\000r\000t}{subsection.4.1.3}% 22
\BOOKMARK [3][-]{subsubsection.4.1.3.10}{\376\377\000F\000o\000o\000t\000e\000r}{subsection.4.1.3}% 23
\BOOKMARK [3][-]{subsubsection.4.1.3.11}{\376\377\000F\000o\000r\000m\000E\000n\000d}{subsection.4.1.3}% 24
\BOOKMARK [3][-]{subsubsection.4.1.3.12}{\376\377\000F\000o\000r\000m\000S\000t\000a\000r\000t}{subsection.4.1.3}% 25
\BOOKMARK [3][-]{subsubsection.4.1.3.13}{\376\377\000H\000e\000a\000d}{subsection.4.1.3}% 26
\BOOKMARK [3][-]{subsubsection.4.1.3.14}{\376\377\000H\000e\000a\000d\000E\000n\000d}{subsection.4.1.3}% 27
\BOOKMARK [3][-]{subsubsection.4.1.3.15}{\376\377\000H\000e\000a\000d\000e\000r}{subsection.4.1.3}% 28
\BOOKMARK [3][-]{subsubsection.4.1.3.16}{\376\377\000H\000e\000a\000d\000e\000r}{subsection.4.1.3}% 29
\BOOKMARK [3][-]{subsubsection.4.1.3.17}{\376\377\000H\000e\000a\000d\000S\000t\000a\000r\000t}{subsection.4.1.3}% 30
\BOOKMARK [3][-]{subsubsection.4.1.3.18}{\376\377\000H\000T\000M\000L\000E\000n\000d}{subsection.4.1.3}% 31
\BOOKMARK [3][-]{subsubsection.4.1.3.19}{\376\377\000H\000T\000M\000L\000S\000t\000a\000r\000t}{subsection.4.1.3}% 32
\BOOKMARK [3][-]{subsubsection.4.1.3.20}{\376\377\000I\000n\000p\000u\000t\000F\000i\000e\000l\000d}{subsection.4.1.3}% 33
\BOOKMARK [3][-]{subsubsection.4.1.3.21}{\376\377\000I\000n\000p\000u\000t\000F\000i\000e\000l\000d}{subsection.4.1.3}% 34
\BOOKMARK [3][-]{subsubsection.4.1.3.22}{\376\377\000I\000n\000t\000T\000o\000S\000t\000r\000i\000n\000g}{subsection.4.1.3}% 35
\BOOKMARK [3][-]{subsubsection.4.1.3.23}{\376\377\000J\000a\000v\000a\000s\000c\000r\000i\000p\000t}{subsection.4.1.3}% 36
\BOOKMARK [3][-]{subsubsection.4.1.3.24}{\376\377\000L\000a\000b\000e\000l}{subsection.4.1.3}% 37
\BOOKMARK [3][-]{subsubsection.4.1.3.25}{\376\377\000L\000i\000s\000t\000E\000n\000d}{subsection.4.1.3}% 38
\BOOKMARK [3][-]{subsubsection.4.1.3.26}{\376\377\000L\000i\000s\000t\000I\000t\000e\000m}{subsection.4.1.3}% 39
\BOOKMARK [3][-]{subsubsection.4.1.3.27}{\376\377\000L\000i\000s\000t\000S\000t\000a\000r\000t}{subsection.4.1.3}% 40
\BOOKMARK [3][-]{subsubsection.4.1.3.28}{\376\377\000L\000o\000g\000o}{subsection.4.1.3}% 41
\BOOKMARK [3][-]{subsubsection.4.1.3.29}{\376\377\000L\000o\000g\000o\000u\000t\000L\000i\000n\000k}{subsection.4.1.3}% 42
\BOOKMARK [3][-]{subsubsection.4.1.3.30}{\376\377\000M\000e\000n\000u}{subsection.4.1.3}% 43
\BOOKMARK [3][-]{subsubsection.4.1.3.31}{\376\377\000P\000r\000o\000j\000e\000c\000t\000D\000e\000t\000a\000i\000l}{subsection.4.1.3}% 44
\BOOKMARK [3][-]{subsubsection.4.1.3.32}{\376\377\000S\000e\000l\000e\000c\000t\000F\000i\000e\000l\000d\000E\000n\000d}{subsection.4.1.3}% 45
\BOOKMARK [3][-]{subsubsection.4.1.3.33}{\376\377\000S\000e\000l\000e\000c\000t\000F\000i\000e\000l\000d\000S\000t\000a\000r\000t}{subsection.4.1.3}% 46
\BOOKMARK [3][-]{subsubsection.4.1.3.34}{\376\377\000S\000e\000l\000e\000c\000t\000O\000p\000t\000i\000o\000n\000E\000n\000d}{subsection.4.1.3}% 47
\BOOKMARK [3][-]{subsubsection.4.1.3.35}{\376\377\000S\000e\000l\000e\000c\000t\000O\000p\000t\000i\000o\000n\000S\000t\000a\000r\000t}{subsection.4.1.3}% 48
\BOOKMARK [3][-]{subsubsection.4.1.3.36}{\376\377\000S\000e\000t\000C\000o\000o\000k\000i\000e\000s}{subsection.4.1.3}% 49
\BOOKMARK [3][-]{subsubsection.4.1.3.37}{\376\377\000S\000e\000t\000H\000T\000M\000L\000V\000a\000r\000i\000a\000b\000l\000e\000s}{subsection.4.1.3}% 50
\BOOKMARK [3][-]{subsubsection.4.1.3.38}{\376\377\000S\000t\000r\000i\000n\000g\000T\000o\000I\000n\000t}{subsection.4.1.3}% 51
\BOOKMARK [3][-]{subsubsection.4.1.3.39}{\376\377\000T\000a\000b\000l\000e\000E\000n\000d}{subsection.4.1.3}% 52
\BOOKMARK [3][-]{subsubsection.4.1.3.40}{\376\377\000T\000a\000b\000l\000e\000S\000t\000a\000r\000t}{subsection.4.1.3}% 53
\BOOKMARK [3][-]{subsubsection.4.1.3.41}{\376\377\000T\000i\000t\000l\000e}{subsection.4.1.3}% 54
\BOOKMARK [3][-]{subsubsection.4.1.3.42}{\376\377\000T\000o\000t\000a\000l\000C\000l\000a\000s\000s\000e\000s}{subsection.4.1.3}% 55
\BOOKMARK [3][-]{subsubsection.4.1.3.43}{\376\377\000T\000o\000t\000a\000l\000C\000l\000a\000s\000s\000e\000s\000P\000a\000g\000e}{subsection.4.1.3}% 56
\BOOKMARK [2][-]{subsection.4.1.4}{\376\377\000M\000e\000m\000b\000e\000r\000\040\000D\000a\000t\000a\000\040\000D\000o\000c\000u\000m\000e\000n\000t\000a\000t\000i\000o\000n}{section.4.1}% 57
\BOOKMARK [3][-]{subsubsection.4.1.4.1}{\376\377\000e\000m\000a\000i\000l\000I\000D}{subsection.4.1.4}% 58
\BOOKMARK [3][-]{subsubsection.4.1.4.2}{\376\377\000f\000i\000e\000l\000d\000N\000a\000m\000e}{subsection.4.1.4}% 59
\BOOKMARK [3][-]{subsubsection.4.1.4.3}{\376\377\000p\000r\000o\000j\000e\000c\000t\000I\000D}{subsection.4.1.4}% 60
\BOOKMARK [3][-]{subsubsection.4.1.4.4}{\376\377\000p\000r\000o\000j\000e\000c\000t\000N\000a\000m\000e}{subsection.4.1.4}% 61
\BOOKMARK [3][-]{subsubsection.4.1.4.5}{\376\377\000s\000e\000s\000s\000i\000o\000n\000I\000D}{subsection.4.1.4}% 62
\BOOKMARK [3][-]{subsubsection.4.1.4.6}{\376\377\000s\000t\000a\000r\000t\000H\0001}{subsection.4.1.4}% 63
\BOOKMARK [3][-]{subsubsection.4.1.4.7}{\376\377\000t\000o\000t\000a\000l\000C\000l\000a\000s\000s\000e\000s}{subsection.4.1.4}% 64
\BOOKMARK [1][-]{section.4.2}{\376\377\000D\000a\000t\000a\000b\000a\000s\000e\000\040\000C\000l\000a\000s\000s\000\040\000R\000e\000f\000e\000r\000e\000n\000c\000e}{chapter.4}% 65
\BOOKMARK [2][-]{subsection.4.2.1}{\376\377\000D\000e\000t\000a\000i\000l\000e\000d\000\040\000D\000e\000s\000c\000r\000i\000p\000t\000i\000o\000n}{section.4.2}% 66
\BOOKMARK [2][-]{subsection.4.2.2}{\376\377\000C\000o\000n\000s\000t\000r\000u\000c\000t\000o\000r\000\040\000\046\000\040\000D\000e\000s\000t\000r\000u\000c\000t\000o\000r\000\040\000D\000o\000c\000u\000m\000e\000n\000t\000a\000t\000i\000o\000n}{section.4.2}% 67
\BOOKMARK [3][-]{subsubsection.4.2.2.1}{\376\377\000D\000a\000t\000a\000b\000a\000s\000e}{subsection.4.2.2}% 68
\BOOKMARK [3][-]{subsubsection.4.2.2.2}{\376\377\000D\000a\000t\000a\000b\000a\000s\000e}{subsection.4.2.2}% 69
\BOOKMARK [2][-]{subsection.4.2.3}{\376\377\000M\000e\000m\000b\000e\000r\000\040\000F\000u\000n\000c\000t\000i\000o\000n\000\040\000D\000o\000c\000u\000m\000e\000n\000t\000a\000t\000i\000o\000n}{section.4.2}% 70
\BOOKMARK [3][-]{subsubsection.4.2.3.1}{\376\377\000I\000n\000s\000e\000r\000t\000C\000l\000a\000s\000s\000D\000e\000t\000a\000i\000l}{subsection.4.2.3}% 71
\BOOKMARK [3][-]{subsubsection.4.2.3.2}{\376\377\000I\000n\000s\000e\000r\000t\000E\000x\000a\000m\000D\000e\000t\000a\000i\000l}{subsection.4.2.3}% 72
\BOOKMARK [3][-]{subsubsection.4.2.3.3}{\376\377\000I\000n\000s\000e\000r\000t\000P\000r\000o\000j\000e\000c\000t\000N\000a\000m\000e}{subsection.4.2.3}% 73
\BOOKMARK [3][-]{subsubsection.4.2.3.4}{\376\377\000I\000n\000s\000e\000r\000t\000Q\000u\000e\000r\000y}{subsection.4.2.3}% 74
\BOOKMARK [3][-]{subsubsection.4.2.3.5}{\376\377\000I\000n\000s\000e\000r\000t\000Q\000u\000e\000r\000y}{subsection.4.2.3}% 75
\BOOKMARK [3][-]{subsubsection.4.2.3.6}{\376\377\000I\000n\000s\000e\000r\000t\000R\000o\000l\000l\000N\000o\000D\000e\000t\000a\000i\000l}{subsection.4.2.3}% 76
\BOOKMARK [3][-]{subsubsection.4.2.3.7}{\376\377\000I\000n\000s\000e\000r\000t\000R\000o\000o\000m\000D\000e\000t\000a\000i\000l}{subsection.4.2.3}% 77
\BOOKMARK [3][-]{subsubsection.4.2.3.8}{\376\377\000I\000n\000s\000e\000r\000t\000S\000e\000s\000s\000i\000o\000n}{subsection.4.2.3}% 78
\BOOKMARK [3][-]{subsubsection.4.2.3.9}{\376\377\000I\000n\000s\000e\000r\000t\000S\000t\000r\000a\000t\000e\000g\000y}{subsection.4.2.3}% 79
\BOOKMARK [3][-]{subsubsection.4.2.3.10}{\376\377\000I\000n\000s\000e\000r\000t\000T\000o\000t\000a\000l\000C\000e\000n\000t\000r\000e\000s}{subsection.4.2.3}% 80
\BOOKMARK [3][-]{subsubsection.4.2.3.11}{\376\377\000I\000n\000s\000e\000r\000t\000T\000o\000t\000a\000l\000C\000l\000a\000s\000s\000e\000s}{subsection.4.2.3}% 81
\BOOKMARK [3][-]{subsubsection.4.2.3.12}{\376\377\000I\000n\000s\000e\000r\000t\000T\000o\000t\000a\000l\000R\000o\000o\000m\000s}{subsection.4.2.3}% 82
\BOOKMARK [3][-]{subsubsection.4.2.3.13}{\376\377\000I\000n\000s\000e\000r\000t\000U\000s\000e\000r}{subsection.4.2.3}% 83
\BOOKMARK [3][-]{subsubsection.4.2.3.14}{\376\377\000S\000e\000l\000e\000c\000t}{subsection.4.2.3}% 84
\BOOKMARK [3][-]{subsubsection.4.2.3.15}{\376\377\000S\000e\000l\000e\000c\000t\000C\000o\000l\000u\000m\000n}{subsection.4.2.3}% 85
\BOOKMARK [3][-]{subsubsection.4.2.3.16}{\376\377\000S\000e\000l\000e\000c\000t\000P\000r\000o\000j\000e\000c\000t\000I\000D}{subsection.4.2.3}% 86
\BOOKMARK [3][-]{subsubsection.4.2.3.17}{\376\377\000S\000e\000l\000e\000c\000t\000Q\000u\000e\000r\000y}{subsection.4.2.3}% 87
\BOOKMARK [3][-]{subsubsection.4.2.3.18}{\376\377\000S\000e\000l\000e\000c\000t\000Q\000u\000e\000r\000y}{subsection.4.2.3}% 88
\BOOKMARK [3][-]{subsubsection.4.2.3.19}{\376\377\000S\000e\000l\000e\000c\000t\000S\000u\000m}{subsection.4.2.3}% 89
\BOOKMARK [2][-]{subsection.4.2.4}{\376\377\000M\000e\000m\000b\000e\000r\000\040\000D\000a\000t\000a\000\040\000D\000o\000c\000u\000m\000e\000n\000t\000a\000t\000i\000o\000n}{section.4.2}% 90
\BOOKMARK [3][-]{subsubsection.4.2.4.1}{\376\377\000c\000o\000n\000n\000e\000c\000t}{subsection.4.2.4}% 91
\BOOKMARK [3][-]{subsubsection.4.2.4.2}{\376\377\000n\000u\000m\000r\000o\000w\000s}{subsection.4.2.4}% 92
\BOOKMARK [3][-]{subsubsection.4.2.4.3}{\376\377\000t\000L\000o\000g\000i\000n}{subsection.4.2.4}% 93
\BOOKMARK [1][-]{section.4.3}{\376\377\000I\000n\000p\000u\000t\000D\000e\000t\000a\000i\000l\000\040\000C\000l\000a\000s\000s\000\040\000R\000e\000f\000e\000r\000e\000n\000c\000e}{chapter.4}% 94
\BOOKMARK [2][-]{subsection.4.3.1}{\376\377\000D\000e\000t\000a\000i\000l\000e\000d\000\040\000D\000e\000s\000c\000r\000i\000p\000t\000i\000o\000n}{section.4.3}% 95
\BOOKMARK [2][-]{subsection.4.3.2}{\376\377\000C\000o\000n\000s\000t\000r\000u\000c\000t\000o\000r\000\040\000\046\000\040\000D\000e\000s\000t\000r\000u\000c\000t\000o\000r\000\040\000D\000o\000c\000u\000m\000e\000n\000t\000a\000t\000i\000o\000n}{section.4.3}% 96
\BOOKMARK [3][-]{subsubsection.4.3.2.1}{\376\377\000I\000n\000p\000u\000t\000D\000e\000t\000a\000i\000l}{subsection.4.3.2}% 97
\BOOKMARK [2][-]{subsection.4.3.3}{\376\377\000M\000e\000m\000b\000e\000r\000\040\000F\000u\000n\000c\000t\000i\000o\000n\000\040\000D\000o\000c\000u\000m\000e\000n\000t\000a\000t\000i\000o\000n}{section.4.3}% 98
\BOOKMARK [3][-]{subsubsection.4.3.3.1}{\376\377\000A\000n\000c\000h\000o\000r}{subsection.4.3.3}% 99
\BOOKMARK [3][-]{subsubsection.4.3.3.2}{\376\377\000B\000o\000d\000y\000E\000n\000d}{subsection.4.3.3}% 100
\BOOKMARK [3][-]{subsubsection.4.3.3.3}{\376\377\000B\000o\000d\000y\000S\000t\000a\000r\000t}{subsection.4.3.3}% 101
\BOOKMARK [3][-]{subsubsection.4.3.3.4}{\376\377\000B\000u\000t\000t\000o\000n}{subsection.4.3.3}% 102
\BOOKMARK [3][-]{subsubsection.4.3.3.5}{\376\377\000C\000o\000n\000t\000e\000x\000t\000T\000y\000p\000e}{subsection.4.3.3}% 103
\BOOKMARK [3][-]{subsubsection.4.3.3.6}{\376\377\000C\000S\000S}{subsection.4.3.3}% 104
\BOOKMARK [3][-]{subsubsection.4.3.3.7}{\376\377\000D\000i\000v\000E\000n\000d}{subsection.4.3.3}% 105
\BOOKMARK [3][-]{subsubsection.4.3.3.8}{\376\377\000D\000i\000v\000S\000t\000a\000r\000t}{subsection.4.3.3}% 106
\BOOKMARK [3][-]{subsubsection.4.3.3.9}{\376\377\000F\000o\000o\000t\000e\000r}{subsection.4.3.3}% 107
\BOOKMARK [3][-]{subsubsection.4.3.3.10}{\376\377\000F\000o\000r\000m\000E\000n\000d}{subsection.4.3.3}% 108
\BOOKMARK [3][-]{subsubsection.4.3.3.11}{\376\377\000F\000o\000r\000m\000S\000t\000a\000r\000t}{subsection.4.3.3}% 109
\BOOKMARK [3][-]{subsubsection.4.3.3.12}{\376\377\000H\000e\000a\000d}{subsection.4.3.3}% 110
\BOOKMARK [3][-]{subsubsection.4.3.3.13}{\376\377\000H\000e\000a\000d\000E\000n\000d}{subsection.4.3.3}% 111
\BOOKMARK [3][-]{subsubsection.4.3.3.14}{\376\377\000H\000e\000a\000d\000e\000r}{subsection.4.3.3}% 112
\BOOKMARK [3][-]{subsubsection.4.3.3.15}{\376\377\000H\000e\000a\000d\000e\000r}{subsection.4.3.3}% 113
\BOOKMARK [3][-]{subsubsection.4.3.3.16}{\376\377\000H\000e\000a\000d\000S\000t\000a\000r\000t}{subsection.4.3.3}% 114
\BOOKMARK [3][-]{subsubsection.4.3.3.17}{\376\377\000H\000T\000M\000L\000E\000n\000d}{subsection.4.3.3}% 115
\BOOKMARK [3][-]{subsubsection.4.3.3.18}{\376\377\000H\000T\000M\000L\000S\000t\000a\000r\000t}{subsection.4.3.3}% 116
\BOOKMARK [3][-]{subsubsection.4.3.3.19}{\376\377\000I\000n\000p\000u\000t\000F\000i\000e\000l\000d}{subsection.4.3.3}% 117
\BOOKMARK [3][-]{subsubsection.4.3.3.20}{\376\377\000I\000n\000p\000u\000t\000F\000i\000e\000l\000d}{subsection.4.3.3}% 118
\BOOKMARK [3][-]{subsubsection.4.3.3.21}{\376\377\000I\000n\000t\000T\000o\000S\000t\000r\000i\000n\000g}{subsection.4.3.3}% 119
\BOOKMARK [3][-]{subsubsection.4.3.3.22}{\376\377\000J\000a\000v\000a\000s\000c\000r\000i\000p\000t}{subsection.4.3.3}% 120
\BOOKMARK [3][-]{subsubsection.4.3.3.23}{\376\377\000L\000a\000b\000e\000l}{subsection.4.3.3}% 121
\BOOKMARK [3][-]{subsubsection.4.3.3.24}{\376\377\000L\000i\000s\000t\000E\000n\000d}{subsection.4.3.3}% 122
\BOOKMARK [3][-]{subsubsection.4.3.3.25}{\376\377\000L\000i\000s\000t\000I\000t\000e\000m}{subsection.4.3.3}% 123
\BOOKMARK [3][-]{subsubsection.4.3.3.26}{\376\377\000L\000i\000s\000t\000S\000t\000a\000r\000t}{subsection.4.3.3}% 124
\BOOKMARK [3][-]{subsubsection.4.3.3.27}{\376\377\000L\000o\000g\000o}{subsection.4.3.3}% 125
\BOOKMARK [3][-]{subsubsection.4.3.3.28}{\376\377\000L\000o\000g\000o\000u\000t\000L\000i\000n\000k}{subsection.4.3.3}% 126
\BOOKMARK [3][-]{subsubsection.4.3.3.29}{\376\377\000M\000e\000n\000u}{subsection.4.3.3}% 127
\BOOKMARK [3][-]{subsubsection.4.3.3.30}{\376\377\000S\000e\000l\000e\000c\000t\000F\000i\000e\000l\000d\000E\000n\000d}{subsection.4.3.3}% 128
\BOOKMARK [3][-]{subsubsection.4.3.3.31}{\376\377\000S\000e\000l\000e\000c\000t\000F\000i\000e\000l\000d\000S\000t\000a\000r\000t}{subsection.4.3.3}% 129
\BOOKMARK [3][-]{subsubsection.4.3.3.32}{\376\377\000S\000e\000l\000e\000c\000t\000O\000p\000t\000i\000o\000n\000E\000n\000d}{subsection.4.3.3}% 130
\BOOKMARK [3][-]{subsubsection.4.3.3.33}{\376\377\000S\000e\000l\000e\000c\000t\000O\000p\000t\000i\000o\000n\000S\000t\000a\000r\000t}{subsection.4.3.3}% 131
\BOOKMARK [3][-]{subsubsection.4.3.3.34}{\376\377\000S\000e\000t\000C\000o\000o\000k\000i\000e\000s}{subsection.4.3.3}% 132
\BOOKMARK [3][-]{subsubsection.4.3.3.35}{\376\377\000S\000e\000t\000H\000T\000M\000L\000V\000a\000r\000i\000a\000b\000l\000e\000s}{subsection.4.3.3}% 133
\BOOKMARK [3][-]{subsubsection.4.3.3.36}{\376\377\000S\000t\000r\000i\000n\000g\000T\000o\000I\000n\000t}{subsection.4.3.3}% 134
\BOOKMARK [3][-]{subsubsection.4.3.3.37}{\376\377\000T\000a\000b\000l\000e\000E\000n\000d}{subsection.4.3.3}% 135
\BOOKMARK [3][-]{subsubsection.4.3.3.38}{\376\377\000T\000a\000b\000l\000e\000S\000t\000a\000r\000t}{subsection.4.3.3}% 136
\BOOKMARK [3][-]{subsubsection.4.3.3.39}{\376\377\000T\000i\000t\000l\000e}{subsection.4.3.3}% 137
\BOOKMARK [2][-]{subsection.4.3.4}{\376\377\000M\000e\000m\000b\000e\000r\000\040\000D\000a\000t\000a\000\040\000D\000o\000c\000u\000m\000e\000n\000t\000a\000t\000i\000o\000n}{section.4.3}% 138
\BOOKMARK [3][-]{subsubsection.4.3.4.1}{\376\377\000e\000m\000a\000i\000l\000I\000D}{subsection.4.3.4}% 139
\BOOKMARK [3][-]{subsubsection.4.3.4.2}{\376\377\000f\000i\000e\000l\000d\000N\000a\000m\000e}{subsection.4.3.4}% 140
\BOOKMARK [3][-]{subsubsection.4.3.4.3}{\376\377\000p\000r\000o\000j\000e\000c\000t\000I\000D}{subsection.4.3.4}% 141
\BOOKMARK [3][-]{subsubsection.4.3.4.4}{\376\377\000p\000r\000o\000j\000e\000c\000t\000N\000a\000m\000e}{subsection.4.3.4}% 142
\BOOKMARK [3][-]{subsubsection.4.3.4.5}{\376\377\000s\000e\000s\000s\000i\000o\000n\000I\000D}{subsection.4.3.4}% 143
\BOOKMARK [3][-]{subsubsection.4.3.4.6}{\376\377\000s\000t\000a\000r\000t\000H\0001}{subsection.4.3.4}% 144
\BOOKMARK [1][-]{section.4.4}{\376\377\000I\000n\000p\000u\000t\000F\000i\000e\000l\000d\000N\000a\000m\000e\000\040\000C\000l\000a\000s\000s\000\040\000R\000e\000f\000e\000r\000e\000n\000c\000e}{chapter.4}% 145
\BOOKMARK [2][-]{subsection.4.4.1}{\376\377\000D\000e\000t\000a\000i\000l\000e\000d\000\040\000D\000e\000s\000c\000r\000i\000p\000t\000i\000o\000n}{section.4.4}% 146
\BOOKMARK [2][-]{subsection.4.4.2}{\376\377\000C\000o\000n\000s\000t\000r\000u\000c\000t\000o\000r\000\040\000\046\000\040\000D\000e\000s\000t\000r\000u\000c\000t\000o\000r\000\040\000D\000o\000c\000u\000m\000e\000n\000t\000a\000t\000i\000o\000n}{section.4.4}% 147
\BOOKMARK [3][-]{subsubsection.4.4.2.1}{\376\377\000I\000n\000p\000u\000t\000F\000i\000e\000l\000d\000N\000a\000m\000e}{subsection.4.4.2}% 148
\BOOKMARK [2][-]{subsection.4.4.3}{\376\377\000M\000e\000m\000b\000e\000r\000\040\000F\000u\000n\000c\000t\000i\000o\000n\000\040\000D\000o\000c\000u\000m\000e\000n\000t\000a\000t\000i\000o\000n}{section.4.4}% 149
\BOOKMARK [3][-]{subsubsection.4.4.3.1}{\376\377\000S\000e\000t\000F\000i\000e\000l\000d\000N\000a\000m\000e\000s}{subsection.4.4.3}% 150
\BOOKMARK [2][-]{subsection.4.4.4}{\376\377\000M\000e\000m\000b\000e\000r\000\040\000D\000a\000t\000a\000\040\000D\000o\000c\000u\000m\000e\000n\000t\000a\000t\000i\000o\000n}{section.4.4}% 151
\BOOKMARK [3][-]{subsubsection.4.4.4.1}{\376\377\000c\000e\000n\000t\000r\000e\000N\000a\000m\000e}{subsection.4.4.4}% 152
\BOOKMARK [3][-]{subsubsection.4.4.4.2}{\376\377\000c\000l\000a\000s\000s\000N\000a\000m\000e}{subsection.4.4.4}% 153
\BOOKMARK [3][-]{subsubsection.4.4.4.3}{\376\377\000c\000o\000l\000u\000m\000n\000s}{subsection.4.4.4}% 154
\BOOKMARK [3][-]{subsubsection.4.4.4.4}{\376\377\000e\000m\000a\000i\000l\000I\000D}{subsection.4.4.4}% 155
\BOOKMARK [3][-]{subsubsection.4.4.4.5}{\376\377\000e\000n\000d\000R\000o\000l\000l\000N\000o}{subsection.4.4.4}% 156
\BOOKMARK [3][-]{subsubsection.4.4.4.6}{\376\377\000e\000x\000a\000m\000D\000a\000t\000e}{subsection.4.4.4}% 157
\BOOKMARK [3][-]{subsubsection.4.4.4.7}{\376\377\000e\000x\000a\000m\000N\000a\000m\000e}{subsection.4.4.4}% 158
\BOOKMARK [3][-]{subsubsection.4.4.4.8}{\376\377\000e\000x\000a\000m\000T\000i\000m\000e}{subsection.4.4.4}% 159
\BOOKMARK [3][-]{subsubsection.4.4.4.9}{\376\377\000e\000x\000a\000m\000V\000e\000n\000u\000e}{subsection.4.4.4}% 160
\BOOKMARK [3][-]{subsubsection.4.4.4.10}{\376\377\000n\000o\000t\000I\000n\000c\000l\000u\000d\000e\000d}{subsection.4.4.4}% 161
\BOOKMARK [3][-]{subsubsection.4.4.4.11}{\376\377\000p\000a\000s\000s\000w\000o\000r\000d}{subsection.4.4.4}% 162
\BOOKMARK [3][-]{subsubsection.4.4.4.12}{\376\377\000p\000r\000e\000f\000i\000x}{subsection.4.4.4}% 163
\BOOKMARK [3][-]{subsubsection.4.4.4.13}{\376\377\000p\000r\000o\000j\000e\000c\000t\000I\000D}{subsection.4.4.4}% 164
\BOOKMARK [3][-]{subsubsection.4.4.4.14}{\376\377\000p\000r\000o\000j\000e\000c\000t\000N\000a\000m\000e}{subsection.4.4.4}% 165
\BOOKMARK [3][-]{subsubsection.4.4.4.15}{\376\377\000r\000e\000t\000y\000p\000e\000P\000a\000s\000s\000w\000o\000r\000d}{subsection.4.4.4}% 166
\BOOKMARK [3][-]{subsubsection.4.4.4.16}{\376\377\000r\000o\000o\000m\000N\000o}{subsection.4.4.4}% 167
\BOOKMARK [3][-]{subsubsection.4.4.4.17}{\376\377\000r\000o\000w\000s}{subsection.4.4.4}% 168
\BOOKMARK [3][-]{subsubsection.4.4.4.18}{\376\377\000s\000t\000a\000r\000t\000R\000o\000l\000l\000N\000o}{subsection.4.4.4}% 169
\BOOKMARK [3][-]{subsubsection.4.4.4.19}{\376\377\000s\000t\000r\000a\000t\000e\000g\000y\000C\000h\000o\000i\000c\000e}{subsection.4.4.4}% 170
\BOOKMARK [3][-]{subsubsection.4.4.4.20}{\376\377\000s\000u\000b\000j\000e\000c\000t\000C\000o\000d\000e}{subsection.4.4.4}% 171
\BOOKMARK [3][-]{subsubsection.4.4.4.21}{\376\377\000s\000u\000b\000j\000e\000c\000t\000N\000a\000m\000e}{subsection.4.4.4}% 172
\BOOKMARK [3][-]{subsubsection.4.4.4.22}{\376\377\000t\000o\000t\000a\000l\000C\000e\000n\000t\000r\000e\000s}{subsection.4.4.4}% 173
\BOOKMARK [3][-]{subsubsection.4.4.4.23}{\376\377\000t\000o\000t\000a\000l\000C\000l\000a\000s\000s\000e\000s}{subsection.4.4.4}% 174
\BOOKMARK [3][-]{subsubsection.4.4.4.24}{\376\377\000t\000o\000t\000a\000l\000R\000o\000o\000m\000s}{subsection.4.4.4}% 175
\BOOKMARK [3][-]{subsubsection.4.4.4.25}{\376\377\000t\000o\000t\000a\000l\000S\000u\000b\000j\000e\000c\000t\000s}{subsection.4.4.4}% 176
\BOOKMARK [1][-]{section.4.5}{\376\377\000J\000a\000v\000a\000S\000c\000r\000i\000p\000t\000\040\000C\000l\000a\000s\000s\000\040\000R\000e\000f\000e\000r\000e\000n\000c\000e}{chapter.4}% 177
\BOOKMARK [2][-]{subsection.4.5.1}{\376\377\000D\000e\000t\000a\000i\000l\000e\000d\000\040\000D\000e\000s\000c\000r\000i\000p\000t\000i\000o\000n}{section.4.5}% 178
\BOOKMARK [2][-]{subsection.4.5.2}{\376\377\000C\000o\000n\000s\000t\000r\000u\000c\000t\000o\000r\000\040\000\046\000\040\000D\000e\000s\000t\000r\000u\000c\000t\000o\000r\000\040\000D\000o\000c\000u\000m\000e\000n\000t\000a\000t\000i\000o\000n}{section.4.5}% 179
\BOOKMARK [3][-]{subsubsection.4.5.2.1}{\376\377\000J\000a\000v\000a\000S\000c\000r\000i\000p\000t}{subsection.4.5.2}% 180
\BOOKMARK [2][-]{subsection.4.5.3}{\376\377\000M\000e\000m\000b\000e\000r\000\040\000F\000u\000n\000c\000t\000i\000o\000n\000\040\000D\000o\000c\000u\000m\000e\000n\000t\000a\000t\000i\000o\000n}{section.4.5}% 181
\BOOKMARK [3][-]{subsubsection.4.5.3.1}{\376\377\000O\000n\000C\000h\000a\000n\000g\000e\000E\000v\000e\000n\000t}{subsection.4.5.3}% 182
\BOOKMARK [3][-]{subsubsection.4.5.3.2}{\376\377\000O\000n\000F\000o\000c\000u\000s\000E\000v\000e\000n\000t}{subsection.4.5.3}% 183
\BOOKMARK [1][-]{section.4.6}{\376\377\000L\000o\000g\000i\000n\000\040\000C\000l\000a\000s\000s\000\040\000R\000e\000f\000e\000r\000e\000n\000c\000e}{chapter.4}% 184
\BOOKMARK [2][-]{subsection.4.6.1}{\376\377\000D\000e\000t\000a\000i\000l\000e\000d\000\040\000D\000e\000s\000c\000r\000i\000p\000t\000i\000o\000n}{section.4.6}% 185
\BOOKMARK [2][-]{subsection.4.6.2}{\376\377\000C\000o\000n\000s\000t\000r\000u\000c\000t\000o\000r\000\040\000\046\000\040\000D\000e\000s\000t\000r\000u\000c\000t\000o\000r\000\040\000D\000o\000c\000u\000m\000e\000n\000t\000a\000t\000i\000o\000n}{section.4.6}% 186
\BOOKMARK [3][-]{subsubsection.4.6.2.1}{\376\377\000L\000o\000g\000i\000n}{subsection.4.6.2}% 187
\BOOKMARK [3][-]{subsubsection.4.6.2.2}{\376\377\000L\000o\000g\000i\000n}{subsection.4.6.2}% 188
\BOOKMARK [2][-]{subsection.4.6.3}{\376\377\000M\000e\000m\000b\000e\000r\000\040\000F\000u\000n\000c\000t\000i\000o\000n\000\040\000D\000o\000c\000u\000m\000e\000n\000t\000a\000t\000i\000o\000n}{section.4.6}% 189
\BOOKMARK [3][-]{subsubsection.4.6.3.1}{\376\377\000A\000d\000d\000N\000e\000w\000U\000s\000e\000r}{subsection.4.6.3}% 190
\BOOKMARK [3][-]{subsubsection.4.6.3.2}{\376\377\000A\000l\000r\000e\000a\000d\000y\000L\000o\000g\000g\000e\000d\000I\000n}{subsection.4.6.3}% 191
\BOOKMARK [3][-]{subsubsection.4.6.3.3}{\376\377\000A\000n\000c\000h\000o\000r}{subsection.4.6.3}% 192
\BOOKMARK [3][-]{subsubsection.4.6.3.4}{\376\377\000B\000o\000d\000y\000E\000n\000d}{subsection.4.6.3}% 193
\BOOKMARK [3][-]{subsubsection.4.6.3.5}{\376\377\000B\000o\000d\000y\000S\000t\000a\000r\000t}{subsection.4.6.3}% 194
\BOOKMARK [3][-]{subsubsection.4.6.3.6}{\376\377\000B\000u\000t\000t\000o\000n}{subsection.4.6.3}% 195
\BOOKMARK [3][-]{subsubsection.4.6.3.7}{\376\377\000C\000o\000n\000t\000e\000x\000t\000T\000y\000p\000e}{subsection.4.6.3}% 196
\BOOKMARK [3][-]{subsubsection.4.6.3.8}{\376\377\000C\000S\000S}{subsection.4.6.3}% 197
\BOOKMARK [3][-]{subsubsection.4.6.3.9}{\376\377\000D\000i\000v\000E\000n\000d}{subsection.4.6.3}% 198
\BOOKMARK [3][-]{subsubsection.4.6.3.10}{\376\377\000D\000i\000v\000S\000t\000a\000r\000t}{subsection.4.6.3}% 199
\BOOKMARK [3][-]{subsubsection.4.6.3.11}{\376\377\000F\000o\000o\000t\000e\000r}{subsection.4.6.3}% 200
\BOOKMARK [3][-]{subsubsection.4.6.3.12}{\376\377\000F\000o\000r\000m\000E\000n\000d}{subsection.4.6.3}% 201
\BOOKMARK [3][-]{subsubsection.4.6.3.13}{\376\377\000F\000o\000r\000m\000S\000t\000a\000r\000t}{subsection.4.6.3}% 202
\BOOKMARK [3][-]{subsubsection.4.6.3.14}{\376\377\000H\000e\000a\000d}{subsection.4.6.3}% 203
\BOOKMARK [3][-]{subsubsection.4.6.3.15}{\376\377\000H\000e\000a\000d\000E\000n\000d}{subsection.4.6.3}% 204
\BOOKMARK [3][-]{subsubsection.4.6.3.16}{\376\377\000H\000e\000a\000d\000e\000r}{subsection.4.6.3}% 205
\BOOKMARK [3][-]{subsubsection.4.6.3.17}{\376\377\000H\000e\000a\000d\000e\000r}{subsection.4.6.3}% 206
\BOOKMARK [3][-]{subsubsection.4.6.3.18}{\376\377\000H\000e\000a\000d\000S\000t\000a\000r\000t}{subsection.4.6.3}% 207
\BOOKMARK [3][-]{subsubsection.4.6.3.19}{\376\377\000H\000T\000M\000L\000E\000n\000d}{subsection.4.6.3}% 208
\BOOKMARK [3][-]{subsubsection.4.6.3.20}{\376\377\000H\000T\000M\000L\000S\000t\000a\000r\000t}{subsection.4.6.3}% 209
\BOOKMARK [3][-]{subsubsection.4.6.3.21}{\376\377\000I\000n\000p\000u\000t\000F\000i\000e\000l\000d}{subsection.4.6.3}% 210
\BOOKMARK [3][-]{subsubsection.4.6.3.22}{\376\377\000I\000n\000p\000u\000t\000F\000i\000e\000l\000d}{subsection.4.6.3}% 211
\BOOKMARK [3][-]{subsubsection.4.6.3.23}{\376\377\000I\000n\000t\000T\000o\000S\000t\000r\000i\000n\000g}{subsection.4.6.3}% 212
\BOOKMARK [3][-]{subsubsection.4.6.3.24}{\376\377\000J\000a\000v\000a\000s\000c\000r\000i\000p\000t}{subsection.4.6.3}% 213
\BOOKMARK [3][-]{subsubsection.4.6.3.25}{\376\377\000L\000a\000b\000e\000l}{subsection.4.6.3}% 214
\BOOKMARK [3][-]{subsubsection.4.6.3.26}{\376\377\000L\000i\000s\000t\000E\000n\000d}{subsection.4.6.3}% 215
\BOOKMARK [3][-]{subsubsection.4.6.3.27}{\376\377\000L\000i\000s\000t\000I\000t\000e\000m}{subsection.4.6.3}% 216
\BOOKMARK [3][-]{subsubsection.4.6.3.28}{\376\377\000L\000i\000s\000t\000S\000t\000a\000r\000t}{subsection.4.6.3}% 217
\BOOKMARK [3][-]{subsubsection.4.6.3.29}{\376\377\000L\000o\000g\000i\000n\000P\000a\000g\000e}{subsection.4.6.3}% 218
\BOOKMARK [3][-]{subsubsection.4.6.3.30}{\376\377\000L\000o\000g\000o}{subsection.4.6.3}% 219
\BOOKMARK [3][-]{subsubsection.4.6.3.31}{\376\377\000L\000o\000g\000o\000u\000t\000L\000i\000n\000k}{subsection.4.6.3}% 220
\BOOKMARK [3][-]{subsubsection.4.6.3.32}{\376\377\000L\000o\000g\000o\000u\000t\000P\000a\000g\000e}{subsection.4.6.3}% 221
\BOOKMARK [3][-]{subsubsection.4.6.3.33}{\376\377\000M\000e\000n\000u}{subsection.4.6.3}% 222
\BOOKMARK [3][-]{subsubsection.4.6.3.34}{\376\377\000R\000e\000a\000d\000L\000o\000g\000i\000n\000D\000e\000t\000a\000i\000l}{subsection.4.6.3}% 223
\BOOKMARK [3][-]{subsubsection.4.6.3.35}{\376\377\000R\000e\000g\000i\000s\000t\000e\000r\000P\000a\000g\000e}{subsection.4.6.3}% 224
\BOOKMARK [3][-]{subsubsection.4.6.3.36}{\376\377\000S\000e\000l\000e\000c\000t\000F\000i\000e\000l\000d\000E\000n\000d}{subsection.4.6.3}% 225
\BOOKMARK [3][-]{subsubsection.4.6.3.37}{\376\377\000S\000e\000l\000e\000c\000t\000F\000i\000e\000l\000d\000S\000t\000a\000r\000t}{subsection.4.6.3}% 226
\BOOKMARK [3][-]{subsubsection.4.6.3.38}{\376\377\000S\000e\000l\000e\000c\000t\000L\000o\000g\000i\000n\000D\000e\000t\000a\000i\000l}{subsection.4.6.3}% 227
\BOOKMARK [3][-]{subsubsection.4.6.3.39}{\376\377\000S\000e\000l\000e\000c\000t\000O\000p\000t\000i\000o\000n\000E\000n\000d}{subsection.4.6.3}% 228
\BOOKMARK [3][-]{subsubsection.4.6.3.40}{\376\377\000S\000e\000l\000e\000c\000t\000O\000p\000t\000i\000o\000n\000S\000t\000a\000r\000t}{subsection.4.6.3}% 229
\BOOKMARK [3][-]{subsubsection.4.6.3.41}{\376\377\000S\000e\000t\000C\000o\000o\000k\000i\000e\000s}{subsection.4.6.3}% 230
\BOOKMARK [3][-]{subsubsection.4.6.3.42}{\376\377\000S\000e\000t\000H\000T\000M\000L\000V\000a\000r\000i\000a\000b\000l\000e\000s}{subsection.4.6.3}% 231
\BOOKMARK [3][-]{subsubsection.4.6.3.43}{\376\377\000S\000t\000r\000i\000n\000g\000T\000o\000I\000n\000t}{subsection.4.6.3}% 232
\BOOKMARK [3][-]{subsubsection.4.6.3.44}{\376\377\000T\000a\000b\000l\000e\000E\000n\000d}{subsection.4.6.3}% 233
\BOOKMARK [3][-]{subsubsection.4.6.3.45}{\376\377\000T\000a\000b\000l\000e\000S\000t\000a\000r\000t}{subsection.4.6.3}% 234
\BOOKMARK [3][-]{subsubsection.4.6.3.46}{\376\377\000T\000i\000t\000l\000e}{subsection.4.6.3}% 235
\BOOKMARK [2][-]{subsection.4.6.4}{\376\377\000M\000e\000m\000b\000e\000r\000\040\000D\000a\000t\000a\000\040\000D\000o\000c\000u\000m\000e\000n\000t\000a\000t\000i\000o\000n}{section.4.6}% 236
\BOOKMARK [3][-]{subsubsection.4.6.4.1}{\376\377\000c\000u\000r\000r\000e\000n\000t\000D\000a\000t\000e}{subsection.4.6.4}% 237
\BOOKMARK [3][-]{subsubsection.4.6.4.2}{\376\377\000e\000m\000a\000i\000l\000I\000D}{subsection.4.6.4}% 238
\BOOKMARK [3][-]{subsubsection.4.6.4.3}{\376\377\000f\000i\000e\000l\000d\000N\000a\000m\000e}{subsection.4.6.4}% 239
\BOOKMARK [3][-]{subsubsection.4.6.4.4}{\376\377\000m\000s\000g}{subsection.4.6.4}% 240
\BOOKMARK [3][-]{subsubsection.4.6.4.5}{\376\377\000p\000a\000s\000s\000w\000o\000r\000d}{subsection.4.6.4}% 241
\BOOKMARK [3][-]{subsubsection.4.6.4.6}{\376\377\000p\000r\000o\000j\000e\000c\000t\000I\000D}{subsection.4.6.4}% 242
\BOOKMARK [3][-]{subsubsection.4.6.4.7}{\376\377\000p\000r\000o\000j\000e\000c\000t\000N\000a\000m\000e}{subsection.4.6.4}% 243
\BOOKMARK [3][-]{subsubsection.4.6.4.8}{\376\377\000r\000e\000t\000y\000p\000e\000P\000a\000s\000s\000w\000o\000r\000d}{subsection.4.6.4}% 244
\BOOKMARK [3][-]{subsubsection.4.6.4.9}{\376\377\000s\000e\000s\000s\000i\000o\000n\000I\000D}{subsection.4.6.4}% 245
\BOOKMARK [3][-]{subsubsection.4.6.4.10}{\376\377\000s\000t\000a\000r\000t\000H\0001}{subsection.4.6.4}% 246
\BOOKMARK [3][-]{subsubsection.4.6.4.11}{\376\377\000u\000s\000e\000r\000E\000m\000a\000i\000l\000I\000D}{subsection.4.6.4}% 247
\BOOKMARK [3][-]{subsubsection.4.6.4.12}{\376\377\000u\000s\000e\000r\000P\000a\000s\000s\000w\000o\000r\000d}{subsection.4.6.4}% 248
\BOOKMARK [1][-]{section.4.7}{\376\377\000M\000D\0005\000\040\000C\000l\000a\000s\000s\000\040\000R\000e\000f\000e\000r\000e\000n\000c\000e}{chapter.4}% 249
\BOOKMARK [2][-]{subsection.4.7.1}{\376\377\000D\000e\000t\000a\000i\000l\000e\000d\000\040\000D\000e\000s\000c\000r\000i\000p\000t\000i\000o\000n}{section.4.7}% 250
\BOOKMARK [1][-]{section.4.8}{\376\377\000P\000a\000g\000e\000L\000a\000y\000o\000u\000t\000\040\000C\000l\000a\000s\000s\000\040\000R\000e\000f\000e\000r\000e\000n\000c\000e}{chapter.4}% 251
\BOOKMARK [2][-]{subsection.4.8.1}{\376\377\000D\000e\000t\000a\000i\000l\000e\000d\000\040\000D\000e\000s\000c\000r\000i\000p\000t\000i\000o\000n}{section.4.8}% 252
\BOOKMARK [2][-]{subsection.4.8.2}{\376\377\000C\000o\000n\000s\000t\000r\000u\000c\000t\000o\000r\000\040\000\046\000\040\000D\000e\000s\000t\000r\000u\000c\000t\000o\000r\000\040\000D\000o\000c\000u\000m\000e\000n\000t\000a\000t\000i\000o\000n}{section.4.8}% 253
\BOOKMARK [3][-]{subsubsection.4.8.2.1}{\376\377\000P\000a\000g\000e\000L\000a\000y\000o\000u\000t}{subsection.4.8.2}% 254
\BOOKMARK [2][-]{subsection.4.8.3}{\376\377\000M\000e\000m\000b\000e\000r\000\040\000F\000u\000n\000c\000t\000i\000o\000n\000\040\000D\000o\000c\000u\000m\000e\000n\000t\000a\000t\000i\000o\000n}{section.4.8}% 255
\BOOKMARK [3][-]{subsubsection.4.8.3.1}{\376\377\000A\000n\000c\000h\000o\000r}{subsection.4.8.3}% 256
\BOOKMARK [3][-]{subsubsection.4.8.3.2}{\376\377\000B\000o\000d\000y\000E\000n\000d}{subsection.4.8.3}% 257
\BOOKMARK [3][-]{subsubsection.4.8.3.3}{\376\377\000B\000o\000d\000y\000S\000t\000a\000r\000t}{subsection.4.8.3}% 258
\BOOKMARK [3][-]{subsubsection.4.8.3.4}{\376\377\000B\000u\000t\000t\000o\000n}{subsection.4.8.3}% 259
\BOOKMARK [3][-]{subsubsection.4.8.3.5}{\376\377\000C\000o\000n\000t\000e\000x\000t\000T\000y\000p\000e}{subsection.4.8.3}% 260
\BOOKMARK [3][-]{subsubsection.4.8.3.6}{\376\377\000C\000S\000S}{subsection.4.8.3}% 261
\BOOKMARK [3][-]{subsubsection.4.8.3.7}{\376\377\000D\000i\000v\000E\000n\000d}{subsection.4.8.3}% 262
\BOOKMARK [3][-]{subsubsection.4.8.3.8}{\376\377\000D\000i\000v\000S\000t\000a\000r\000t}{subsection.4.8.3}% 263
\BOOKMARK [3][-]{subsubsection.4.8.3.9}{\376\377\000F\000o\000o\000t\000e\000r}{subsection.4.8.3}% 264
\BOOKMARK [3][-]{subsubsection.4.8.3.10}{\376\377\000F\000o\000r\000m\000E\000n\000d}{subsection.4.8.3}% 265
\BOOKMARK [3][-]{subsubsection.4.8.3.11}{\376\377\000F\000o\000r\000m\000S\000t\000a\000r\000t}{subsection.4.8.3}% 266
\BOOKMARK [3][-]{subsubsection.4.8.3.12}{\376\377\000H\000e\000a\000d}{subsection.4.8.3}% 267
\BOOKMARK [3][-]{subsubsection.4.8.3.13}{\376\377\000H\000e\000a\000d\000E\000n\000d}{subsection.4.8.3}% 268
\BOOKMARK [3][-]{subsubsection.4.8.3.14}{\376\377\000H\000e\000a\000d\000e\000r}{subsection.4.8.3}% 269
\BOOKMARK [3][-]{subsubsection.4.8.3.15}{\376\377\000H\000e\000a\000d\000S\000t\000a\000r\000t}{subsection.4.8.3}% 270
\BOOKMARK [3][-]{subsubsection.4.8.3.16}{\376\377\000H\000T\000M\000L\000E\000n\000d}{subsection.4.8.3}% 271
\BOOKMARK [3][-]{subsubsection.4.8.3.17}{\376\377\000H\000T\000M\000L\000S\000t\000a\000r\000t}{subsection.4.8.3}% 272
\BOOKMARK [3][-]{subsubsection.4.8.3.18}{\376\377\000I\000n\000p\000u\000t\000F\000i\000e\000l\000d}{subsection.4.8.3}% 273
\BOOKMARK [3][-]{subsubsection.4.8.3.19}{\376\377\000I\000n\000p\000u\000t\000F\000i\000e\000l\000d}{subsection.4.8.3}% 274
\BOOKMARK [3][-]{subsubsection.4.8.3.20}{\376\377\000J\000a\000v\000a\000s\000c\000r\000i\000p\000t}{subsection.4.8.3}% 275
\BOOKMARK [3][-]{subsubsection.4.8.3.21}{\376\377\000L\000a\000b\000e\000l}{subsection.4.8.3}% 276
\BOOKMARK [3][-]{subsubsection.4.8.3.22}{\376\377\000L\000i\000s\000t\000E\000n\000d}{subsection.4.8.3}% 277
\BOOKMARK [3][-]{subsubsection.4.8.3.23}{\376\377\000L\000i\000s\000t\000I\000t\000e\000m}{subsection.4.8.3}% 278
\BOOKMARK [3][-]{subsubsection.4.8.3.24}{\376\377\000L\000i\000s\000t\000S\000t\000a\000r\000t}{subsection.4.8.3}% 279
\BOOKMARK [3][-]{subsubsection.4.8.3.25}{\376\377\000L\000o\000g\000o}{subsection.4.8.3}% 280
\BOOKMARK [3][-]{subsubsection.4.8.3.26}{\376\377\000L\000o\000g\000o\000u\000t\000L\000i\000n\000k}{subsection.4.8.3}% 281
\BOOKMARK [3][-]{subsubsection.4.8.3.27}{\376\377\000M\000e\000n\000u}{subsection.4.8.3}% 282
\BOOKMARK [3][-]{subsubsection.4.8.3.28}{\376\377\000S\000e\000l\000e\000c\000t\000F\000i\000e\000l\000d\000E\000n\000d}{subsection.4.8.3}% 283
\BOOKMARK [3][-]{subsubsection.4.8.3.29}{\376\377\000S\000e\000l\000e\000c\000t\000F\000i\000e\000l\000d\000S\000t\000a\000r\000t}{subsection.4.8.3}% 284
\BOOKMARK [3][-]{subsubsection.4.8.3.30}{\376\377\000S\000e\000l\000e\000c\000t\000O\000p\000t\000i\000o\000n\000E\000n\000d}{subsection.4.8.3}% 285
\BOOKMARK [3][-]{subsubsection.4.8.3.31}{\376\377\000S\000e\000l\000e\000c\000t\000O\000p\000t\000i\000o\000n\000S\000t\000a\000r\000t}{subsection.4.8.3}% 286
\BOOKMARK [3][-]{subsubsection.4.8.3.32}{\376\377\000S\000e\000t\000C\000o\000o\000k\000i\000e\000s}{subsection.4.8.3}% 287
\BOOKMARK [3][-]{subsubsection.4.8.3.33}{\376\377\000S\000e\000t\000H\000T\000M\000L\000V\000a\000r\000i\000a\000b\000l\000e\000s}{subsection.4.8.3}% 288
\BOOKMARK [3][-]{subsubsection.4.8.3.34}{\376\377\000T\000a\000b\000l\000e\000E\000n\000d}{subsection.4.8.3}% 289
\BOOKMARK [3][-]{subsubsection.4.8.3.35}{\376\377\000T\000a\000b\000l\000e\000S\000t\000a\000r\000t}{subsection.4.8.3}% 290
\BOOKMARK [3][-]{subsubsection.4.8.3.36}{\376\377\000T\000i\000t\000l\000e}{subsection.4.8.3}% 291
\BOOKMARK [2][-]{subsection.4.8.4}{\376\377\000M\000e\000m\000b\000e\000r\000\040\000D\000a\000t\000a\000\040\000D\000o\000c\000u\000m\000e\000n\000t\000a\000t\000i\000o\000n}{section.4.8}% 292
\BOOKMARK [3][-]{subsubsection.4.8.4.1}{\376\377\000s\000e\000s\000s\000i\000o\000n\000I\000D}{subsection.4.8.4}% 293
\BOOKMARK [3][-]{subsubsection.4.8.4.2}{\376\377\000s\000t\000a\000r\000t\000H\0001}{subsection.4.8.4}% 294
\BOOKMARK [1][-]{section.4.9}{\376\377\000P\000a\000g\000e\000S\000t\000r\000u\000c\000t\000u\000r\000e\000M\000a\000k\000e\000r\000\040\000C\000l\000a\000s\000s\000\040\000R\000e\000f\000e\000r\000e\000n\000c\000e}{chapter.4}% 295
\BOOKMARK [2][-]{subsection.4.9.1}{\376\377\000D\000e\000t\000a\000i\000l\000e\000d\000\040\000D\000e\000s\000c\000r\000i\000p\000t\000i\000o\000n}{section.4.9}% 296
\BOOKMARK [2][-]{subsection.4.9.2}{\376\377\000C\000o\000n\000s\000t\000r\000u\000c\000t\000o\000r\000\040\000\046\000\040\000D\000e\000s\000t\000r\000u\000c\000t\000o\000r\000\040\000D\000o\000c\000u\000m\000e\000n\000t\000a\000t\000i\000o\000n}{section.4.9}% 297
\BOOKMARK [3][-]{subsubsection.4.9.2.1}{\376\377\000P\000a\000g\000e\000S\000t\000r\000u\000c\000t\000u\000r\000e\000M\000a\000k\000e\000r}{subsection.4.9.2}% 298
\BOOKMARK [2][-]{subsection.4.9.3}{\376\377\000M\000e\000m\000b\000e\000r\000\040\000F\000u\000n\000c\000t\000i\000o\000n\000\040\000D\000o\000c\000u\000m\000e\000n\000t\000a\000t\000i\000o\000n}{section.4.9}% 299
\BOOKMARK [3][-]{subsubsection.4.9.3.1}{\376\377\000A\000n\000c\000h\000o\000r}{subsection.4.9.3}% 300
\BOOKMARK [3][-]{subsubsection.4.9.3.2}{\376\377\000B\000o\000d\000y\000E\000n\000d}{subsection.4.9.3}% 301
\BOOKMARK [3][-]{subsubsection.4.9.3.3}{\376\377\000B\000o\000d\000y\000S\000t\000a\000r\000t}{subsection.4.9.3}% 302
\BOOKMARK [3][-]{subsubsection.4.9.3.4}{\376\377\000B\000u\000t\000t\000o\000n}{subsection.4.9.3}% 303
\BOOKMARK [3][-]{subsubsection.4.9.3.5}{\376\377\000C\000S\000S}{subsection.4.9.3}% 304
\BOOKMARK [3][-]{subsubsection.4.9.3.6}{\376\377\000D\000i\000v\000E\000n\000d}{subsection.4.9.3}% 305
\BOOKMARK [3][-]{subsubsection.4.9.3.7}{\376\377\000D\000i\000v\000S\000t\000a\000r\000t}{subsection.4.9.3}% 306
\BOOKMARK [3][-]{subsubsection.4.9.3.8}{\376\377\000F\000o\000r\000m\000E\000n\000d}{subsection.4.9.3}% 307
\BOOKMARK [3][-]{subsubsection.4.9.3.9}{\376\377\000F\000o\000r\000m\000S\000t\000a\000r\000t}{subsection.4.9.3}% 308
\BOOKMARK [3][-]{subsubsection.4.9.3.10}{\376\377\000H\000e\000a\000d\000E\000n\000d}{subsection.4.9.3}% 309
\BOOKMARK [3][-]{subsubsection.4.9.3.11}{\376\377\000H\000e\000a\000d\000S\000t\000a\000r\000t}{subsection.4.9.3}% 310
\BOOKMARK [3][-]{subsubsection.4.9.3.12}{\376\377\000H\000T\000M\000L\000E\000n\000d}{subsection.4.9.3}% 311
\BOOKMARK [3][-]{subsubsection.4.9.3.13}{\376\377\000H\000T\000M\000L\000S\000t\000a\000r\000t}{subsection.4.9.3}% 312
\BOOKMARK [3][-]{subsubsection.4.9.3.14}{\376\377\000I\000n\000p\000u\000t\000F\000i\000e\000l\000d}{subsection.4.9.3}% 313
\BOOKMARK [3][-]{subsubsection.4.9.3.15}{\376\377\000I\000n\000p\000u\000t\000F\000i\000e\000l\000d}{subsection.4.9.3}% 314
\BOOKMARK [3][-]{subsubsection.4.9.3.16}{\376\377\000J\000a\000v\000a\000s\000c\000r\000i\000p\000t}{subsection.4.9.3}% 315
\BOOKMARK [3][-]{subsubsection.4.9.3.17}{\376\377\000L\000a\000b\000e\000l}{subsection.4.9.3}% 316
\BOOKMARK [3][-]{subsubsection.4.9.3.18}{\376\377\000L\000i\000s\000t\000E\000n\000d}{subsection.4.9.3}% 317
\BOOKMARK [3][-]{subsubsection.4.9.3.19}{\376\377\000L\000i\000s\000t\000I\000t\000e\000m}{subsection.4.9.3}% 318
\BOOKMARK [3][-]{subsubsection.4.9.3.20}{\376\377\000L\000i\000s\000t\000S\000t\000a\000r\000t}{subsection.4.9.3}% 319
\BOOKMARK [3][-]{subsubsection.4.9.3.21}{\376\377\000S\000e\000l\000e\000c\000t\000F\000i\000e\000l\000d\000E\000n\000d}{subsection.4.9.3}% 320
\BOOKMARK [3][-]{subsubsection.4.9.3.22}{\376\377\000S\000e\000l\000e\000c\000t\000F\000i\000e\000l\000d\000S\000t\000a\000r\000t}{subsection.4.9.3}% 321
\BOOKMARK [3][-]{subsubsection.4.9.3.23}{\376\377\000S\000e\000l\000e\000c\000t\000O\000p\000t\000i\000o\000n\000E\000n\000d}{subsection.4.9.3}% 322
\BOOKMARK [3][-]{subsubsection.4.9.3.24}{\376\377\000S\000e\000l\000e\000c\000t\000O\000p\000t\000i\000o\000n\000S\000t\000a\000r\000t}{subsection.4.9.3}% 323
\BOOKMARK [3][-]{subsubsection.4.9.3.25}{\376\377\000S\000e\000t\000H\000T\000M\000L\000V\000a\000r\000i\000a\000b\000l\000e\000s}{subsection.4.9.3}% 324
\BOOKMARK [3][-]{subsubsection.4.9.3.26}{\376\377\000T\000a\000b\000l\000e\000E\000n\000d}{subsection.4.9.3}% 325
\BOOKMARK [3][-]{subsubsection.4.9.3.27}{\376\377\000T\000a\000b\000l\000e\000S\000t\000a\000r\000t}{subsection.4.9.3}% 326
\BOOKMARK [3][-]{subsubsection.4.9.3.28}{\376\377\000T\000i\000t\000l\000e}{subsection.4.9.3}% 327
\BOOKMARK [2][-]{subsection.4.9.4}{\376\377\000M\000e\000m\000b\000e\000r\000\040\000D\000a\000t\000a\000\040\000D\000o\000c\000u\000m\000e\000n\000t\000a\000t\000i\000o\000n}{section.4.9}% 328
\BOOKMARK [3][-]{subsubsection.4.9.4.1}{\376\377\000s\000t\000a\000r\000t\000H\0001}{subsection.4.9.4}% 329
\BOOKMARK [1][-]{section.4.10}{\376\377\000P\000r\000o\000j\000e\000c\000t\000D\000e\000t\000a\000i\000l\000\040\000C\000l\000a\000s\000s\000\040\000R\000e\000f\000e\000r\000e\000n\000c\000e}{chapter.4}% 330
\BOOKMARK [2][-]{subsection.4.10.1}{\376\377\000D\000e\000t\000a\000i\000l\000e\000d\000\040\000D\000e\000s\000c\000r\000i\000p\000t\000i\000o\000n}{section.4.10}% 331
\BOOKMARK [2][-]{subsection.4.10.2}{\376\377\000C\000o\000n\000s\000t\000r\000u\000c\000t\000o\000r\000\040\000\046\000\040\000D\000e\000s\000t\000r\000u\000c\000t\000o\000r\000\040\000D\000o\000c\000u\000m\000e\000n\000t\000a\000t\000i\000o\000n}{section.4.10}% 332
\BOOKMARK [3][-]{subsubsection.4.10.2.1}{\376\377\000P\000r\000o\000j\000e\000c\000t\000D\000e\000t\000a\000i\000l}{subsection.4.10.2}% 333
\BOOKMARK [3][-]{subsubsection.4.10.2.2}{\376\377\000P\000r\000o\000j\000e\000c\000t\000D\000e\000t\000a\000i\000l}{subsection.4.10.2}% 334
\BOOKMARK [2][-]{subsection.4.10.3}{\376\377\000M\000e\000m\000b\000e\000r\000\040\000F\000u\000n\000c\000t\000i\000o\000n\000\040\000D\000o\000c\000u\000m\000e\000n\000t\000a\000t\000i\000o\000n}{section.4.10}% 335
\BOOKMARK [3][-]{subsubsection.4.10.3.1}{\376\377\000A\000d\000d\000N\000e\000w\000U\000s\000e\000r}{subsection.4.10.3}% 336
\BOOKMARK [3][-]{subsubsection.4.10.3.2}{\376\377\000A\000l\000r\000e\000a\000d\000y\000L\000o\000g\000g\000e\000d\000I\000n}{subsection.4.10.3}% 337
\BOOKMARK [3][-]{subsubsection.4.10.3.3}{\376\377\000A\000n\000c\000h\000o\000r}{subsection.4.10.3}% 338
\BOOKMARK [3][-]{subsubsection.4.10.3.4}{\376\377\000A\000u\000t\000h\000o\000r\000i\000z\000e\000U\000s\000e\000r}{subsection.4.10.3}% 339
\BOOKMARK [3][-]{subsubsection.4.10.3.5}{\376\377\000B\000o\000d\000y\000E\000n\000d}{subsection.4.10.3}% 340
\BOOKMARK [3][-]{subsubsection.4.10.3.6}{\376\377\000B\000o\000d\000y\000S\000t\000a\000r\000t}{subsection.4.10.3}% 341
\BOOKMARK [3][-]{subsubsection.4.10.3.7}{\376\377\000B\000u\000t\000t\000o\000n}{subsection.4.10.3}% 342
\BOOKMARK [3][-]{subsubsection.4.10.3.8}{\376\377\000C\000o\000n\000t\000e\000x\000t\000T\000y\000p\000e}{subsection.4.10.3}% 343
\BOOKMARK [3][-]{subsubsection.4.10.3.9}{\376\377\000C\000S\000S}{subsection.4.10.3}% 344
\BOOKMARK [3][-]{subsubsection.4.10.3.10}{\376\377\000D\000i\000v\000E\000n\000d}{subsection.4.10.3}% 345
\BOOKMARK [3][-]{subsubsection.4.10.3.11}{\376\377\000D\000i\000v\000S\000t\000a\000r\000t}{subsection.4.10.3}% 346
\BOOKMARK [3][-]{subsubsection.4.10.3.12}{\376\377\000F\000o\000o\000t\000e\000r}{subsection.4.10.3}% 347
\BOOKMARK [3][-]{subsubsection.4.10.3.13}{\376\377\000F\000o\000r\000m\000E\000n\000d}{subsection.4.10.3}% 348
\BOOKMARK [3][-]{subsubsection.4.10.3.14}{\376\377\000F\000o\000r\000m\000S\000t\000a\000r\000t}{subsection.4.10.3}% 349
\BOOKMARK [3][-]{subsubsection.4.10.3.15}{\376\377\000H\000e\000a\000d}{subsection.4.10.3}% 350
\BOOKMARK [3][-]{subsubsection.4.10.3.16}{\376\377\000H\000e\000a\000d\000E\000n\000d}{subsection.4.10.3}% 351
\BOOKMARK [3][-]{subsubsection.4.10.3.17}{\376\377\000H\000e\000a\000d\000e\000r}{subsection.4.10.3}% 352
\BOOKMARK [3][-]{subsubsection.4.10.3.18}{\376\377\000H\000e\000a\000d\000e\000r}{subsection.4.10.3}% 353
\BOOKMARK [3][-]{subsubsection.4.10.3.19}{\376\377\000H\000e\000a\000d\000S\000t\000a\000r\000t}{subsection.4.10.3}% 354
\BOOKMARK [3][-]{subsubsection.4.10.3.20}{\376\377\000H\000T\000M\000L\000E\000n\000d}{subsection.4.10.3}% 355
\BOOKMARK [3][-]{subsubsection.4.10.3.21}{\376\377\000H\000T\000M\000L\000S\000t\000a\000r\000t}{subsection.4.10.3}% 356
\BOOKMARK [3][-]{subsubsection.4.10.3.22}{\376\377\000I\000n\000p\000u\000t\000F\000i\000e\000l\000d}{subsection.4.10.3}% 357
\BOOKMARK [3][-]{subsubsection.4.10.3.23}{\376\377\000I\000n\000p\000u\000t\000F\000i\000e\000l\000d}{subsection.4.10.3}% 358
\BOOKMARK [3][-]{subsubsection.4.10.3.24}{\376\377\000I\000n\000t\000T\000o\000S\000t\000r\000i\000n\000g}{subsection.4.10.3}% 359
\BOOKMARK [3][-]{subsubsection.4.10.3.25}{\376\377\000J\000a\000v\000a\000s\000c\000r\000i\000p\000t}{subsection.4.10.3}% 360
\BOOKMARK [3][-]{subsubsection.4.10.3.26}{\376\377\000L\000a\000b\000e\000l}{subsection.4.10.3}% 361
\BOOKMARK [3][-]{subsubsection.4.10.3.27}{\376\377\000L\000i\000s\000t\000E\000n\000d}{subsection.4.10.3}% 362
\BOOKMARK [3][-]{subsubsection.4.10.3.28}{\376\377\000L\000i\000s\000t\000I\000t\000e\000m}{subsection.4.10.3}% 363
\BOOKMARK [3][-]{subsubsection.4.10.3.29}{\376\377\000L\000i\000s\000t\000S\000t\000a\000r\000t}{subsection.4.10.3}% 364
\BOOKMARK [3][-]{subsubsection.4.10.3.30}{\376\377\000L\000o\000g\000i\000n\000P\000a\000g\000e}{subsection.4.10.3}% 365
\BOOKMARK [3][-]{subsubsection.4.10.3.31}{\376\377\000L\000o\000g\000o}{subsection.4.10.3}% 366
\BOOKMARK [3][-]{subsubsection.4.10.3.32}{\376\377\000L\000o\000g\000o\000u\000t\000L\000i\000n\000k}{subsection.4.10.3}% 367
\BOOKMARK [3][-]{subsubsection.4.10.3.33}{\376\377\000L\000o\000g\000o\000u\000t\000P\000a\000g\000e}{subsection.4.10.3}% 368
\BOOKMARK [3][-]{subsubsection.4.10.3.34}{\376\377\000M\000e\000n\000u}{subsection.4.10.3}% 369
\BOOKMARK [3][-]{subsubsection.4.10.3.35}{\376\377\000P\000r\000o\000j\000e\000c\000t\000D\000e\000t\000a\000i\000l\000P\000a\000g\000e}{subsection.4.10.3}% 370
\BOOKMARK [3][-]{subsubsection.4.10.3.36}{\376\377\000R\000e\000a\000d\000L\000o\000g\000i\000n\000D\000e\000t\000a\000i\000l}{subsection.4.10.3}% 371
\BOOKMARK [3][-]{subsubsection.4.10.3.37}{\376\377\000R\000e\000g\000i\000s\000t\000e\000r\000P\000a\000g\000e}{subsection.4.10.3}% 372
\BOOKMARK [3][-]{subsubsection.4.10.3.38}{\376\377\000S\000e\000l\000e\000c\000t\000F\000i\000e\000l\000d\000E\000n\000d}{subsection.4.10.3}% 373
\BOOKMARK [3][-]{subsubsection.4.10.3.39}{\376\377\000S\000e\000l\000e\000c\000t\000F\000i\000e\000l\000d\000S\000t\000a\000r\000t}{subsection.4.10.3}% 374
\BOOKMARK [3][-]{subsubsection.4.10.3.40}{\376\377\000S\000e\000l\000e\000c\000t\000L\000o\000g\000i\000n\000D\000e\000t\000a\000i\000l}{subsection.4.10.3}% 375
\BOOKMARK [3][-]{subsubsection.4.10.3.41}{\376\377\000S\000e\000l\000e\000c\000t\000O\000p\000t\000i\000o\000n\000E\000n\000d}{subsection.4.10.3}% 376
\BOOKMARK [3][-]{subsubsection.4.10.3.42}{\376\377\000S\000e\000l\000e\000c\000t\000O\000p\000t\000i\000o\000n\000S\000t\000a\000r\000t}{subsection.4.10.3}% 377
\BOOKMARK [3][-]{subsubsection.4.10.3.43}{\376\377\000S\000e\000t\000C\000o\000o\000k\000i\000e\000s}{subsection.4.10.3}% 378
\BOOKMARK [3][-]{subsubsection.4.10.3.44}{\376\377\000S\000e\000t\000H\000T\000M\000L\000V\000a\000r\000i\000a\000b\000l\000e\000s}{subsection.4.10.3}% 379
\BOOKMARK [3][-]{subsubsection.4.10.3.45}{\376\377\000S\000t\000r\000i\000n\000g\000T\000o\000I\000n\000t}{subsection.4.10.3}% 380
\BOOKMARK [3][-]{subsubsection.4.10.3.46}{\376\377\000T\000a\000b\000l\000e\000E\000n\000d}{subsection.4.10.3}% 381
\BOOKMARK [3][-]{subsubsection.4.10.3.47}{\376\377\000T\000a\000b\000l\000e\000S\000t\000a\000r\000t}{subsection.4.10.3}% 382
\BOOKMARK [3][-]{subsubsection.4.10.3.48}{\376\377\000T\000i\000t\000l\000e}{subsection.4.10.3}% 383
\BOOKMARK [2][-]{subsection.4.10.4}{\376\377\000M\000e\000m\000b\000e\000r\000\040\000D\000a\000t\000a\000\040\000D\000o\000c\000u\000m\000e\000n\000t\000a\000t\000i\000o\000n}{section.4.10}% 384
\BOOKMARK [3][-]{subsubsection.4.10.4.1}{\376\377\000c\000u\000r\000r\000e\000n\000t\000D\000a\000t\000e}{subsection.4.10.4}% 385
\BOOKMARK [3][-]{subsubsection.4.10.4.2}{\376\377\000e\000m\000a\000i\000l\000I\000D}{subsection.4.10.4}% 386
\BOOKMARK [3][-]{subsubsection.4.10.4.3}{\376\377\000f\000i\000e\000l\000d\000N\000a\000m\000e}{subsection.4.10.4}% 387
\BOOKMARK [3][-]{subsubsection.4.10.4.4}{\376\377\000m\000s\000g}{subsection.4.10.4}% 388
\BOOKMARK [3][-]{subsubsection.4.10.4.5}{\376\377\000p\000a\000s\000s\000w\000o\000r\000d}{subsection.4.10.4}% 389
\BOOKMARK [3][-]{subsubsection.4.10.4.6}{\376\377\000p\000r\000o\000j\000e\000c\000t\000I\000D}{subsection.4.10.4}% 390
\BOOKMARK [3][-]{subsubsection.4.10.4.7}{\376\377\000p\000r\000o\000j\000e\000c\000t\000N\000a\000m\000e}{subsection.4.10.4}% 391
\BOOKMARK [3][-]{subsubsection.4.10.4.8}{\376\377\000r\000e\000t\000y\000p\000e\000P\000a\000s\000s\000w\000o\000r\000d}{subsection.4.10.4}% 392
\BOOKMARK [3][-]{subsubsection.4.10.4.9}{\376\377\000s\000e\000s\000s\000i\000o\000n\000I\000D}{subsection.4.10.4}% 393
\BOOKMARK [3][-]{subsubsection.4.10.4.10}{\376\377\000s\000t\000a\000r\000t\000H\0001}{subsection.4.10.4}% 394
\BOOKMARK [3][-]{subsubsection.4.10.4.11}{\376\377\000u\000s\000e\000r\000E\000m\000a\000i\000l\000I\000D}{subsection.4.10.4}% 395
\BOOKMARK [3][-]{subsubsection.4.10.4.12}{\376\377\000u\000s\000e\000r\000P\000a\000s\000s\000w\000o\000r\000d}{subsection.4.10.4}% 396
\BOOKMARK [1][-]{section.4.11}{\376\377\000R\000e\000a\000d\000I\000n\000p\000u\000t\000F\000i\000e\000l\000d\000\040\000C\000l\000a\000s\000s\000\040\000R\000e\000f\000e\000r\000e\000n\000c\000e}{chapter.4}% 397
\BOOKMARK [2][-]{subsection.4.11.1}{\376\377\000D\000e\000t\000a\000i\000l\000e\000d\000\040\000D\000e\000s\000c\000r\000i\000p\000t\000i\000o\000n}{section.4.11}% 398
\BOOKMARK [2][-]{subsection.4.11.2}{\376\377\000C\000o\000n\000s\000t\000r\000u\000c\000t\000o\000r\000\040\000\046\000\040\000D\000e\000s\000t\000r\000u\000c\000t\000o\000r\000\040\000D\000o\000c\000u\000m\000e\000n\000t\000a\000t\000i\000o\000n}{section.4.11}% 399
\BOOKMARK [3][-]{subsubsection.4.11.2.1}{\376\377\000R\000e\000a\000d\000I\000n\000p\000u\000t\000F\000i\000e\000l\000d}{subsection.4.11.2}% 400
\BOOKMARK [2][-]{subsection.4.11.3}{\376\377\000M\000e\000m\000b\000e\000r\000\040\000F\000u\000n\000c\000t\000i\000o\000n\000\040\000D\000o\000c\000u\000m\000e\000n\000t\000a\000t\000i\000o\000n}{section.4.11}% 401
\BOOKMARK [3][-]{subsubsection.4.11.3.1}{\376\377\000R\000e\000a\000d\000F\000i\000e\000l\000d\000V\000a\000l\000u\000e}{subsection.4.11.3}% 402
\BOOKMARK [3][-]{subsubsection.4.11.3.2}{\376\377\000R\000e\000a\000d\000F\000i\000e\000l\000d\000V\000a\000l\000u\000e}{subsection.4.11.3}% 403
\BOOKMARK [2][-]{subsection.4.11.4}{\376\377\000M\000e\000m\000b\000e\000r\000\040\000D\000a\000t\000a\000\040\000D\000o\000c\000u\000m\000e\000n\000t\000a\000t\000i\000o\000n}{section.4.11}% 404
\BOOKMARK [3][-]{subsubsection.4.11.4.1}{\376\377\000f\000i}{subsection.4.11.4}% 405
\BOOKMARK [3][-]{subsubsection.4.11.4.2}{\376\377\000f\000o\000r\000m\000D\000a\000t\000a}{subsection.4.11.4}% 406
\BOOKMARK [1][-]{section.4.12}{\376\377\000R\000o\000l\000l\000N\000o\000D\000e\000t\000a\000i\000l\000\040\000C\000l\000a\000s\000s\000\040\000R\000e\000f\000e\000r\000e\000n\000c\000e}{chapter.4}% 407
\BOOKMARK [2][-]{subsection.4.12.1}{\376\377\000D\000e\000t\000a\000i\000l\000e\000d\000\040\000D\000e\000s\000c\000r\000i\000p\000t\000i\000o\000n}{section.4.12}% 408
\BOOKMARK [2][-]{subsection.4.12.2}{\376\377\000C\000o\000n\000s\000t\000r\000u\000c\000t\000o\000r\000\040\000\046\000\040\000D\000e\000s\000t\000r\000u\000c\000t\000o\000r\000\040\000D\000o\000c\000u\000m\000e\000n\000t\000a\000t\000i\000o\000n}{section.4.12}% 409
\BOOKMARK [3][-]{subsubsection.4.12.2.1}{\376\377\000R\000o\000l\000l\000N\000o\000D\000e\000t\000a\000i\000l}{subsection.4.12.2}% 410
\BOOKMARK [2][-]{subsection.4.12.3}{\376\377\000M\000e\000m\000b\000e\000r\000\040\000F\000u\000n\000c\000t\000i\000o\000n\000\040\000D\000o\000c\000u\000m\000e\000n\000t\000a\000t\000i\000o\000n}{section.4.12}% 411
\BOOKMARK [3][-]{subsubsection.4.12.3.1}{\376\377\000A\000n\000c\000h\000o\000r}{subsection.4.12.3}% 412
\BOOKMARK [3][-]{subsubsection.4.12.3.2}{\376\377\000B\000o\000d\000y\000E\000n\000d}{subsection.4.12.3}% 413
\BOOKMARK [3][-]{subsubsection.4.12.3.3}{\376\377\000B\000o\000d\000y\000S\000t\000a\000r\000t}{subsection.4.12.3}% 414
\BOOKMARK [3][-]{subsubsection.4.12.3.4}{\376\377\000B\000u\000t\000t\000o\000n}{subsection.4.12.3}% 415
\BOOKMARK [3][-]{subsubsection.4.12.3.5}{\376\377\000C\000o\000n\000t\000e\000x\000t\000T\000y\000p\000e}{subsection.4.12.3}% 416
\BOOKMARK [3][-]{subsubsection.4.12.3.6}{\376\377\000C\000S\000S}{subsection.4.12.3}% 417
\BOOKMARK [3][-]{subsubsection.4.12.3.7}{\376\377\000D\000i\000v\000E\000n\000d}{subsection.4.12.3}% 418
\BOOKMARK [3][-]{subsubsection.4.12.3.8}{\376\377\000D\000i\000v\000S\000t\000a\000r\000t}{subsection.4.12.3}% 419
\BOOKMARK [3][-]{subsubsection.4.12.3.9}{\376\377\000F\000o\000o\000t\000e\000r}{subsection.4.12.3}% 420
\BOOKMARK [3][-]{subsubsection.4.12.3.10}{\376\377\000F\000o\000r\000m\000E\000n\000d}{subsection.4.12.3}% 421
\BOOKMARK [3][-]{subsubsection.4.12.3.11}{\376\377\000F\000o\000r\000m\000S\000t\000a\000r\000t}{subsection.4.12.3}% 422
\BOOKMARK [3][-]{subsubsection.4.12.3.12}{\376\377\000H\000e\000a\000d}{subsection.4.12.3}% 423
\BOOKMARK [3][-]{subsubsection.4.12.3.13}{\376\377\000H\000e\000a\000d\000E\000n\000d}{subsection.4.12.3}% 424
\BOOKMARK [3][-]{subsubsection.4.12.3.14}{\376\377\000H\000e\000a\000d\000e\000r}{subsection.4.12.3}% 425
\BOOKMARK [3][-]{subsubsection.4.12.3.15}{\376\377\000H\000e\000a\000d\000e\000r}{subsection.4.12.3}% 426
\BOOKMARK [3][-]{subsubsection.4.12.3.16}{\376\377\000H\000e\000a\000d\000S\000t\000a\000r\000t}{subsection.4.12.3}% 427
\BOOKMARK [3][-]{subsubsection.4.12.3.17}{\376\377\000H\000T\000M\000L\000E\000n\000d}{subsection.4.12.3}% 428
\BOOKMARK [3][-]{subsubsection.4.12.3.18}{\376\377\000H\000T\000M\000L\000S\000t\000a\000r\000t}{subsection.4.12.3}% 429
\BOOKMARK [3][-]{subsubsection.4.12.3.19}{\376\377\000I\000n\000p\000u\000t\000F\000i\000e\000l\000d}{subsection.4.12.3}% 430
\BOOKMARK [3][-]{subsubsection.4.12.3.20}{\376\377\000I\000n\000p\000u\000t\000F\000i\000e\000l\000d}{subsection.4.12.3}% 431
\BOOKMARK [3][-]{subsubsection.4.12.3.21}{\376\377\000I\000n\000t\000T\000o\000S\000t\000r\000i\000n\000g}{subsection.4.12.3}% 432
\BOOKMARK [3][-]{subsubsection.4.12.3.22}{\376\377\000J\000a\000v\000a\000s\000c\000r\000i\000p\000t}{subsection.4.12.3}% 433
\BOOKMARK [3][-]{subsubsection.4.12.3.23}{\376\377\000L\000a\000b\000e\000l}{subsection.4.12.3}% 434
\BOOKMARK [3][-]{subsubsection.4.12.3.24}{\376\377\000L\000i\000s\000t\000E\000n\000d}{subsection.4.12.3}% 435
\BOOKMARK [3][-]{subsubsection.4.12.3.25}{\376\377\000L\000i\000s\000t\000I\000t\000e\000m}{subsection.4.12.3}% 436
\BOOKMARK [3][-]{subsubsection.4.12.3.26}{\376\377\000L\000i\000s\000t\000S\000t\000a\000r\000t}{subsection.4.12.3}% 437
\BOOKMARK [3][-]{subsubsection.4.12.3.27}{\376\377\000L\000o\000g\000o}{subsection.4.12.3}% 438
\BOOKMARK [3][-]{subsubsection.4.12.3.28}{\376\377\000L\000o\000g\000o\000u\000t\000L\000i\000n\000k}{subsection.4.12.3}% 439
\BOOKMARK [3][-]{subsubsection.4.12.3.29}{\376\377\000M\000e\000n\000u}{subsection.4.12.3}% 440
\BOOKMARK [3][-]{subsubsection.4.12.3.30}{\376\377\000R\000e\000a\000d\000C\000l\000a\000s\000s\000D\000e\000t\000a\000i\000l}{subsection.4.12.3}% 441
\BOOKMARK [3][-]{subsubsection.4.12.3.31}{\376\377\000R\000o\000l\000l\000N\000o\000D\000e\000t\000a\000i\000l\000P\000a\000g\000e}{subsection.4.12.3}% 442
\BOOKMARK [3][-]{subsubsection.4.12.3.32}{\376\377\000S\000e\000l\000e\000c\000t\000F\000i\000e\000l\000d\000E\000n\000d}{subsection.4.12.3}% 443
\BOOKMARK [3][-]{subsubsection.4.12.3.33}{\376\377\000S\000e\000l\000e\000c\000t\000F\000i\000e\000l\000d\000S\000t\000a\000r\000t}{subsection.4.12.3}% 444
\BOOKMARK [3][-]{subsubsection.4.12.3.34}{\376\377\000S\000e\000l\000e\000c\000t\000O\000p\000t\000i\000o\000n\000E\000n\000d}{subsection.4.12.3}% 445
\BOOKMARK [3][-]{subsubsection.4.12.3.35}{\376\377\000S\000e\000l\000e\000c\000t\000O\000p\000t\000i\000o\000n\000S\000t\000a\000r\000t}{subsection.4.12.3}% 446
\BOOKMARK [3][-]{subsubsection.4.12.3.36}{\376\377\000S\000e\000t\000C\000o\000o\000k\000i\000e\000s}{subsection.4.12.3}% 447
\BOOKMARK [3][-]{subsubsection.4.12.3.37}{\376\377\000S\000e\000t\000H\000T\000M\000L\000V\000a\000r\000i\000a\000b\000l\000e\000s}{subsection.4.12.3}% 448
\BOOKMARK [3][-]{subsubsection.4.12.3.38}{\376\377\000S\000p\000l\000i\000t\000S\000u\000b\000j\000e\000c\000t}{subsection.4.12.3}% 449
\BOOKMARK [3][-]{subsubsection.4.12.3.39}{\376\377\000S\000t\000r\000i\000n\000g\000T\000o\000I\000n\000t}{subsection.4.12.3}% 450
\BOOKMARK [3][-]{subsubsection.4.12.3.40}{\376\377\000T\000a\000b\000l\000e\000E\000n\000d}{subsection.4.12.3}% 451
\BOOKMARK [3][-]{subsubsection.4.12.3.41}{\376\377\000T\000a\000b\000l\000e\000S\000t\000a\000r\000t}{subsection.4.12.3}% 452
\BOOKMARK [3][-]{subsubsection.4.12.3.42}{\376\377\000T\000i\000t\000l\000e}{subsection.4.12.3}% 453
\BOOKMARK [2][-]{subsection.4.12.4}{\376\377\000M\000e\000m\000b\000e\000r\000\040\000D\000a\000t\000a\000\040\000D\000o\000c\000u\000m\000e\000n\000t\000a\000t\000i\000o\000n}{section.4.12}% 454
\BOOKMARK [3][-]{subsubsection.4.12.4.1}{\376\377\000e\000m\000a\000i\000l\000I\000D}{subsection.4.12.4}% 455
\BOOKMARK [3][-]{subsubsection.4.12.4.2}{\376\377\000f\000i\000e\000l\000d\000N\000a\000m\000e}{subsection.4.12.4}% 456
\BOOKMARK [3][-]{subsubsection.4.12.4.3}{\376\377\000p\000r\000e\000f\000i\000x}{subsection.4.12.4}% 457
\BOOKMARK [3][-]{subsubsection.4.12.4.4}{\376\377\000p\000r\000o\000j\000e\000c\000t\000I\000D}{subsection.4.12.4}% 458
\BOOKMARK [3][-]{subsubsection.4.12.4.5}{\376\377\000p\000r\000o\000j\000e\000c\000t\000N\000a\000m\000e}{subsection.4.12.4}% 459
\BOOKMARK [3][-]{subsubsection.4.12.4.6}{\376\377\000s\000e\000s\000s\000i\000o\000n\000I\000D}{subsection.4.12.4}% 460
\BOOKMARK [3][-]{subsubsection.4.12.4.7}{\376\377\000s\000t\000a\000r\000t\000H\0001}{subsection.4.12.4}% 461
\BOOKMARK [1][-]{section.4.13}{\376\377\000R\000o\000o\000m\000D\000e\000t\000a\000i\000l\000\040\000C\000l\000a\000s\000s\000\040\000R\000e\000f\000e\000r\000e\000n\000c\000e}{chapter.4}% 462
\BOOKMARK [2][-]{subsection.4.13.1}{\376\377\000D\000e\000t\000a\000i\000l\000e\000d\000\040\000D\000e\000s\000c\000r\000i\000p\000t\000i\000o\000n}{section.4.13}% 463
\BOOKMARK [2][-]{subsection.4.13.2}{\376\377\000C\000o\000n\000s\000t\000r\000u\000c\000t\000o\000r\000\040\000\046\000\040\000D\000e\000s\000t\000r\000u\000c\000t\000o\000r\000\040\000D\000o\000c\000u\000m\000e\000n\000t\000a\000t\000i\000o\000n}{section.4.13}% 464
\BOOKMARK [3][-]{subsubsection.4.13.2.1}{\376\377\000R\000o\000o\000m\000D\000e\000t\000a\000i\000l}{subsection.4.13.2}% 465
\BOOKMARK [3][-]{subsubsection.4.13.2.2}{\376\377\000R\000o\000o\000m\000D\000e\000t\000a\000i\000l}{subsection.4.13.2}% 466
\BOOKMARK [2][-]{subsection.4.13.3}{\376\377\000M\000e\000m\000b\000e\000r\000\040\000F\000u\000n\000c\000t\000i\000o\000n\000\040\000D\000o\000c\000u\000m\000e\000n\000t\000a\000t\000i\000o\000n}{section.4.13}% 467
\BOOKMARK [3][-]{subsubsection.4.13.3.1}{\376\377\000A\000n\000c\000h\000o\000r}{subsection.4.13.3}% 468
\BOOKMARK [3][-]{subsubsection.4.13.3.2}{\376\377\000B\000o\000d\000y\000E\000n\000d}{subsection.4.13.3}% 469
\BOOKMARK [3][-]{subsubsection.4.13.3.3}{\376\377\000B\000o\000d\000y\000S\000t\000a\000r\000t}{subsection.4.13.3}% 470
\BOOKMARK [3][-]{subsubsection.4.13.3.4}{\376\377\000B\000u\000t\000t\000o\000n}{subsection.4.13.3}% 471
\BOOKMARK [3][-]{subsubsection.4.13.3.5}{\376\377\000C\000e\000n\000t\000r\000e\000D\000e\000t\000a\000i\000l\000P\000a\000g\000e}{subsection.4.13.3}% 472
\BOOKMARK [3][-]{subsubsection.4.13.3.6}{\376\377\000C\000o\000n\000t\000e\000x\000t\000T\000y\000p\000e}{subsection.4.13.3}% 473
\BOOKMARK [3][-]{subsubsection.4.13.3.7}{\376\377\000C\000S\000S}{subsection.4.13.3}% 474
\BOOKMARK [3][-]{subsubsection.4.13.3.8}{\376\377\000D\000i\000v\000E\000n\000d}{subsection.4.13.3}% 475
\BOOKMARK [3][-]{subsubsection.4.13.3.9}{\376\377\000D\000i\000v\000S\000t\000a\000r\000t}{subsection.4.13.3}% 476
\BOOKMARK [3][-]{subsubsection.4.13.3.10}{\376\377\000F\000o\000o\000t\000e\000r}{subsection.4.13.3}% 477
\BOOKMARK [3][-]{subsubsection.4.13.3.11}{\376\377\000F\000o\000r\000m\000E\000n\000d}{subsection.4.13.3}% 478
\BOOKMARK [3][-]{subsubsection.4.13.3.12}{\376\377\000F\000o\000r\000m\000S\000t\000a\000r\000t}{subsection.4.13.3}% 479
\BOOKMARK [3][-]{subsubsection.4.13.3.13}{\376\377\000H\000e\000a\000d}{subsection.4.13.3}% 480
\BOOKMARK [3][-]{subsubsection.4.13.3.14}{\376\377\000H\000e\000a\000d\000E\000n\000d}{subsection.4.13.3}% 481
\BOOKMARK [3][-]{subsubsection.4.13.3.15}{\376\377\000H\000e\000a\000d\000e\000r}{subsection.4.13.3}% 482
\BOOKMARK [3][-]{subsubsection.4.13.3.16}{\376\377\000H\000e\000a\000d\000e\000r}{subsection.4.13.3}% 483
\BOOKMARK [3][-]{subsubsection.4.13.3.17}{\376\377\000H\000e\000a\000d\000S\000t\000a\000r\000t}{subsection.4.13.3}% 484
\BOOKMARK [3][-]{subsubsection.4.13.3.18}{\376\377\000H\000T\000M\000L\000E\000n\000d}{subsection.4.13.3}% 485
\BOOKMARK [3][-]{subsubsection.4.13.3.19}{\376\377\000H\000T\000M\000L\000S\000t\000a\000r\000t}{subsection.4.13.3}% 486
\BOOKMARK [3][-]{subsubsection.4.13.3.20}{\376\377\000I\000n\000p\000u\000t\000F\000i\000e\000l\000d}{subsection.4.13.3}% 487
\BOOKMARK [3][-]{subsubsection.4.13.3.21}{\376\377\000I\000n\000p\000u\000t\000F\000i\000e\000l\000d}{subsection.4.13.3}% 488
\BOOKMARK [3][-]{subsubsection.4.13.3.22}{\376\377\000I\000n\000t\000T\000o\000S\000t\000r\000i\000n\000g}{subsection.4.13.3}% 489
\BOOKMARK [3][-]{subsubsection.4.13.3.23}{\376\377\000J\000a\000v\000a\000s\000c\000r\000i\000p\000t}{subsection.4.13.3}% 490
\BOOKMARK [3][-]{subsubsection.4.13.3.24}{\376\377\000L\000a\000b\000e\000l}{subsection.4.13.3}% 491
\BOOKMARK [3][-]{subsubsection.4.13.3.25}{\376\377\000L\000i\000s\000t\000E\000n\000d}{subsection.4.13.3}% 492
\BOOKMARK [3][-]{subsubsection.4.13.3.26}{\376\377\000L\000i\000s\000t\000I\000t\000e\000m}{subsection.4.13.3}% 493
\BOOKMARK [3][-]{subsubsection.4.13.3.27}{\376\377\000L\000i\000s\000t\000S\000t\000a\000r\000t}{subsection.4.13.3}% 494
\BOOKMARK [3][-]{subsubsection.4.13.3.28}{\376\377\000L\000o\000g\000o}{subsection.4.13.3}% 495
\BOOKMARK [3][-]{subsubsection.4.13.3.29}{\376\377\000L\000o\000g\000o\000u\000t\000L\000i\000n\000k}{subsection.4.13.3}% 496
\BOOKMARK [3][-]{subsubsection.4.13.3.30}{\376\377\000M\000e\000n\000u}{subsection.4.13.3}% 497
\BOOKMARK [3][-]{subsubsection.4.13.3.31}{\376\377\000R\000e\000a\000d\000C\000e\000n\000t\000r\000e\000D\000e\000t\000a\000i\000l}{subsection.4.13.3}% 498
\BOOKMARK [3][-]{subsubsection.4.13.3.32}{\376\377\000R\000e\000a\000d\000R\000o\000l\000l\000N\000o\000D\000e\000t\000a\000i\000l}{subsection.4.13.3}% 499
\BOOKMARK [3][-]{subsubsection.4.13.3.33}{\376\377\000R\000e\000a\000d\000R\000o\000o\000m\000D\000e\000t\000a\000i\000l}{subsection.4.13.3}% 500
\BOOKMARK [3][-]{subsubsection.4.13.3.34}{\376\377\000R\000e\000a\000d\000T\000o\000t\000a\000l\000C\000e\000n\000t\000r\000e}{subsection.4.13.3}% 501
\BOOKMARK [3][-]{subsubsection.4.13.3.35}{\376\377\000R\000o\000o\000m\000D\000e\000t\000a\000i\000l\000P\000a\000g\000e}{subsection.4.13.3}% 502
\BOOKMARK [3][-]{subsubsection.4.13.3.36}{\376\377\000S\000e\000l\000e\000c\000t\000F\000i\000e\000l\000d\000E\000n\000d}{subsection.4.13.3}% 503
\BOOKMARK [3][-]{subsubsection.4.13.3.37}{\376\377\000S\000e\000l\000e\000c\000t\000F\000i\000e\000l\000d\000S\000t\000a\000r\000t}{subsection.4.13.3}% 504
\BOOKMARK [3][-]{subsubsection.4.13.3.38}{\376\377\000S\000e\000l\000e\000c\000t\000O\000p\000t\000i\000o\000n\000E\000n\000d}{subsection.4.13.3}% 505
\BOOKMARK [3][-]{subsubsection.4.13.3.39}{\376\377\000S\000e\000l\000e\000c\000t\000O\000p\000t\000i\000o\000n\000S\000t\000a\000r\000t}{subsection.4.13.3}% 506
\BOOKMARK [3][-]{subsubsection.4.13.3.40}{\376\377\000S\000e\000t\000C\000o\000o\000k\000i\000e\000s}{subsection.4.13.3}% 507
\BOOKMARK [3][-]{subsubsection.4.13.3.41}{\376\377\000S\000e\000t\000H\000T\000M\000L\000V\000a\000r\000i\000a\000b\000l\000e\000s}{subsection.4.13.3}% 508
\BOOKMARK [3][-]{subsubsection.4.13.3.42}{\376\377\000S\000t\000r\000i\000n\000g\000T\000o\000I\000n\000t}{subsection.4.13.3}% 509
\BOOKMARK [3][-]{subsubsection.4.13.3.43}{\376\377\000T\000a\000b\000l\000e\000E\000n\000d}{subsection.4.13.3}% 510
\BOOKMARK [3][-]{subsubsection.4.13.3.44}{\376\377\000T\000a\000b\000l\000e\000S\000t\000a\000r\000t}{subsection.4.13.3}% 511
\BOOKMARK [3][-]{subsubsection.4.13.3.45}{\376\377\000T\000i\000t\000l\000e}{subsection.4.13.3}% 512
\BOOKMARK [3][-]{subsubsection.4.13.3.46}{\376\377\000T\000o\000t\000a\000l\000C\000e\000n\000t\000r\000e\000P\000a\000g\000e}{subsection.4.13.3}% 513
\BOOKMARK [2][-]{subsection.4.13.4}{\376\377\000M\000e\000m\000b\000e\000r\000\040\000D\000a\000t\000a\000\040\000D\000o\000c\000u\000m\000e\000n\000t\000a\000t\000i\000o\000n}{section.4.13}% 514
\BOOKMARK [3][-]{subsubsection.4.13.4.1}{\376\377\000e\000m\000a\000i\000l\000I\000D}{subsection.4.13.4}% 515
\BOOKMARK [3][-]{subsubsection.4.13.4.2}{\376\377\000f\000i\000e\000l\000d\000N\000a\000m\000e}{subsection.4.13.4}% 516
\BOOKMARK [3][-]{subsubsection.4.13.4.3}{\376\377\000p\000r\000o\000j\000e\000c\000t\000I\000D}{subsection.4.13.4}% 517
\BOOKMARK [3][-]{subsubsection.4.13.4.4}{\376\377\000p\000r\000o\000j\000e\000c\000t\000N\000a\000m\000e}{subsection.4.13.4}% 518
\BOOKMARK [3][-]{subsubsection.4.13.4.5}{\376\377\000s\000e\000s\000s\000i\000o\000n\000I\000D}{subsection.4.13.4}% 519
\BOOKMARK [3][-]{subsubsection.4.13.4.6}{\376\377\000s\000t\000a\000r\000t\000H\0001}{subsection.4.13.4}% 520
\BOOKMARK [3][-]{subsubsection.4.13.4.7}{\376\377\000t\000o\000t\000a\000l\000R\000o\000l\000l\000N\000o}{subsection.4.13.4}% 521
\BOOKMARK [0][-]{chapter.5}{\376\377\000F\000i\000l\000e\000\040\000D\000o\000c\000u\000m\000e\000n\000t\000a\000t\000i\000o\000n}{}% 522
\BOOKMARK [1][-]{section.5.1}{\376\377\000s\000r\000c\000/\000c\000e\000n\000t\000r\000e\000d\000e\000t\000a\000i\000l\000-\000m\000a\000i\000n\000.\000c\000p\000p\000\040\000F\000i\000l\000e\000\040\000R\000e\000f\000e\000r\000e\000n\000c\000e}{chapter.5}% 523
\BOOKMARK [2][-]{subsection.5.1.1}{\376\377\000D\000e\000t\000a\000i\000l\000e\000d\000\040\000D\000e\000s\000c\000r\000i\000p\000t\000i\000o\000n}{section.5.1}% 524
\BOOKMARK [2][-]{subsection.5.1.2}{\376\377\000F\000u\000n\000c\000t\000i\000o\000n\000\040\000D\000o\000c\000u\000m\000e\000n\000t\000a\000t\000i\000o\000n}{section.5.1}% 525
\BOOKMARK [3][-]{subsubsection.5.1.2.1}{\376\377\000m\000a\000i\000n}{subsection.5.1.2}% 526
\BOOKMARK [1][-]{section.5.2}{\376\377\000s\000r\000c\000/\000r\000o\000o\000m\000d\000e\000t\000a\000i\000l\000-\000m\000a\000i\000n\000.\000c\000p\000p\000\040\000F\000i\000l\000e\000\040\000R\000e\000f\000e\000r\000e\000n\000c\000e}{chapter.5}% 527
\BOOKMARK [2][-]{subsection.5.2.1}{\376\377\000D\000e\000t\000a\000i\000l\000e\000d\000\040\000D\000e\000s\000c\000r\000i\000p\000t\000i\000o\000n}{section.5.2}% 528
\BOOKMARK [2][-]{subsection.5.2.2}{\376\377\000F\000u\000n\000c\000t\000i\000o\000n\000\040\000D\000o\000c\000u\000m\000e\000n\000t\000a\000t\000i\000o\000n}{section.5.2}% 529
\BOOKMARK [3][-]{subsubsection.5.2.2.1}{\376\377\000m\000a\000i\000n}{subsection.5.2.2}% 530
