\BOOKMARK [0][-]{chapter.1}{\376\377\000M\000a\000i\000n\000\040\000P\000a\000g\000e}{}% 1
\BOOKMARK [0][-]{chapter.2}{\376\377\000N\000a\000m\000e\000s\000p\000a\000c\000e\000\040\000I\000n\000d\000e\000x}{}% 2
\BOOKMARK [1][-]{section.2.1}{\376\377\000N\000a\000m\000e\000s\000p\000a\000c\000e\000\040\000L\000i\000s\000t}{chapter.2}% 3
\BOOKMARK [0][-]{chapter.3}{\376\377\000H\000i\000e\000r\000a\000r\000c\000h\000i\000c\000a\000l\000\040\000I\000n\000d\000e\000x}{}% 4
\BOOKMARK [1][-]{section.3.1}{\376\377\000C\000l\000a\000s\000s\000\040\000H\000i\000e\000r\000a\000r\000c\000h\000y}{chapter.3}% 5
\BOOKMARK [0][-]{chapter.4}{\376\377\000C\000l\000a\000s\000s\000\040\000I\000n\000d\000e\000x}{}% 6
\BOOKMARK [1][-]{section.4.1}{\376\377\000C\000l\000a\000s\000s\000\040\000L\000i\000s\000t}{chapter.4}% 7
\BOOKMARK [0][-]{chapter.5}{\376\377\000F\000i\000l\000e\000\040\000I\000n\000d\000e\000x}{}% 8
\BOOKMARK [1][-]{section.5.1}{\376\377\000F\000i\000l\000e\000\040\000L\000i\000s\000t}{chapter.5}% 9
\BOOKMARK [0][-]{chapter.6}{\376\377\000N\000a\000m\000e\000s\000p\000a\000c\000e\000\040\000D\000o\000c\000u\000m\000e\000n\000t\000a\000t\000i\000o\000n}{}% 10
\BOOKMARK [1][-]{section.6.1}{\376\377\000n\000a\000m\000e\000\040\000N\000a\000m\000e\000s\000p\000a\000c\000e\000\040\000R\000e\000f\000e\000r\000e\000n\000c\000e}{chapter.6}% 11
\BOOKMARK [2][-]{subsection.6.1.1}{\376\377\000D\000e\000t\000a\000i\000l\000e\000d\000\040\000D\000e\000s\000c\000r\000i\000p\000t\000i\000o\000n}{section.6.1}% 12
\BOOKMARK [2][-]{subsection.6.1.2}{\376\377\000V\000a\000r\000i\000a\000b\000l\000e\000\040\000D\000o\000c\000u\000m\000e\000n\000t\000a\000t\000i\000o\000n}{section.6.1}% 13
\BOOKMARK [3][-]{subsubsection.6.1.2.1}{\376\377\000t\000a\000b\000l\000e}{subsection.6.1.2}% 14
\BOOKMARK [0][-]{chapter.7}{\376\377\000C\000l\000a\000s\000s\000\040\000D\000o\000c\000u\000m\000e\000n\000t\000a\000t\000i\000o\000n}{}% 15
\BOOKMARK [1][-]{section.7.1}{\376\377\000A\000r\000r\000a\000n\000g\000e\000R\000o\000l\000l\000N\000o\000\040\000C\000l\000a\000s\000s\000\040\000R\000e\000f\000e\000r\000e\000n\000c\000e}{chapter.7}% 16
\BOOKMARK [2][-]{subsection.7.1.1}{\376\377\000D\000e\000t\000a\000i\000l\000e\000d\000\040\000D\000e\000s\000c\000r\000i\000p\000t\000i\000o\000n}{section.7.1}% 17
\BOOKMARK [2][-]{subsection.7.1.2}{\376\377\000C\000o\000n\000s\000t\000r\000u\000c\000t\000o\000r\000\040\000\046\000\040\000D\000e\000s\000t\000r\000u\000c\000t\000o\000r\000\040\000D\000o\000c\000u\000m\000e\000n\000t\000a\000t\000i\000o\000n}{section.7.1}% 18
\BOOKMARK [3][-]{subsubsection.7.1.2.1}{\376\377\000A\000r\000r\000a\000n\000g\000e\000R\000o\000l\000l\000N\000o}{subsection.7.1.2}% 19
\BOOKMARK [3][-]{subsubsection.7.1.2.2}{\376\377\000A\000r\000r\000a\000n\000g\000e\000R\000o\000l\000l\000N\000o}{subsection.7.1.2}% 20
\BOOKMARK [2][-]{subsection.7.1.3}{\376\377\000M\000e\000m\000b\000e\000r\000\040\000F\000u\000n\000c\000t\000i\000o\000n\000\040\000D\000o\000c\000u\000m\000e\000n\000t\000a\000t\000i\000o\000n}{section.7.1}% 21
\BOOKMARK [3][-]{subsubsection.7.1.3.1}{\376\377\000A\000d\000d\000P\000r\000e\000f\000i\000x\000W\000i\000t\000h\000R\000o\000l\000l\000N\000o}{subsection.7.1.3}% 22
\BOOKMARK [3][-]{subsubsection.7.1.3.2}{\376\377\000M\000a\000i\000n}{subsection.7.1.3}% 23
\BOOKMARK [3][-]{subsubsection.7.1.3.3}{\376\377\000R\000e\000m\000o\000v\000e\000N\000o\000n\000E\000l\000i\000g\000i\000b\000l\000e\000R\000o\000l\000l\000N\000o}{subsection.7.1.3}% 24
\BOOKMARK [3][-]{subsubsection.7.1.3.4}{\376\377\000R\000e\000m\000o\000v\000e\000R\000e\000d\000u\000n\000d\000a\000n\000c\000y}{subsection.7.1.3}% 25
\BOOKMARK [3][-]{subsubsection.7.1.3.5}{\376\377\000S\000o\000r\000t\000R\000o\000l\000l\000N\000o}{subsection.7.1.3}% 26
\BOOKMARK [3][-]{subsubsection.7.1.3.6}{\376\377\000W\000r\000i\000t\000e\000A\000r\000r\000a\000n\000g\000e\000d\000R\000o\000l\000l\000N\000o}{subsection.7.1.3}% 27
\BOOKMARK [2][-]{subsection.7.1.4}{\376\377\000M\000e\000m\000b\000e\000r\000\040\000D\000a\000t\000a\000\040\000D\000o\000c\000u\000m\000e\000n\000t\000a\000t\000i\000o\000n}{section.7.1}% 28
\BOOKMARK [3][-]{subsubsection.7.1.4.1}{\376\377\000e\000x\000p\000a\000n\000d\000R\000N\000o}{subsection.7.1.4}% 29
\BOOKMARK [3][-]{subsubsection.7.1.4.2}{\376\377\000n\000o\000t\000I\000n\000c\000l\000u\000d\000e\000d\000R\000N\000o}{subsection.7.1.4}% 30
\BOOKMARK [3][-]{subsubsection.7.1.4.3}{\376\377\000p\000r\000e\000f\000i\000x}{subsection.7.1.4}% 31
\BOOKMARK [3][-]{subsubsection.7.1.4.4}{\376\377\000p\000r\000e\000f\000i\000x\000R\000o\000l\000l\000N\000o}{subsection.7.1.4}% 32
\BOOKMARK [3][-]{subsubsection.7.1.4.5}{\376\377\000r\000o\000l\000l\000N\000o}{subsection.7.1.4}% 33
\BOOKMARK [1][-]{section.7.2}{\376\377\000B\000a\000K\000a\000P\000l\000a\000n\000\040\000C\000l\000a\000s\000s\000\040\000R\000e\000f\000e\000r\000e\000n\000c\000e}{chapter.7}% 34
\BOOKMARK [2][-]{subsection.7.2.1}{\376\377\000D\000e\000t\000a\000i\000l\000e\000d\000\040\000D\000e\000s\000c\000r\000i\000p\000t\000i\000o\000n}{section.7.2}% 35
\BOOKMARK [2][-]{subsection.7.2.2}{\376\377\000C\000o\000n\000s\000t\000r\000u\000c\000t\000o\000r\000\040\000\046\000\040\000D\000e\000s\000t\000r\000u\000c\000t\000o\000r\000\040\000D\000o\000c\000u\000m\000e\000n\000t\000a\000t\000i\000o\000n}{section.7.2}% 36
\BOOKMARK [3][-]{subsubsection.7.2.2.1}{\376\377\000B\000a\000K\000a\000P\000l\000a\000n}{subsection.7.2.2}% 37
\BOOKMARK [2][-]{subsection.7.2.3}{\376\377\000M\000e\000m\000b\000e\000r\000\040\000F\000u\000n\000c\000t\000i\000o\000n\000\040\000D\000o\000c\000u\000m\000e\000n\000t\000a\000t\000i\000o\000n}{section.7.2}% 38
\BOOKMARK [3][-]{subsubsection.7.2.3.1}{\376\377\000M\000a\000i\000n}{subsection.7.2.3}% 39
\BOOKMARK [1][-]{section.7.3}{\376\377\000D\000a\000t\000a\000b\000a\000s\000e\000\040\000C\000l\000a\000s\000s\000\040\000R\000e\000f\000e\000r\000e\000n\000c\000e}{chapter.7}% 40
\BOOKMARK [2][-]{subsection.7.3.1}{\376\377\000D\000e\000t\000a\000i\000l\000e\000d\000\040\000D\000e\000s\000c\000r\000i\000p\000t\000i\000o\000n}{section.7.3}% 41
\BOOKMARK [2][-]{subsection.7.3.2}{\376\377\000C\000o\000n\000s\000t\000r\000u\000c\000t\000o\000r\000\040\000\046\000\040\000D\000e\000s\000t\000r\000u\000c\000t\000o\000r\000\040\000D\000o\000c\000u\000m\000e\000n\000t\000a\000t\000i\000o\000n}{section.7.3}% 42
\BOOKMARK [3][-]{subsubsection.7.3.2.1}{\376\377\000D\000a\000t\000a\000b\000a\000s\000e}{subsection.7.3.2}% 43
\BOOKMARK [3][-]{subsubsection.7.3.2.2}{\376\377\000D\000a\000t\000a\000b\000a\000s\000e}{subsection.7.3.2}% 44
\BOOKMARK [2][-]{subsection.7.3.3}{\376\377\000M\000e\000m\000b\000e\000r\000\040\000F\000u\000n\000c\000t\000i\000o\000n\000\040\000D\000o\000c\000u\000m\000e\000n\000t\000a\000t\000i\000o\000n}{section.7.3}% 45
\BOOKMARK [3][-]{subsubsection.7.3.3.1}{\376\377\000D\000e\000l\000e\000t\000e\000Q\000u\000e\000r\000y}{subsection.7.3.3}% 46
\BOOKMARK [3][-]{subsubsection.7.3.3.2}{\376\377\000I\000n\000s\000e\000r\000t\000C\000l\000a\000s\000s\000D\000e\000t\000a\000i\000l}{subsection.7.3.3}% 47
\BOOKMARK [3][-]{subsubsection.7.3.3.3}{\376\377\000I\000n\000s\000e\000r\000t\000D\000a\000t\000e\000S\000h\000e\000e\000t}{subsection.7.3.3}% 48
\BOOKMARK [3][-]{subsubsection.7.3.3.4}{\376\377\000I\000n\000s\000e\000r\000t\000E\000x\000a\000m\000D\000e\000t\000a\000i\000l}{subsection.7.3.3}% 49
\BOOKMARK [3][-]{subsubsection.7.3.3.5}{\376\377\000I\000n\000s\000e\000r\000t\000P\000r\000o\000j\000e\000c\000t\000D\000e\000t\000a\000i\000l}{subsection.7.3.3}% 50
\BOOKMARK [3][-]{subsubsection.7.3.3.6}{\376\377\000I\000n\000s\000e\000r\000t\000Q\000u\000e\000r\000y}{subsection.7.3.3}% 51
\BOOKMARK [3][-]{subsubsection.7.3.3.7}{\376\377\000I\000n\000s\000e\000r\000t\000R\000e\000g\000i\000s\000t\000r\000a\000t\000i\000o\000n\000D\000e\000t\000a\000i\000l}{subsection.7.3.3}% 52
\BOOKMARK [3][-]{subsubsection.7.3.3.8}{\376\377\000I\000n\000s\000e\000r\000t\000R\000e\000s\000e\000t\000P\000a\000s\000s\000w\000o\000r\000d}{subsection.7.3.3}% 53
\BOOKMARK [3][-]{subsubsection.7.3.3.9}{\376\377\000I\000n\000s\000e\000r\000t\000R\000o\000l\000l\000N\000o\000D\000e\000t\000a\000i\000l}{subsection.7.3.3}% 54
\BOOKMARK [3][-]{subsubsection.7.3.3.10}{\376\377\000I\000n\000s\000e\000r\000t\000R\000o\000o\000m\000D\000e\000t\000a\000i\000l}{subsection.7.3.3}% 55
\BOOKMARK [3][-]{subsubsection.7.3.3.11}{\376\377\000I\000n\000s\000e\000r\000t\000S\000e\000s\000s\000i\000o\000n\000D\000e\000t\000a\000i\000l}{subsection.7.3.3}% 56
\BOOKMARK [3][-]{subsubsection.7.3.3.12}{\376\377\000I\000n\000s\000e\000r\000t\000S\000t\000r\000a\000t\000e\000g\000y\000D\000e\000t\000a\000i\000l}{subsection.7.3.3}% 57
\BOOKMARK [3][-]{subsubsection.7.3.3.13}{\376\377\000I\000n\000s\000e\000r\000t\000U\000s\000e\000r\000D\000e\000t\000a\000i\000l}{subsection.7.3.3}% 58
\BOOKMARK [3][-]{subsubsection.7.3.3.14}{\376\377\000I\000n\000s\000e\000r\000t\000V\000a\000l\000i\000d\000S\000t\000r\000a\000t\000e\000g\000y}{subsection.7.3.3}% 59
\BOOKMARK [3][-]{subsubsection.7.3.3.15}{\376\377\000Q\000u\000e\000r\000y}{subsection.7.3.3}% 60
\BOOKMARK [3][-]{subsubsection.7.3.3.16}{\376\377\000S\000e\000l\000e\000c\000t\000C\000o\000l\000u\000m\000n}{subsection.7.3.3}% 61
\BOOKMARK [3][-]{subsubsection.7.3.3.17}{\376\377\000S\000e\000l\000e\000c\000t\000P\000r\000o\000j\000e\000c\000t\000I\000D}{subsection.7.3.3}% 62
\BOOKMARK [3][-]{subsubsection.7.3.3.18}{\376\377\000S\000e\000l\000e\000c\000t\000Q\000u\000e\000r\000y}{subsection.7.3.3}% 63
\BOOKMARK [3][-]{subsubsection.7.3.3.19}{\376\377\000S\000e\000l\000e\000c\000t\000S\000u\000m}{subsection.7.3.3}% 64
\BOOKMARK [3][-]{subsubsection.7.3.3.20}{\376\377\000U\000p\000d\000a\000t\000e\000Q\000u\000e\000r\000y}{subsection.7.3.3}% 65
\BOOKMARK [2][-]{subsection.7.3.4}{\376\377\000M\000e\000m\000b\000e\000r\000\040\000D\000a\000t\000a\000\040\000D\000o\000c\000u\000m\000e\000n\000t\000a\000t\000i\000o\000n}{section.7.3}% 66
\BOOKMARK [3][-]{subsubsection.7.3.4.1}{\376\377\000c\000o\000n\000n\000e\000c\000t}{subsection.7.3.4}% 67
\BOOKMARK [3][-]{subsubsection.7.3.4.2}{\376\377\000n\000u\000m\000r\000o\000w\000s}{subsection.7.3.4}% 68
\BOOKMARK [1][-]{section.7.4}{\376\377\000D\000a\000t\000a\000S\000h\000e\000e\000t\000\040\000C\000l\000a\000s\000s\000\040\000R\000e\000f\000e\000r\000e\000n\000c\000e}{chapter.7}% 69
\BOOKMARK [2][-]{subsection.7.4.1}{\376\377\000D\000e\000t\000a\000i\000l\000e\000d\000\040\000D\000e\000s\000c\000r\000i\000p\000t\000i\000o\000n}{section.7.4}% 70
\BOOKMARK [1][-]{section.7.5}{\376\377\000D\000a\000t\000e\000S\000h\000e\000e\000t\000\040\000C\000l\000a\000s\000s\000\040\000R\000e\000f\000e\000r\000e\000n\000c\000e}{chapter.7}% 71
\BOOKMARK [2][-]{subsection.7.5.1}{\376\377\000D\000e\000t\000a\000i\000l\000e\000d\000\040\000D\000e\000s\000c\000r\000i\000p\000t\000i\000o\000n}{section.7.5}% 72
\BOOKMARK [2][-]{subsection.7.5.2}{\376\377\000C\000o\000n\000s\000t\000r\000u\000c\000t\000o\000r\000\040\000\046\000\040\000D\000e\000s\000t\000r\000u\000c\000t\000o\000r\000\040\000D\000o\000c\000u\000m\000e\000n\000t\000a\000t\000i\000o\000n}{section.7.5}% 73
\BOOKMARK [3][-]{subsubsection.7.5.2.1}{\376\377\000D\000a\000t\000e\000S\000h\000e\000e\000t}{subsection.7.5.2}% 74
\BOOKMARK [3][-]{subsubsection.7.5.2.2}{\376\377\000D\000a\000t\000e\000S\000h\000e\000e\000t}{subsection.7.5.2}% 75
\BOOKMARK [2][-]{subsection.7.5.3}{\376\377\000M\000e\000m\000b\000e\000r\000\040\000F\000u\000n\000c\000t\000i\000o\000n\000\040\000D\000o\000c\000u\000m\000e\000n\000t\000a\000t\000i\000o\000n}{section.7.5}% 76
\BOOKMARK [3][-]{subsubsection.7.5.3.1}{\376\377\000A\000d\000d\000R\000o\000l\000l\000N\000o\000W\000i\000t\000h\000D\000a\000t\000e\000S\000h\000e\000e\000t}{subsection.7.5.3}% 77
\BOOKMARK [3][-]{subsubsection.7.5.3.2}{\376\377\000M\000a\000i\000n}{subsection.7.5.3}% 78
\BOOKMARK [3][-]{subsubsection.7.5.3.3}{\376\377\000W\000r\000i\000t\000e\000D\000a\000t\000e\000S\000h\000e\000e\000t}{subsection.7.5.3}% 79
\BOOKMARK [1][-]{section.7.6}{\376\377\000E\000x\000a\000p\000a\000n\000d\000R\000o\000l\000l\000N\000o\000\040\000C\000l\000a\000s\000s\000\040\000R\000e\000f\000e\000r\000e\000n\000c\000e}{chapter.7}% 80
\BOOKMARK [2][-]{subsection.7.6.1}{\376\377\000D\000e\000t\000a\000i\000l\000e\000d\000\040\000D\000e\000s\000c\000r\000i\000p\000t\000i\000o\000n}{section.7.6}% 81
\BOOKMARK [1][-]{section.7.7}{\376\377\000E\000x\000p\000a\000n\000d\000R\000o\000l\000l\000N\000o\000\040\000C\000l\000a\000s\000s\000\040\000R\000e\000f\000e\000r\000e\000n\000c\000e}{chapter.7}% 82
\BOOKMARK [2][-]{subsection.7.7.1}{\376\377\000D\000e\000t\000a\000i\000l\000e\000d\000\040\000D\000e\000s\000c\000r\000i\000p\000t\000i\000o\000n}{section.7.7}% 83
\BOOKMARK [2][-]{subsection.7.7.2}{\376\377\000C\000o\000n\000s\000t\000r\000u\000c\000t\000o\000r\000\040\000\046\000\040\000D\000e\000s\000t\000r\000u\000c\000t\000o\000r\000\040\000D\000o\000c\000u\000m\000e\000n\000t\000a\000t\000i\000o\000n}{section.7.7}% 84
\BOOKMARK [3][-]{subsubsection.7.7.2.1}{\376\377\000E\000x\000p\000a\000n\000d\000R\000o\000l\000l\000N\000o}{subsection.7.7.2}% 85
\BOOKMARK [3][-]{subsubsection.7.7.2.2}{\376\377\000E\000x\000p\000a\000n\000d\000R\000o\000l\000l\000N\000o}{subsection.7.7.2}% 86
\BOOKMARK [2][-]{subsection.7.7.3}{\376\377\000M\000e\000m\000b\000e\000r\000\040\000F\000u\000n\000c\000t\000i\000o\000n\000\040\000D\000o\000c\000u\000m\000e\000n\000t\000a\000t\000i\000o\000n}{section.7.7}% 87
\BOOKMARK [3][-]{subsubsection.7.7.3.1}{\376\377\000E\000x\000p\000a\000n\000d\000R\000o\000l\000l\000N\000o\000L\000i\000s\000t}{subsection.7.7.3}% 88
\BOOKMARK [3][-]{subsubsection.7.7.3.2}{\376\377\000E\000x\000p\000a\000n\000d\000R\000o\000l\000l\000N\000o\000s}{subsection.7.7.3}% 89
\BOOKMARK [3][-]{subsubsection.7.7.3.3}{\376\377\000W\000r\000i\000t\000e\000E\000x\000p\000a\000n\000d\000R\000o\000l\000l\000N\000o}{subsection.7.7.3}% 90
\BOOKMARK [1][-]{section.7.8}{\376\377\000I\000n\000p\000u\000t\000D\000e\000t\000a\000i\000l\000\040\000C\000l\000a\000s\000s\000\040\000R\000e\000f\000e\000r\000e\000n\000c\000e}{chapter.7}% 91
\BOOKMARK [2][-]{subsection.7.8.1}{\376\377\000D\000e\000t\000a\000i\000l\000e\000d\000\040\000D\000e\000s\000c\000r\000i\000p\000t\000i\000o\000n}{section.7.8}% 92
\BOOKMARK [2][-]{subsection.7.8.2}{\376\377\000C\000o\000n\000s\000t\000r\000u\000c\000t\000o\000r\000\040\000\046\000\040\000D\000e\000s\000t\000r\000u\000c\000t\000o\000r\000\040\000D\000o\000c\000u\000m\000e\000n\000t\000a\000t\000i\000o\000n}{section.7.8}% 93
\BOOKMARK [3][-]{subsubsection.7.8.2.1}{\376\377\000I\000n\000p\000u\000t\000D\000e\000t\000a\000i\000l}{subsection.7.8.2}% 94
\BOOKMARK [2][-]{subsection.7.8.3}{\376\377\000M\000e\000m\000b\000e\000r\000\040\000F\000u\000n\000c\000t\000i\000o\000n\000\040\000D\000o\000c\000u\000m\000e\000n\000t\000a\000t\000i\000o\000n}{section.7.8}% 95
\BOOKMARK [3][-]{subsubsection.7.8.3.1}{\376\377\000F\000i\000l\000e\000N\000a\000m\000e}{subsection.7.8.3}% 96
\BOOKMARK [3][-]{subsubsection.7.8.3.2}{\376\377\000I\000n\000t\000T\000o\000S\000t\000r\000i\000n\000g}{subsection.7.8.3}% 97
\BOOKMARK [3][-]{subsubsection.7.8.3.3}{\376\377\000S\000t\000r\000i\000n\000g\000T\000o\000I\000n\000t}{subsection.7.8.3}% 98
\BOOKMARK [2][-]{subsection.7.8.4}{\376\377\000M\000e\000m\000b\000e\000r\000\040\000D\000a\000t\000a\000\040\000D\000o\000c\000u\000m\000e\000n\000t\000a\000t\000i\000o\000n}{section.7.8}% 99
\BOOKMARK [3][-]{subsubsection.7.8.4.1}{\376\377\000d\000b}{subsection.7.8.4}% 100
\BOOKMARK [3][-]{subsubsection.7.8.4.2}{\376\377\000f\000i\000l\000e\000N\000a\000m\000e}{subsection.7.8.4}% 101
\BOOKMARK [3][-]{subsubsection.7.8.4.3}{\376\377\000i\000n\000F\000i\000l\000e}{subsection.7.8.4}% 102
\BOOKMARK [3][-]{subsubsection.7.8.4.4}{\376\377\000l}{subsection.7.8.4}% 103
\BOOKMARK [3][-]{subsubsection.7.8.4.5}{\376\377\000m\000s\000g}{subsection.7.8.4}% 104
\BOOKMARK [3][-]{subsubsection.7.8.4.6}{\376\377\000o\000l\000d\000P\000r\000o\000j\000e\000c\000t}{subsection.7.8.4}% 105
\BOOKMARK [3][-]{subsubsection.7.8.4.7}{\376\377\000o\000u\000t\000F\000i\000l\000e}{subsection.7.8.4}% 106
\BOOKMARK [3][-]{subsubsection.7.8.4.8}{\376\377\000r\000e\000a\000d\000F\000i\000e\000l\000d}{subsection.7.8.4}% 107
\BOOKMARK [3][-]{subsubsection.7.8.4.9}{\376\377\000s\000e\000s\000s\000i\000o\000n\000I\000D}{subsection.7.8.4}% 108
\BOOKMARK [3][-]{subsubsection.7.8.4.10}{\376\377\000s\000p\000l\000i\000t\000S\000t\000r\000i\000n\000g}{subsection.7.8.4}% 109
\BOOKMARK [3][-]{subsubsection.7.8.4.11}{\376\377\000s\000s}{subsection.7.8.4}% 110
\BOOKMARK [3][-]{subsubsection.7.8.4.12}{\376\377\000t\000e\000m\000p\0001}{subsection.7.8.4}% 111
\BOOKMARK [3][-]{subsubsection.7.8.4.13}{\376\377\000v\000e\000c\000T\000e\000m\000p}{subsection.7.8.4}% 112
\BOOKMARK [3][-]{subsubsection.7.8.4.14}{\376\377\000w\000h\000e\000r\000e}{subsection.7.8.4}% 113
\BOOKMARK [1][-]{section.7.9}{\376\377\000j\000w\000s\000m\000t\000p\000:\000:\000m\000a\000i\000l\000e\000r\000\040\000C\000l\000a\000s\000s\000\040\000R\000e\000f\000e\000r\000e\000n\000c\000e}{chapter.7}% 114
\BOOKMARK [2][-]{subsection.7.9.1}{\376\377\000D\000e\000t\000a\000i\000l\000e\000d\000\040\000D\000e\000s\000c\000r\000i\000p\000t\000i\000o\000n}{section.7.9}% 115
\BOOKMARK [1][-]{section.7.10}{\376\377\000M\000D\0005\000\040\000C\000l\000a\000s\000s\000\040\000R\000e\000f\000e\000r\000e\000n\000c\000e}{chapter.7}% 116
\BOOKMARK [2][-]{subsection.7.10.1}{\376\377\000D\000e\000t\000a\000i\000l\000e\000d\000\040\000D\000e\000s\000c\000r\000i\000p\000t\000i\000o\000n}{section.7.10}% 117
\BOOKMARK [1][-]{section.7.11}{\376\377\000P\000a\000g\000e\000S\000t\000r\000u\000c\000t\000u\000r\000e\000\040\000C\000l\000a\000s\000s\000\040\000R\000e\000f\000e\000r\000e\000n\000c\000e}{chapter.7}% 118
\BOOKMARK [2][-]{subsection.7.11.1}{\376\377\000D\000e\000t\000a\000i\000l\000e\000d\000\040\000D\000e\000s\000c\000r\000i\000p\000t\000i\000o\000n}{section.7.11}% 119
\BOOKMARK [2][-]{subsection.7.11.2}{\376\377\000M\000e\000m\000b\000e\000r\000\040\000F\000u\000n\000c\000t\000i\000o\000n\000\040\000D\000o\000c\000u\000m\000e\000n\000t\000a\000t\000i\000o\000n}{section.7.11}% 120
\BOOKMARK [3][-]{subsubsection.7.11.2.1}{\376\377\000C\000S\000S}{subsection.7.11.2}% 121
\BOOKMARK [3][-]{subsubsection.7.11.2.2}{\376\377\000J\000S}{subsection.7.11.2}% 122
\BOOKMARK [1][-]{section.7.12}{\376\377\000P\000r\000o\000j\000e\000c\000t\000D\000e\000t\000a\000i\000l\000\040\000C\000l\000a\000s\000s\000\040\000R\000e\000f\000e\000r\000e\000n\000c\000e}{chapter.7}% 123
\BOOKMARK [2][-]{subsection.7.12.1}{\376\377\000D\000e\000t\000a\000i\000l\000e\000d\000\040\000D\000e\000s\000c\000r\000i\000p\000t\000i\000o\000n}{section.7.12}% 124
\BOOKMARK [1][-]{section.7.13}{\376\377\000R\000e\000a\000d\000I\000n\000p\000u\000t\000\040\000C\000l\000a\000s\000s\000\040\000R\000e\000f\000e\000r\000e\000n\000c\000e}{chapter.7}% 125
\BOOKMARK [2][-]{subsection.7.13.1}{\376\377\000D\000e\000t\000a\000i\000l\000e\000d\000\040\000D\000e\000s\000c\000r\000i\000p\000t\000i\000o\000n}{section.7.13}% 126
\BOOKMARK [2][-]{subsection.7.13.2}{\376\377\000C\000o\000n\000s\000t\000r\000u\000c\000t\000o\000r\000\040\000\046\000\040\000D\000e\000s\000t\000r\000u\000c\000t\000o\000r\000\040\000D\000o\000c\000u\000m\000e\000n\000t\000a\000t\000i\000o\000n}{section.7.13}% 127
\BOOKMARK [3][-]{subsubsection.7.13.2.1}{\376\377\000R\000e\000a\000d\000I\000n\000p\000u\000t}{subsection.7.13.2}% 128
\BOOKMARK [3][-]{subsubsection.7.13.2.2}{\376\377\000R\000e\000a\000d\000I\000n\000p\000u\000t}{subsection.7.13.2}% 129
\BOOKMARK [2][-]{subsection.7.13.3}{\376\377\000M\000e\000m\000b\000e\000r\000\040\000F\000u\000n\000c\000t\000i\000o\000n\000\040\000D\000o\000c\000u\000m\000e\000n\000t\000a\000t\000i\000o\000n}{section.7.13}% 130
\BOOKMARK [3][-]{subsubsection.7.13.3.1}{\376\377\000F\000i\000l\000e\000N\000a\000m\000e}{subsection.7.13.3}% 131
\BOOKMARK [3][-]{subsubsection.7.13.3.2}{\376\377\000R\000e\000a\000d\000C\000l\000a\000s\000s\000D\000e\000t\000a\000i\000l}{subsection.7.13.3}% 132
\BOOKMARK [3][-]{subsubsection.7.13.3.3}{\376\377\000R\000e\000a\000d\000D\000a\000t\000e\000S\000h\000e\000e\000t}{subsection.7.13.3}% 133
\BOOKMARK [3][-]{subsubsection.7.13.3.4}{\376\377\000R\000e\000a\000d\000D\000a\000t\000e\000S\000h\000e\000e\000t\000O\000u\000t}{subsection.7.13.3}% 134
\BOOKMARK [3][-]{subsubsection.7.13.3.5}{\376\377\000R\000e\000a\000d\000E\000x\000a\000m\000D\000e\000t\000a\000i\000l}{subsection.7.13.3}% 135
\BOOKMARK [3][-]{subsubsection.7.13.3.6}{\376\377\000R\000e\000a\000d\000R\000o\000l\000l\000N\000o\000D\000e\000t\000a\000i\000l}{subsection.7.13.3}% 136
\BOOKMARK [3][-]{subsubsection.7.13.3.7}{\376\377\000R\000e\000a\000d\000R\000o\000o\000m\000D\000e\000t\000a\000i\000l}{subsection.7.13.3}% 137
\BOOKMARK [3][-]{subsubsection.7.13.3.8}{\376\377\000R\000e\000a\000d\000S\000t\000r\000a\000t\000e\000g\000y}{subsection.7.13.3}% 138
\BOOKMARK [2][-]{subsection.7.13.4}{\376\377\000M\000e\000m\000b\000e\000r\000\040\000D\000a\000t\000a\000\040\000D\000o\000c\000u\000m\000e\000n\000t\000a\000t\000i\000o\000n}{section.7.13}% 139
\BOOKMARK [3][-]{subsubsection.7.13.4.1}{\376\377\000c\000e\000n\000t\000r\000e\000N\000a\000m\000e}{subsection.7.13.4}% 140
\BOOKMARK [3][-]{subsubsection.7.13.4.2}{\376\377\000c\000l\000a\000s\000s\000N\000a\000m\000e}{subsection.7.13.4}% 141
\BOOKMARK [3][-]{subsubsection.7.13.4.3}{\376\377\000c\000o\000l\000s}{subsection.7.13.4}% 142
\BOOKMARK [3][-]{subsubsection.7.13.4.4}{\376\377\000d\000a\000t\000e}{subsection.7.13.4}% 143
\BOOKMARK [3][-]{subsubsection.7.13.4.5}{\376\377\000d\000a\000t\000e\000S\000h\000e\000e\000t\000R\000N\000o}{subsection.7.13.4}% 144
\BOOKMARK [3][-]{subsubsection.7.13.4.6}{\376\377\000d\000a\000t\000e\000S\000h\000e\000e\000t\000R\000N\000o\000S\000i\000z\000e}{subsection.7.13.4}% 145
\BOOKMARK [3][-]{subsubsection.7.13.4.7}{\376\377\000e\000x\000a\000m\000S\000u\000b\000C\000o\000d\000e}{subsection.7.13.4}% 146
\BOOKMARK [3][-]{subsubsection.7.13.4.8}{\376\377\000e\000x\000a\000m\000S\000u\000b\000N\000a\000m\000e}{subsection.7.13.4}% 147
\BOOKMARK [3][-]{subsubsection.7.13.4.9}{\376\377\000f\000i\000l\000e\000N\000a\000m\000e}{subsection.7.13.4}% 148
\BOOKMARK [3][-]{subsubsection.7.13.4.10}{\376\377\000i\000n\000F\000i\000l\000e}{subsection.7.13.4}% 149
\BOOKMARK [3][-]{subsubsection.7.13.4.11}{\376\377\000n}{subsection.7.13.4}% 150
\BOOKMARK [3][-]{subsubsection.7.13.4.12}{\376\377\000n\000o\000t\000I\000n\000c\000l\000u\000d\000e\000d}{subsection.7.13.4}% 151
\BOOKMARK [3][-]{subsubsection.7.13.4.13}{\376\377\000o\000u\000t\000F\000i\000l\000e}{subsection.7.13.4}% 152
\BOOKMARK [3][-]{subsubsection.7.13.4.14}{\376\377\000p\000r\000e\000f\000i\000x}{subsection.7.13.4}% 153
\BOOKMARK [3][-]{subsubsection.7.13.4.15}{\376\377\000p\000r\000o\000j\000e\000c\000t\000I\000D}{subsection.7.13.4}% 154
\BOOKMARK [3][-]{subsubsection.7.13.4.16}{\376\377\000r\000o\000l\000l\000N\000o}{subsection.7.13.4}% 155
\BOOKMARK [3][-]{subsubsection.7.13.4.17}{\376\377\000r\000o\000o\000m\000N\000o}{subsection.7.13.4}% 156
\BOOKMARK [3][-]{subsubsection.7.13.4.18}{\376\377\000r\000o\000w\000s}{subsection.7.13.4}% 157
\BOOKMARK [3][-]{subsubsection.7.13.4.19}{\376\377\000s\000t\000r\000a\000t\000e\000g\000y\000O\000p\000t\000i\000o\000n}{subsection.7.13.4}% 158
\BOOKMARK [3][-]{subsubsection.7.13.4.20}{\376\377\000s\000u\000b\000j\000e\000c\000t\000C\000o\000d\000e}{subsection.7.13.4}% 159
\BOOKMARK [3][-]{subsubsection.7.13.4.21}{\376\377\000s\000u\000b\000j\000e\000c\000t\000N\000a\000m\000e}{subsection.7.13.4}% 160
\BOOKMARK [3][-]{subsubsection.7.13.4.22}{\376\377\000t\000e\000m\000p}{subsection.7.13.4}% 161
\BOOKMARK [3][-]{subsubsection.7.13.4.23}{\376\377\000t\000o\000t\000a\000l\000C\000e\000n\000t\000r\000e\000s}{subsection.7.13.4}% 162
\BOOKMARK [3][-]{subsubsection.7.13.4.24}{\376\377\000t\000o\000t\000a\000l\000C\000l\000a\000s\000s\000e\000s}{subsection.7.13.4}% 163
\BOOKMARK [3][-]{subsubsection.7.13.4.25}{\376\377\000t\000o\000t\000a\000l\000D\000a\000y\000s}{subsection.7.13.4}% 164
\BOOKMARK [3][-]{subsubsection.7.13.4.26}{\376\377\000t\000o\000t\000a\000l\000E\000x\000a\000m\000s}{subsection.7.13.4}% 165
\BOOKMARK [3][-]{subsubsection.7.13.4.27}{\376\377\000t\000o\000t\000a\000l\000R\000o\000o\000m\000s}{subsection.7.13.4}% 166
\BOOKMARK [3][-]{subsubsection.7.13.4.28}{\376\377\000t\000o\000t\000a\000l\000S\000u\000b\000j\000e\000c\000t\000s}{subsection.7.13.4}% 167
\BOOKMARK [1][-]{section.7.14}{\376\377\000R\000e\000a\000d\000I\000n\000p\000u\000t\000F\000i\000e\000l\000d\000\040\000C\000l\000a\000s\000s\000\040\000R\000e\000f\000e\000r\000e\000n\000c\000e}{chapter.7}% 168
\BOOKMARK [2][-]{subsection.7.14.1}{\376\377\000D\000e\000t\000a\000i\000l\000e\000d\000\040\000D\000e\000s\000c\000r\000i\000p\000t\000i\000o\000n}{section.7.14}% 169
\BOOKMARK [2][-]{subsection.7.14.2}{\376\377\000M\000e\000m\000b\000e\000r\000\040\000F\000u\000n\000c\000t\000i\000o\000n\000\040\000D\000o\000c\000u\000m\000e\000n\000t\000a\000t\000i\000o\000n}{section.7.14}% 170
\BOOKMARK [3][-]{subsubsection.7.14.2.1}{\376\377\000R\000e\000a\000d\000F\000i\000e\000l\000d\000V\000a\000l\000u\000e}{subsection.7.14.2}% 171
\BOOKMARK [3][-]{subsubsection.7.14.2.2}{\376\377\000R\000e\000a\000d\000F\000i\000e\000l\000d\000V\000a\000l\000u\000e}{subsection.7.14.2}% 172
\BOOKMARK [3][-]{subsubsection.7.14.2.3}{\376\377\000S\000e\000t\000C\000o\000o\000k\000i\000e}{subsection.7.14.2}% 173
\BOOKMARK [2][-]{subsection.7.14.3}{\376\377\000M\000e\000m\000b\000e\000r\000\040\000D\000a\000t\000a\000\040\000D\000o\000c\000u\000m\000e\000n\000t\000a\000t\000i\000o\000n}{section.7.14}% 174
\BOOKMARK [3][-]{subsubsection.7.14.3.1}{\376\377\000f\000i}{subsection.7.14.3}% 175
\BOOKMARK [3][-]{subsubsection.7.14.3.2}{\376\377\000f\000i\000e\000l\000d\000V\000a\000l\000u\000e}{subsection.7.14.3}% 176
\BOOKMARK [3][-]{subsubsection.7.14.3.3}{\376\377\000f\000o\000r\000m\000D\000a\000t\000a}{subsection.7.14.3}% 177
\BOOKMARK [1][-]{section.7.15}{\376\377\000S\000e\000a\000t\000p\000l\000a\000n\000\040\000C\000l\000a\000s\000s\000\040\000R\000e\000f\000e\000r\000e\000n\000c\000e}{chapter.7}% 178
\BOOKMARK [1][-]{section.7.16}{\376\377\000S\000e\000a\000t\000P\000l\000a\000n\000\040\000C\000l\000a\000s\000s\000\040\000R\000e\000f\000e\000r\000e\000n\000c\000e}{chapter.7}% 179
\BOOKMARK [2][-]{subsection.7.16.1}{\376\377\000D\000e\000t\000a\000i\000l\000e\000d\000\040\000D\000e\000s\000c\000r\000i\000p\000t\000i\000o\000n}{section.7.16}% 180
\BOOKMARK [2][-]{subsection.7.16.2}{\376\377\000C\000o\000n\000s\000t\000r\000u\000c\000t\000o\000r\000\040\000\046\000\040\000D\000e\000s\000t\000r\000u\000c\000t\000o\000r\000\040\000D\000o\000c\000u\000m\000e\000n\000t\000a\000t\000i\000o\000n}{section.7.16}% 181
\BOOKMARK [3][-]{subsubsection.7.16.2.1}{\376\377\000R\000o\000o\000m\000R\000e\000p\000o\000r\000t}{subsection.7.16.2}% 182
\BOOKMARK [3][-]{subsubsection.7.16.2.2}{\376\377\000S\000e\000a\000t\000P\000l\000a\000n}{subsection.7.16.2}% 183
\BOOKMARK [3][-]{subsubsection.7.16.2.3}{\376\377\000S\000e\000a\000t\000P\000l\000a\000n}{subsection.7.16.2}% 184
\BOOKMARK [2][-]{subsection.7.16.3}{\376\377\000M\000e\000m\000b\000e\000r\000\040\000F\000u\000n\000c\000t\000i\000o\000n\000\040\000D\000o\000c\000u\000m\000e\000n\000t\000a\000t\000i\000o\000n}{section.7.16}% 185
\BOOKMARK [3][-]{subsubsection.7.16.3.1}{\376\377\000R\000e\000a\000d\000E\000x\000a\000m\000D\000e\000t\000a\000i\000l}{subsection.7.16.3}% 186
\BOOKMARK [3][-]{subsubsection.7.16.3.2}{\376\377\000R\000e\000a\000d\000S\000e\000a\000t\000P\000l\000a\000n}{subsection.7.16.3}% 187
\BOOKMARK [3][-]{subsubsection.7.16.3.3}{\376\377\000R\000o\000o\000m\000R\000e\000p\000o\000r\000t}{subsection.7.16.3}% 188
\BOOKMARK [3][-]{subsubsection.7.16.3.4}{\376\377\000W\000r\000i\000t\000e\000H\000T\000M\000L\000F\000i\000l\000e}{subsection.7.16.3}% 189
\BOOKMARK [3][-]{subsubsection.7.16.3.5}{\376\377\000W\000r\000i\000t\000e\000H\000T\000M\000L\000F\000i\000l\000e}{subsection.7.16.3}% 190
\BOOKMARK [1][-]{section.7.17}{\376\377\000S\000e\000n\000d\000M\000a\000i\000l\000\040\000C\000l\000a\000s\000s\000\040\000R\000e\000f\000e\000r\000e\000n\000c\000e}{chapter.7}% 191
\BOOKMARK [2][-]{subsection.7.17.1}{\376\377\000D\000e\000t\000a\000i\000l\000e\000d\000\040\000D\000e\000s\000c\000r\000i\000p\000t\000i\000o\000n}{section.7.17}% 192
\BOOKMARK [2][-]{subsection.7.17.2}{\376\377\000M\000e\000m\000b\000e\000r\000\040\000F\000u\000n\000c\000t\000i\000o\000n\000\040\000D\000o\000c\000u\000m\000e\000n\000t\000a\000t\000i\000o\000n}{section.7.17}% 193
\BOOKMARK [3][-]{subsubsection.7.17.2.1}{\376\377\000C\000o\000n\000t\000a\000c\000t\000M\000a\000i\000l}{subsection.7.17.2}% 194
\BOOKMARK [3][-]{subsubsection.7.17.2.2}{\376\377\000R\000e\000g\000i\000s\000t\000r\000a\000t\000i\000o\000n\000M\000a\000i\000l}{subsection.7.17.2}% 195
\BOOKMARK [3][-]{subsubsection.7.17.2.3}{\376\377\000R\000e\000s\000e\000t\000P\000a\000s\000s\000w\000o\000r\000d\000M\000a\000i\000l}{subsection.7.17.2}% 196
\BOOKMARK [3][-]{subsubsection.7.17.2.4}{\376\377\000S\000e\000t\000H\000T\000M\000L\000M\000e\000s\000s\000a\000g\000e}{subsection.7.17.2}% 197
\BOOKMARK [3][-]{subsubsection.7.17.2.5}{\376\377\000S\000e\000t\000M\000a\000i\000l\000D\000a\000t\000a}{subsection.7.17.2}% 198
\BOOKMARK [2][-]{subsection.7.17.3}{\376\377\000M\000e\000m\000b\000e\000r\000\040\000D\000a\000t\000a\000\040\000D\000o\000c\000u\000m\000e\000n\000t\000a\000t\000i\000o\000n}{section.7.17}% 199
\BOOKMARK [3][-]{subsubsection.7.17.3.1}{\376\377\000h\000t\000m\000l\000M\000e\000s\000s\000a\000g\000e}{subsection.7.17.3}% 200
\BOOKMARK [3][-]{subsubsection.7.17.3.2}{\376\377\000s\000e\000t\000M\000e\000s\000s\000a\000g\000e}{subsection.7.17.3}% 201
\BOOKMARK [3][-]{subsubsection.7.17.3.3}{\376\377\000s\000e\000t\000S\000e\000n\000d\000e\000r}{subsection.7.17.3}% 202
\BOOKMARK [3][-]{subsubsection.7.17.3.4}{\376\377\000s\000e\000t\000S\000e\000r\000v\000e\000r}{subsection.7.17.3}% 203
\BOOKMARK [3][-]{subsubsection.7.17.3.5}{\376\377\000s\000e\000t\000S\000u\000b\000j\000e\000c\000t}{subsection.7.17.3}% 204
\BOOKMARK [3][-]{subsubsection.7.17.3.6}{\376\377\000u\000r\000l}{subsection.7.17.3}% 205
\BOOKMARK [1][-]{section.7.18}{\376\377\000j\000w\000s\000m\000t\000p\000:\000:\000S\000O\000C\000K\000A\000D\000D\000R\000\137\000I\000N\000\040\000S\000t\000r\000u\000c\000t\000\040\000R\000e\000f\000e\000r\000e\000n\000c\000e}{chapter.7}% 206
\BOOKMARK [2][-]{subsection.7.18.1}{\376\377\000D\000e\000t\000a\000i\000l\000e\000d\000\040\000D\000e\000s\000c\000r\000i\000p\000t\000i\000o\000n}{section.7.18}% 207
\BOOKMARK [1][-]{section.7.19}{\376\377\000S\000t\000r\000a\000t\000e\000g\000y\000\040\000C\000l\000a\000s\000s\000\040\000R\000e\000f\000e\000r\000e\000n\000c\000e}{chapter.7}% 208
\BOOKMARK [2][-]{subsection.7.19.1}{\376\377\000D\000e\000t\000a\000i\000l\000e\000d\000\040\000D\000e\000s\000c\000r\000i\000p\000t\000i\000o\000n}{section.7.19}% 209
\BOOKMARK [2][-]{subsection.7.19.2}{\376\377\000C\000o\000n\000s\000t\000r\000u\000c\000t\000o\000r\000\040\000\046\000\040\000D\000e\000s\000t\000r\000u\000c\000t\000o\000r\000\040\000D\000o\000c\000u\000m\000e\000n\000t\000a\000t\000i\000o\000n}{section.7.19}% 210
\BOOKMARK [3][-]{subsubsection.7.19.2.1}{\376\377\000S\000t\000r\000a\000t\000e\000g\000y}{subsection.7.19.2}% 211
\BOOKMARK [3][-]{subsubsection.7.19.2.2}{\376\377\000S\000t\000r\000a\000t\000e\000g\000y}{subsection.7.19.2}% 212
\BOOKMARK [2][-]{subsection.7.19.3}{\376\377\000M\000e\000m\000b\000e\000r\000\040\000F\000u\000n\000c\000t\000i\000o\000n\000\040\000D\000o\000c\000u\000m\000e\000n\000t\000a\000t\000i\000o\000n}{section.7.19}% 213
\BOOKMARK [3][-]{subsubsection.7.19.3.1}{\376\377\000M\000a\000i\000n}{subsection.7.19.3}% 214
\BOOKMARK [2][-]{subsection.7.19.4}{\376\377\000M\000e\000m\000b\000e\000r\000\040\000D\000a\000t\000a\000\040\000D\000o\000c\000u\000m\000e\000n\000t\000a\000t\000i\000o\000n}{section.7.19}% 215
\BOOKMARK [3][-]{subsubsection.7.19.4.1}{\376\377\000s\000t\000r\000a\000t\000e\000g\000y\000N\000a\000m\000e}{subsection.7.19.4}% 216
\BOOKMARK [3][-]{subsubsection.7.19.4.2}{\376\377\000t\000o\000t\000a\000l\000S\000t\000r\000a\000t\000e\000g\000y}{subsection.7.19.4}% 217
\BOOKMARK [1][-]{section.7.20}{\376\377\000U\000s\000e\000r\000\040\000C\000l\000a\000s\000s\000\040\000R\000e\000f\000e\000r\000e\000n\000c\000e}{chapter.7}% 218
\BOOKMARK [2][-]{subsection.7.20.1}{\376\377\000D\000e\000t\000a\000i\000l\000e\000d\000\040\000D\000e\000s\000c\000r\000i\000p\000t\000i\000o\000n}{section.7.20}% 219
\BOOKMARK [2][-]{subsection.7.20.2}{\376\377\000M\000e\000m\000b\000e\000r\000\040\000F\000u\000n\000c\000t\000i\000o\000n\000\040\000D\000o\000c\000u\000m\000e\000n\000t\000a\000t\000i\000o\000n}{section.7.20}% 220
\BOOKMARK [3][-]{subsubsection.7.20.2.1}{\376\377\000L\000o\000g\000i\000n\000U\000s\000e\000r}{subsection.7.20.2}% 221
\BOOKMARK [2][-]{subsection.7.20.3}{\376\377\000M\000e\000m\000b\000e\000r\000\040\000D\000a\000t\000a\000\040\000D\000o\000c\000u\000m\000e\000n\000t\000a\000t\000i\000o\000n}{section.7.20}% 222
\BOOKMARK [3][-]{subsubsection.7.20.3.1}{\376\377\000c\000u\000r\000r\000e\000n\000t\000T\000i\000m\000e}{subsection.7.20.3}% 223
\BOOKMARK [3][-]{subsubsection.7.20.3.2}{\376\377\000d\000a\000t\000a\000b\000a\000s\000e}{subsection.7.20.3}% 224
\BOOKMARK [3][-]{subsubsection.7.20.3.3}{\376\377\000e\000m\000a\000i\000l\000I\000D}{subsection.7.20.3}% 225
\BOOKMARK [3][-]{subsubsection.7.20.3.4}{\376\377\000m\000s\000g}{subsection.7.20.3}% 226
\BOOKMARK [3][-]{subsubsection.7.20.3.5}{\376\377\000p\000a\000s\000s\000w\000o\000r\000d}{subsection.7.20.3}% 227
\BOOKMARK [3][-]{subsubsection.7.20.3.6}{\376\377\000r\000e\000g\000K\000e\000y}{subsection.7.20.3}% 228
\BOOKMARK [3][-]{subsubsection.7.20.3.7}{\376\377\000r\000e\000t\000y\000p\000e\000P\000a\000s\000s\000w\000o\000r\000d}{subsection.7.20.3}% 229
\BOOKMARK [3][-]{subsubsection.7.20.3.8}{\376\377\000s\000e\000s\000s\000i\000o\000n\000I\000D}{subsection.7.20.3}% 230
\BOOKMARK [3][-]{subsubsection.7.20.3.9}{\376\377\000t\000e\000m\000p}{subsection.7.20.3}% 231
\BOOKMARK [3][-]{subsubsection.7.20.3.10}{\376\377\000u\000s\000e\000r\000E\000m\000a\000i\000l\000I\000D}{subsection.7.20.3}% 232
\BOOKMARK [3][-]{subsubsection.7.20.3.11}{\376\377\000u\000s\000e\000r\000P\000a\000s\000s\000w\000o\000r\000d}{subsection.7.20.3}% 233
\BOOKMARK [3][-]{subsubsection.7.20.3.12}{\376\377\000v\000e\000c\000T\000e\000m\000p}{subsection.7.20.3}% 234
\BOOKMARK [3][-]{subsubsection.7.20.3.13}{\376\377\000w\000h\000e\000r\000e}{subsection.7.20.3}% 235
\BOOKMARK [0][-]{chapter.8}{\376\377\000F\000i\000l\000e\000\040\000D\000o\000c\000u\000m\000e\000n\000t\000a\000t\000i\000o\000n}{}% 236
\BOOKMARK [1][-]{section.8.1}{\376\377\000s\000r\000c\000/\000c\000p\000p\000/\000b\000a\000c\000k\000e\000n\000d\000/\000a\000r\000r\000a\000n\000g\000e\000r\000o\000l\000l\000n\000o\000.\000c\000c\000\040\000F\000i\000l\000e\000\040\000R\000e\000f\000e\000r\000e\000n\000c\000e}{chapter.8}% 237
\BOOKMARK [2][-]{subsection.8.1.1}{\376\377\000D\000e\000t\000a\000i\000l\000e\000d\000\040\000D\000e\000s\000c\000r\000i\000p\000t\000i\000o\000n}{section.8.1}% 238
\BOOKMARK [1][-]{section.8.2}{\376\377\000s\000r\000c\000/\000c\000p\000p\000/\000b\000a\000c\000k\000e\000n\000d\000/\000d\000a\000t\000e\000s\000h\000e\000e\000t\000.\000c\000c\000\040\000F\000i\000l\000e\000\040\000R\000e\000f\000e\000r\000e\000n\000c\000e}{chapter.8}% 239
\BOOKMARK [2][-]{subsection.8.2.1}{\376\377\000D\000e\000t\000a\000i\000l\000e\000d\000\040\000D\000e\000s\000c\000r\000i\000p\000t\000i\000o\000n}{section.8.2}% 240
\BOOKMARK [1][-]{section.8.3}{\376\377\000s\000r\000c\000/\000c\000p\000p\000/\000b\000a\000c\000k\000e\000n\000d\000/\000e\000x\000p\000a\000n\000d\000r\000o\000l\000l\000n\000o\000.\000c\000c\000\040\000F\000i\000l\000e\000\040\000R\000e\000f\000e\000r\000e\000n\000c\000e}{chapter.8}% 241
\BOOKMARK [2][-]{subsection.8.3.1}{\376\377\000D\000e\000t\000a\000i\000l\000e\000d\000\040\000D\000e\000s\000c\000r\000i\000p\000t\000i\000o\000n}{section.8.3}% 242
\BOOKMARK [1][-]{section.8.4}{\376\377\000s\000r\000c\000/\000c\000p\000p\000/\000b\000a\000c\000k\000e\000n\000d\000/\000h\000e\000a\000d\000e\000r\000/\000a\000r\000r\000a\000n\000g\000e\000r\000o\000l\000l\000n\000o\000.\000h\000\040\000F\000i\000l\000e\000\040\000R\000e\000f\000e\000r\000e\000n\000c\000e}{chapter.8}% 243
\BOOKMARK [2][-]{subsection.8.4.1}{\376\377\000D\000e\000t\000a\000i\000l\000e\000d\000\040\000D\000e\000s\000c\000r\000i\000p\000t\000i\000o\000n}{section.8.4}% 244
\BOOKMARK [1][-]{section.8.5}{\376\377\000s\000r\000c\000/\000c\000p\000p\000/\000b\000a\000c\000k\000e\000n\000d\000/\000h\000e\000a\000d\000e\000r\000/\000d\000a\000t\000e\000s\000h\000e\000e\000t\000.\000h\000\040\000F\000i\000l\000e\000\040\000R\000e\000f\000e\000r\000e\000n\000c\000e}{chapter.8}% 245
\BOOKMARK [2][-]{subsection.8.5.1}{\376\377\000D\000e\000t\000a\000i\000l\000e\000d\000\040\000D\000e\000s\000c\000r\000i\000p\000t\000i\000o\000n}{section.8.5}% 246
\BOOKMARK [1][-]{section.8.6}{\376\377\000s\000r\000c\000/\000c\000p\000p\000/\000b\000a\000c\000k\000e\000n\000d\000/\000h\000e\000a\000d\000e\000r\000/\000e\000x\000p\000a\000n\000d\000r\000o\000l\000l\000n\000o\000.\000h\000\040\000F\000i\000l\000e\000\040\000R\000e\000f\000e\000r\000e\000n\000c\000e}{chapter.8}% 247
\BOOKMARK [2][-]{subsection.8.6.1}{\376\377\000D\000e\000t\000a\000i\000l\000e\000d\000\040\000D\000e\000s\000c\000r\000i\000p\000t\000i\000o\000n}{section.8.6}% 248
\BOOKMARK [1][-]{section.8.7}{\376\377\000s\000r\000c\000/\000c\000p\000p\000/\000b\000a\000c\000k\000e\000n\000d\000/\000h\000e\000a\000d\000e\000r\000/\000r\000e\000a\000d\000i\000n\000p\000u\000t\000.\000h\000\040\000F\000i\000l\000e\000\040\000R\000e\000f\000e\000r\000e\000n\000c\000e}{chapter.8}% 249
\BOOKMARK [2][-]{subsection.8.7.1}{\376\377\000D\000e\000t\000a\000i\000l\000e\000d\000\040\000D\000e\000s\000c\000r\000i\000p\000t\000i\000o\000n}{section.8.7}% 250
\BOOKMARK [1][-]{section.8.8}{\376\377\000s\000r\000c\000/\000c\000p\000p\000/\000b\000a\000c\000k\000e\000n\000d\000/\000h\000e\000a\000d\000e\000r\000/\000r\000e\000p\000o\000r\000t\000.\000h\000\040\000F\000i\000l\000e\000\040\000R\000e\000f\000e\000r\000e\000n\000c\000e}{chapter.8}% 251
\BOOKMARK [2][-]{subsection.8.8.1}{\376\377\000D\000e\000t\000a\000i\000l\000e\000d\000\040\000D\000e\000s\000c\000r\000i\000p\000t\000i\000o\000n}{section.8.8}% 252
\BOOKMARK [1][-]{section.8.9}{\376\377\000s\000r\000c\000/\000c\000p\000p\000/\000b\000a\000c\000k\000e\000n\000d\000/\000h\000e\000a\000d\000e\000r\000/\000s\000e\000a\000t\000p\000l\000a\000n\000.\000h\000\040\000F\000i\000l\000e\000\040\000R\000e\000f\000e\000r\000e\000n\000c\000e}{chapter.8}% 253
\BOOKMARK [2][-]{subsection.8.9.1}{\376\377\000D\000e\000t\000a\000i\000l\000e\000d\000\040\000D\000e\000s\000c\000r\000i\000p\000t\000i\000o\000n}{section.8.9}% 254
\BOOKMARK [1][-]{section.8.10}{\376\377\000s\000r\000c\000/\000c\000p\000p\000/\000b\000a\000c\000k\000e\000n\000d\000/\000h\000e\000a\000d\000e\000r\000/\000s\000t\000r\000a\000t\000e\000g\000y\000.\000h\000\040\000F\000i\000l\000e\000\040\000R\000e\000f\000e\000r\000e\000n\000c\000e}{chapter.8}% 255
\BOOKMARK [2][-]{subsection.8.10.1}{\376\377\000D\000e\000t\000a\000i\000l\000e\000d\000\040\000D\000e\000s\000c\000r\000i\000p\000t\000i\000o\000n}{section.8.10}% 256
\BOOKMARK [1][-]{section.8.11}{\376\377\000s\000r\000c\000/\000c\000p\000p\000/\000b\000a\000c\000k\000e\000n\000d\000/\000m\000a\000i\000n\000.\000c\000p\000p\000\040\000F\000i\000l\000e\000\040\000R\000e\000f\000e\000r\000e\000n\000c\000e}{chapter.8}% 257
\BOOKMARK [2][-]{subsection.8.11.1}{\376\377\000D\000e\000t\000a\000i\000l\000e\000d\000\040\000D\000e\000s\000c\000r\000i\000p\000t\000i\000o\000n}{section.8.11}% 258
\BOOKMARK [2][-]{subsection.8.11.2}{\376\377\000F\000u\000n\000c\000t\000i\000o\000n\000\040\000D\000o\000c\000u\000m\000e\000n\000t\000a\000t\000i\000o\000n}{section.8.11}% 259
\BOOKMARK [3][-]{subsubsection.8.11.2.1}{\376\377\000m\000a\000i\000n}{subsection.8.11.2}% 260
\BOOKMARK [1][-]{section.8.12}{\376\377\000s\000r\000c\000/\000c\000p\000p\000/\000b\000a\000c\000k\000e\000n\000d\000/\000r\000e\000a\000d\000i\000n\000p\000u\000t\000.\000c\000c\000\040\000F\000i\000l\000e\000\040\000R\000e\000f\000e\000r\000e\000n\000c\000e}{chapter.8}% 261
\BOOKMARK [2][-]{subsection.8.12.1}{\376\377\000D\000e\000t\000a\000i\000l\000e\000d\000\040\000D\000e\000s\000c\000r\000i\000p\000t\000i\000o\000n}{section.8.12}% 262
\BOOKMARK [1][-]{section.8.13}{\376\377\000s\000r\000c\000/\000c\000p\000p\000/\000b\000a\000c\000k\000e\000n\000d\000/\000r\000e\000p\000o\000r\000t\000.\000c\000c\000\040\000F\000i\000l\000e\000\040\000R\000e\000f\000e\000r\000e\000n\000c\000e}{chapter.8}% 263
\BOOKMARK [2][-]{subsection.8.13.1}{\376\377\000D\000e\000t\000a\000i\000l\000e\000d\000\040\000D\000e\000s\000c\000r\000i\000p\000t\000i\000o\000n}{section.8.13}% 264
\BOOKMARK [1][-]{section.8.14}{\376\377\000s\000r\000c\000/\000c\000p\000p\000/\000b\000a\000c\000k\000e\000n\000d\000/\000s\000e\000a\000t\000p\000l\000a\000n\000.\000c\000c\000\040\000F\000i\000l\000e\000\040\000R\000e\000f\000e\000r\000e\000n\000c\000e}{chapter.8}% 265
\BOOKMARK [2][-]{subsection.8.14.1}{\376\377\000D\000e\000t\000a\000i\000l\000e\000d\000\040\000D\000e\000s\000c\000r\000i\000p\000t\000i\000o\000n}{section.8.14}% 266
\BOOKMARK [1][-]{section.8.15}{\376\377\000s\000r\000c\000/\000c\000p\000p\000/\000b\000a\000c\000k\000e\000n\000d\000/\000s\000t\000r\000a\000t\000e\000g\000y\000.\000c\000c\000\040\000F\000i\000l\000e\000\040\000R\000e\000f\000e\000r\000e\000n\000c\000e}{chapter.8}% 267
\BOOKMARK [2][-]{subsection.8.15.1}{\376\377\000D\000e\000t\000a\000i\000l\000e\000d\000\040\000D\000e\000s\000c\000r\000i\000p\000t\000i\000o\000n}{section.8.15}% 268
\BOOKMARK [1][-]{section.8.16}{\376\377\000s\000r\000c\000/\000c\000p\000p\000/\000f\000r\000o\000n\000t\000e\000n\000d\000/\000b\000a\000k\000a\000p\000l\000a\000n\000.\000c\000c\000\040\000F\000i\000l\000e\000\040\000R\000e\000f\000e\000r\000e\000n\000c\000e}{chapter.8}% 269
\BOOKMARK [2][-]{subsection.8.16.1}{\376\377\000D\000e\000t\000a\000i\000l\000e\000d\000\040\000D\000e\000s\000c\000r\000i\000p\000t\000i\000o\000n}{section.8.16}% 270
\BOOKMARK [1][-]{section.8.17}{\376\377\000s\000r\000c\000/\000c\000p\000p\000/\000f\000r\000o\000n\000t\000e\000n\000d\000/\000b\000a\000k\000a\000p\000l\000a\000n\000\137\000m\000a\000i\000n\000.\000c\000p\000p\000\040\000F\000i\000l\000e\000\040\000R\000e\000f\000e\000r\000e\000n\000c\000e}{chapter.8}% 271
\BOOKMARK [2][-]{subsection.8.17.1}{\376\377\000D\000e\000t\000a\000i\000l\000e\000d\000\040\000D\000e\000s\000c\000r\000i\000p\000t\000i\000o\000n}{section.8.17}% 272
\BOOKMARK [1][-]{section.8.18}{\376\377\000s\000r\000c\000/\000c\000p\000p\000/\000f\000r\000o\000n\000t\000e\000n\000d\000/\000d\000a\000t\000a\000b\000a\000s\000e\000.\000c\000c\000\040\000F\000i\000l\000e\000\040\000R\000e\000f\000e\000r\000e\000n\000c\000e}{chapter.8}% 273
\BOOKMARK [2][-]{subsection.8.18.1}{\376\377\000D\000e\000t\000a\000i\000l\000e\000d\000\040\000D\000e\000s\000c\000r\000i\000p\000t\000i\000o\000n}{section.8.18}% 274
\BOOKMARK [1][-]{section.8.19}{\376\377\000s\000r\000c\000/\000c\000p\000p\000/\000f\000r\000o\000n\000t\000e\000n\000d\000/\000h\000e\000a\000d\000e\000r\000/\000b\000a\000k\000a\000p\000l\000a\000n\000.\000h\000\040\000F\000i\000l\000e\000\040\000R\000e\000f\000e\000r\000e\000n\000c\000e}{chapter.8}% 275
\BOOKMARK [2][-]{subsection.8.19.1}{\376\377\000D\000e\000t\000a\000i\000l\000e\000d\000\040\000D\000e\000s\000c\000r\000i\000p\000t\000i\000o\000n}{section.8.19}% 276
\BOOKMARK [1][-]{section.8.20}{\376\377\000s\000r\000c\000/\000c\000p\000p\000/\000f\000r\000o\000n\000t\000e\000n\000d\000/\000h\000e\000a\000d\000e\000r\000/\000c\000g\000i\000c\000c\000.\000h\000\040\000F\000i\000l\000e\000\040\000R\000e\000f\000e\000r\000e\000n\000c\000e}{chapter.8}% 277
\BOOKMARK [2][-]{subsection.8.20.1}{\376\377\000D\000e\000t\000a\000i\000l\000e\000d\000\040\000D\000e\000s\000c\000r\000i\000p\000t\000i\000o\000n}{section.8.20}% 278
\BOOKMARK [1][-]{section.8.21}{\376\377\000s\000r\000c\000/\000c\000p\000p\000/\000f\000r\000o\000n\000t\000e\000n\000d\000/\000h\000e\000a\000d\000e\000r\000/\000d\000a\000t\000a\000b\000a\000s\000e\000.\000h\000\040\000F\000i\000l\000e\000\040\000R\000e\000f\000e\000r\000e\000n\000c\000e}{chapter.8}% 279
\BOOKMARK [2][-]{subsection.8.21.1}{\376\377\000D\000e\000t\000a\000i\000l\000e\000d\000\040\000D\000e\000s\000c\000r\000i\000p\000t\000i\000o\000n}{section.8.21}% 280
\BOOKMARK [1][-]{section.8.22}{\376\377\000s\000r\000c\000/\000c\000p\000p\000/\000f\000r\000o\000n\000t\000e\000n\000d\000/\000h\000e\000a\000d\000e\000r\000/\000p\000a\000g\000e\000\137\000s\000t\000r\000u\000c\000t\000u\000r\000e\000.\000h\000\040\000F\000i\000l\000e\000\040\000R\000e\000f\000e\000r\000e\000n\000c\000e}{chapter.8}% 281
\BOOKMARK [2][-]{subsection.8.22.1}{\376\377\000D\000e\000t\000a\000i\000l\000e\000d\000\040\000D\000e\000s\000c\000r\000i\000p\000t\000i\000o\000n}{section.8.22}% 282
\BOOKMARK [1][-]{section.8.23}{\376\377\000s\000r\000c\000/\000c\000p\000p\000/\000f\000r\000o\000n\000t\000e\000n\000d\000/\000h\000e\000a\000d\000e\000r\000/\000s\000e\000n\000d\000m\000a\000i\000l\000.\000h\000\040\000F\000i\000l\000e\000\040\000R\000e\000f\000e\000r\000e\000n\000c\000e}{chapter.8}% 283
\BOOKMARK [2][-]{subsection.8.23.1}{\376\377\000D\000e\000t\000a\000i\000l\000e\000d\000\040\000D\000e\000s\000c\000r\000i\000p\000t\000i\000o\000n}{section.8.23}% 284
\BOOKMARK [1][-]{section.8.24}{\376\377\000s\000r\000c\000/\000c\000p\000p\000/\000f\000r\000o\000n\000t\000e\000n\000d\000/\000h\000e\000a\000d\000e\000r\000/\000u\000s\000e\000r\000.\000h\000\040\000F\000i\000l\000e\000\040\000R\000e\000f\000e\000r\000e\000n\000c\000e}{chapter.8}% 285
\BOOKMARK [2][-]{subsection.8.24.1}{\376\377\000D\000e\000t\000a\000i\000l\000e\000d\000\040\000D\000e\000s\000c\000r\000i\000p\000t\000i\000o\000n}{section.8.24}% 286
\BOOKMARK [1][-]{section.8.25}{\376\377\000s\000r\000c\000/\000c\000p\000p\000/\000f\000r\000o\000n\000t\000e\000n\000d\000/\000i\000n\000p\000u\000t\000\137\000d\000e\000t\000a\000i\000l\000.\000c\000c\000\040\000F\000i\000l\000e\000\040\000R\000e\000f\000e\000r\000e\000n\000c\000e}{chapter.8}% 287
\BOOKMARK [2][-]{subsection.8.25.1}{\376\377\000D\000e\000t\000a\000i\000l\000e\000d\000\040\000D\000e\000s\000c\000r\000i\000p\000t\000i\000o\000n}{section.8.25}% 288
\BOOKMARK [1][-]{section.8.26}{\376\377\000s\000r\000c\000/\000c\000p\000p\000/\000f\000r\000o\000n\000t\000e\000n\000d\000/\000p\000a\000g\000e\000\137\000s\000t\000r\000u\000c\000t\000u\000r\000e\000.\000c\000c\000\040\000F\000i\000l\000e\000\040\000R\000e\000f\000e\000r\000e\000n\000c\000e}{chapter.8}% 289
\BOOKMARK [2][-]{subsection.8.26.1}{\376\377\000D\000e\000t\000a\000i\000l\000e\000d\000\040\000D\000e\000s\000c\000r\000i\000p\000t\000i\000o\000n}{section.8.26}% 290
\BOOKMARK [1][-]{section.8.27}{\376\377\000s\000r\000c\000/\000c\000p\000p\000/\000f\000r\000o\000n\000t\000e\000n\000d\000/\000p\000r\000o\000j\000e\000c\000t\000\137\000d\000e\000t\000a\000i\000l\000.\000c\000c\000\040\000F\000i\000l\000e\000\040\000R\000e\000f\000e\000r\000e\000n\000c\000e}{chapter.8}% 291
\BOOKMARK [2][-]{subsection.8.27.1}{\376\377\000D\000e\000t\000a\000i\000l\000e\000d\000\040\000D\000e\000s\000c\000r\000i\000p\000t\000i\000o\000n}{section.8.27}% 292
\BOOKMARK [1][-]{section.8.28}{\376\377\000s\000r\000c\000/\000c\000p\000p\000/\000f\000r\000o\000n\000t\000e\000n\000d\000/\000s\000e\000n\000d\000m\000a\000i\000l\000.\000c\000c\000\040\000F\000i\000l\000e\000\040\000R\000e\000f\000e\000r\000e\000n\000c\000e}{chapter.8}% 293
\BOOKMARK [2][-]{subsection.8.28.1}{\376\377\000D\000e\000t\000a\000i\000l\000e\000d\000\040\000D\000e\000s\000c\000r\000i\000p\000t\000i\000o\000n}{section.8.28}% 294
\BOOKMARK [1][-]{section.8.29}{\376\377\000s\000r\000c\000/\000c\000p\000p\000/\000f\000r\000o\000n\000t\000e\000n\000d\000/\000s\000e\000t\000\137\000p\000a\000s\000s\000w\000o\000r\000d\000\137\000m\000a\000i\000n\000.\000c\000p\000p\000\040\000F\000i\000l\000e\000\040\000R\000e\000f\000e\000r\000e\000n\000c\000e}{chapter.8}% 295
\BOOKMARK [2][-]{subsection.8.29.1}{\376\377\000D\000e\000t\000a\000i\000l\000e\000d\000\040\000D\000e\000s\000c\000r\000i\000p\000t\000i\000o\000n}{section.8.29}% 296
\BOOKMARK [1][-]{section.8.30}{\376\377\000s\000r\000c\000/\000c\000p\000p\000/\000f\000r\000o\000n\000t\000e\000n\000d\000/\000u\000s\000e\000r\000.\000c\000c\000\040\000F\000i\000l\000e\000\040\000R\000e\000f\000e\000r\000e\000n\000c\000e}{chapter.8}% 297
\BOOKMARK [2][-]{subsection.8.30.1}{\376\377\000D\000e\000t\000a\000i\000l\000e\000d\000\040\000D\000e\000s\000c\000r\000i\000p\000t\000i\000o\000n}{section.8.30}% 298
