\BOOKMARK [0][-]{chapter.1}{\376\377\000C\000l\000a\000s\000s\000\040\000I\000n\000d\000e\000x}{}% 1
\BOOKMARK [1][-]{section.1.1}{\376\377\000C\000l\000a\000s\000s\000\040\000H\000i\000e\000r\000a\000r\000c\000h\000y}{chapter.1}% 2
\BOOKMARK [0][-]{chapter.2}{\376\377\000C\000l\000a\000s\000s\000\040\000I\000n\000d\000e\000x}{}% 3
\BOOKMARK [1][-]{section.2.1}{\376\377\000C\000l\000a\000s\000s\000\040\000L\000i\000s\000t}{chapter.2}% 4
\BOOKMARK [0][-]{chapter.3}{\376\377\000F\000i\000l\000e\000\040\000I\000n\000d\000e\000x}{}% 5
\BOOKMARK [1][-]{section.3.1}{\376\377\000F\000i\000l\000e\000\040\000L\000i\000s\000t}{chapter.3}% 6
\BOOKMARK [0][-]{chapter.4}{\376\377\000C\000l\000a\000s\000s\000\040\000D\000o\000c\000u\000m\000e\000n\000t\000a\000t\000i\000o\000n}{}% 7
\BOOKMARK [1][-]{section.4.1}{\376\377\000A\000r\000r\000a\000n\000g\000e\000R\000o\000l\000l\000N\000o\000\040\000C\000l\000a\000s\000s\000\040\000R\000e\000f\000e\000r\000e\000n\000c\000e}{chapter.4}% 8
\BOOKMARK [2][-]{subsection.4.1.1}{\376\377\000D\000e\000t\000a\000i\000l\000e\000d\000\040\000D\000e\000s\000c\000r\000i\000p\000t\000i\000o\000n}{section.4.1}% 9
\BOOKMARK [2][-]{subsection.4.1.2}{\376\377\000C\000o\000n\000s\000t\000r\000u\000c\000t\000o\000r\000\040\000\046\000\040\000D\000e\000s\000t\000r\000u\000c\000t\000o\000r\000\040\000D\000o\000c\000u\000m\000e\000n\000t\000a\000t\000i\000o\000n}{section.4.1}% 10
\BOOKMARK [3][-]{subsubsection.4.1.2.1}{\376\377\000A\000r\000r\000a\000n\000g\000e\000R\000o\000l\000l\000N\000o}{subsection.4.1.2}% 11
\BOOKMARK [3][-]{subsubsection.4.1.2.2}{\376\377\000A\000r\000r\000a\000n\000g\000e\000R\000o\000l\000l\000N\000o}{subsection.4.1.2}% 12
\BOOKMARK [2][-]{subsection.4.1.3}{\376\377\000M\000e\000m\000b\000e\000r\000\040\000F\000u\000n\000c\000t\000i\000o\000n\000\040\000D\000o\000c\000u\000m\000e\000n\000t\000a\000t\000i\000o\000n}{section.4.1}% 13
\BOOKMARK [3][-]{subsubsection.4.1.3.1}{\376\377\000A\000d\000d\000P\000r\000e\000f\000i\000x\000W\000i\000t\000h\000R\000o\000l\000l\000N\000o}{subsection.4.1.3}% 14
\BOOKMARK [3][-]{subsubsection.4.1.3.2}{\376\377\000M\000a\000i\000n}{subsection.4.1.3}% 15
\BOOKMARK [3][-]{subsubsection.4.1.3.3}{\376\377\000R\000e\000m\000o\000v\000e\000N\000o\000n\000E\000l\000i\000g\000i\000b\000l\000e\000R\000o\000l\000l\000N\000o}{subsection.4.1.3}% 16
\BOOKMARK [3][-]{subsubsection.4.1.3.4}{\376\377\000R\000e\000m\000o\000v\000e\000R\000e\000d\000u\000n\000d\000a\000n\000c\000y}{subsection.4.1.3}% 17
\BOOKMARK [3][-]{subsubsection.4.1.3.5}{\376\377\000S\000o\000r\000t\000R\000o\000l\000l\000N\000o}{subsection.4.1.3}% 18
\BOOKMARK [3][-]{subsubsection.4.1.3.6}{\376\377\000W\000r\000i\000t\000e\000A\000r\000r\000a\000n\000g\000e\000d\000R\000o\000l\000l\000N\000o}{subsection.4.1.3}% 19
\BOOKMARK [2][-]{subsection.4.1.4}{\376\377\000M\000e\000m\000b\000e\000r\000\040\000D\000a\000t\000a\000\040\000D\000o\000c\000u\000m\000e\000n\000t\000a\000t\000i\000o\000n}{section.4.1}% 20
\BOOKMARK [3][-]{subsubsection.4.1.4.1}{\376\377\000e\000x\000p\000a\000n\000d\000R\000N\000o}{subsection.4.1.4}% 21
\BOOKMARK [3][-]{subsubsection.4.1.4.2}{\376\377\000n\000o\000t\000I\000n\000c\000l\000u\000d\000e\000d\000R\000N\000o}{subsection.4.1.4}% 22
\BOOKMARK [3][-]{subsubsection.4.1.4.3}{\376\377\000p\000r\000e\000f\000i\000x}{subsection.4.1.4}% 23
\BOOKMARK [3][-]{subsubsection.4.1.4.4}{\376\377\000p\000r\000e\000f\000i\000x\000R\000o\000l\000l\000N\000o}{subsection.4.1.4}% 24
\BOOKMARK [3][-]{subsubsection.4.1.4.5}{\376\377\000r\000o\000l\000l\000N\000o}{subsection.4.1.4}% 25
\BOOKMARK [1][-]{section.4.2}{\376\377\000C\000l\000a\000s\000s\000D\000e\000t\000a\000i\000l\000\040\000C\000l\000a\000s\000s\000\040\000R\000e\000f\000e\000r\000e\000n\000c\000e}{chapter.4}% 26
\BOOKMARK [2][-]{subsection.4.2.1}{\376\377\000D\000e\000t\000a\000i\000l\000e\000d\000\040\000D\000e\000s\000c\000r\000i\000p\000t\000i\000o\000n}{section.4.2}% 27
\BOOKMARK [2][-]{subsection.4.2.2}{\376\377\000C\000o\000n\000s\000t\000r\000u\000c\000t\000o\000r\000\040\000\046\000\040\000D\000e\000s\000t\000r\000u\000c\000t\000o\000r\000\040\000D\000o\000c\000u\000m\000e\000n\000t\000a\000t\000i\000o\000n}{section.4.2}% 28
\BOOKMARK [3][-]{subsubsection.4.2.2.1}{\376\377\000C\000l\000a\000s\000s\000D\000e\000t\000a\000i\000l}{subsection.4.2.2}% 29
\BOOKMARK [3][-]{subsubsection.4.2.2.2}{\376\377\000C\000l\000a\000s\000s\000D\000e\000t\000a\000i\000l}{subsection.4.2.2}% 30
\BOOKMARK [2][-]{subsection.4.2.3}{\376\377\000M\000e\000m\000b\000e\000r\000\040\000F\000u\000n\000c\000t\000i\000o\000n\000\040\000D\000o\000c\000u\000m\000e\000n\000t\000a\000t\000i\000o\000n}{section.4.2}% 31
\BOOKMARK [3][-]{subsubsection.4.2.3.1}{\376\377\000C\000l\000a\000s\000s\000D\000e\000t\000a\000i\000l\000P\000a\000g\000e}{subsection.4.2.3}% 32
\BOOKMARK [3][-]{subsubsection.4.2.3.2}{\376\377\000N\000e\000w\000P\000r\000o\000j\000e\000c\000t}{subsection.4.2.3}% 33
\BOOKMARK [3][-]{subsubsection.4.2.3.3}{\376\377\000O\000l\000d\000P\000r\000o\000j\000e\000c\000t}{subsection.4.2.3}% 34
\BOOKMARK [3][-]{subsubsection.4.2.3.4}{\376\377\000P\000r\000o\000j\000e\000c\000t\000T\000y\000p\000e}{subsection.4.2.3}% 35
\BOOKMARK [3][-]{subsubsection.4.2.3.5}{\376\377\000S\000e\000t\000D\000e\000f\000a\000u\000l\000t\000V\000a\000l\000u\000e}{subsection.4.2.3}% 36
\BOOKMARK [1][-]{section.4.3}{\376\377\000D\000a\000t\000a\000b\000a\000s\000e\000\040\000C\000l\000a\000s\000s\000\040\000R\000e\000f\000e\000r\000e\000n\000c\000e}{chapter.4}% 37
\BOOKMARK [2][-]{subsection.4.3.1}{\376\377\000D\000e\000t\000a\000i\000l\000e\000d\000\040\000D\000e\000s\000c\000r\000i\000p\000t\000i\000o\000n}{section.4.3}% 38
\BOOKMARK [2][-]{subsection.4.3.2}{\376\377\000C\000o\000n\000s\000t\000r\000u\000c\000t\000o\000r\000\040\000\046\000\040\000D\000e\000s\000t\000r\000u\000c\000t\000o\000r\000\040\000D\000o\000c\000u\000m\000e\000n\000t\000a\000t\000i\000o\000n}{section.4.3}% 39
\BOOKMARK [3][-]{subsubsection.4.3.2.1}{\376\377\000D\000a\000t\000a\000b\000a\000s\000e}{subsection.4.3.2}% 40
\BOOKMARK [3][-]{subsubsection.4.3.2.2}{\376\377\000D\000a\000t\000a\000b\000a\000s\000e}{subsection.4.3.2}% 41
\BOOKMARK [2][-]{subsection.4.3.3}{\376\377\000M\000e\000m\000b\000e\000r\000\040\000F\000u\000n\000c\000t\000i\000o\000n\000\040\000D\000o\000c\000u\000m\000e\000n\000t\000a\000t\000i\000o\000n}{section.4.3}% 42
\BOOKMARK [3][-]{subsubsection.4.3.3.1}{\376\377\000D\000e\000l\000e\000t\000e\000Q\000u\000e\000r\000y}{subsection.4.3.3}% 43
\BOOKMARK [3][-]{subsubsection.4.3.3.2}{\376\377\000I\000n\000s\000e\000r\000t\000C\000l\000a\000s\000s\000D\000e\000t\000a\000i\000l}{subsection.4.3.3}% 44
\BOOKMARK [3][-]{subsubsection.4.3.3.3}{\376\377\000I\000n\000s\000e\000r\000t\000D\000a\000t\000e\000S\000h\000e\000e\000t}{subsection.4.3.3}% 45
\BOOKMARK [3][-]{subsubsection.4.3.3.4}{\376\377\000I\000n\000s\000e\000r\000t\000E\000x\000a\000m\000D\000e\000t\000a\000i\000l}{subsection.4.3.3}% 46
\BOOKMARK [3][-]{subsubsection.4.3.3.5}{\376\377\000I\000n\000s\000e\000r\000t\000P\000r\000o\000j\000e\000c\000t\000D\000e\000t\000a\000i\000l}{subsection.4.3.3}% 47
\BOOKMARK [3][-]{subsubsection.4.3.3.6}{\376\377\000I\000n\000s\000e\000r\000t\000Q\000u\000e\000r\000y}{subsection.4.3.3}% 48
\BOOKMARK [3][-]{subsubsection.4.3.3.7}{\376\377\000I\000n\000s\000e\000r\000t\000R\000e\000g\000i\000s\000t\000r\000a\000t\000i\000o\000n\000D\000e\000t\000a\000i\000l}{subsection.4.3.3}% 49
\BOOKMARK [3][-]{subsubsection.4.3.3.8}{\376\377\000I\000n\000s\000e\000r\000t\000R\000o\000l\000l\000N\000o\000D\000e\000t\000a\000i\000l}{subsection.4.3.3}% 50
\BOOKMARK [3][-]{subsubsection.4.3.3.9}{\376\377\000I\000n\000s\000e\000r\000t\000R\000o\000o\000m\000D\000e\000t\000a\000i\000l}{subsection.4.3.3}% 51
\BOOKMARK [3][-]{subsubsection.4.3.3.10}{\376\377\000I\000n\000s\000e\000r\000t\000S\000e\000s\000s\000i\000o\000n\000D\000e\000t\000a\000i\000l}{subsection.4.3.3}% 52
\BOOKMARK [3][-]{subsubsection.4.3.3.11}{\376\377\000I\000n\000s\000e\000r\000t\000S\000t\000r\000a\000t\000e\000g\000y\000D\000e\000t\000a\000i\000l}{subsection.4.3.3}% 53
\BOOKMARK [3][-]{subsubsection.4.3.3.12}{\376\377\000I\000n\000s\000e\000r\000t\000U\000s\000e\000r\000D\000e\000t\000a\000i\000l}{subsection.4.3.3}% 54
\BOOKMARK [3][-]{subsubsection.4.3.3.13}{\376\377\000Q\000u\000e\000r\000y}{subsection.4.3.3}% 55
\BOOKMARK [3][-]{subsubsection.4.3.3.14}{\376\377\000S\000e\000l\000e\000c\000t\000C\000o\000l\000u\000m\000n}{subsection.4.3.3}% 56
\BOOKMARK [3][-]{subsubsection.4.3.3.15}{\376\377\000S\000e\000l\000e\000c\000t\000P\000r\000o\000j\000e\000c\000t\000I\000D}{subsection.4.3.3}% 57
\BOOKMARK [3][-]{subsubsection.4.3.3.16}{\376\377\000S\000e\000l\000e\000c\000t\000Q\000u\000e\000r\000y}{subsection.4.3.3}% 58
\BOOKMARK [3][-]{subsubsection.4.3.3.17}{\376\377\000S\000e\000l\000e\000c\000t\000S\000u\000m}{subsection.4.3.3}% 59
\BOOKMARK [2][-]{subsection.4.3.4}{\376\377\000M\000e\000m\000b\000e\000r\000\040\000D\000a\000t\000a\000\040\000D\000o\000c\000u\000m\000e\000n\000t\000a\000t\000i\000o\000n}{section.4.3}% 60
\BOOKMARK [3][-]{subsubsection.4.3.4.1}{\376\377\000c\000o\000n\000n\000e\000c\000t}{subsection.4.3.4}% 61
\BOOKMARK [3][-]{subsubsection.4.3.4.2}{\376\377\000n\000u\000m\000r\000o\000w\000s}{subsection.4.3.4}% 62
\BOOKMARK [1][-]{section.4.4}{\376\377\000D\000a\000t\000a\000b\000a\000s\000o\000\040\000C\000l\000a\000s\000s\000\040\000R\000e\000f\000e\000r\000e\000n\000c\000e}{chapter.4}% 63
\BOOKMARK [1][-]{section.4.5}{\376\377\000D\000a\000t\000a\000S\000h\000e\000e\000t\000\040\000C\000l\000a\000s\000s\000\040\000R\000e\000f\000e\000r\000e\000n\000c\000e}{chapter.4}% 64
\BOOKMARK [2][-]{subsection.4.5.1}{\376\377\000D\000e\000t\000a\000i\000l\000e\000d\000\040\000D\000e\000s\000c\000r\000i\000p\000t\000i\000o\000n}{section.4.5}% 65
\BOOKMARK [1][-]{section.4.6}{\376\377\000D\000a\000t\000e\000S\000h\000e\000e\000t\000\040\000C\000l\000a\000s\000s\000\040\000R\000e\000f\000e\000r\000e\000n\000c\000e}{chapter.4}% 66
\BOOKMARK [2][-]{subsection.4.6.1}{\376\377\000D\000e\000t\000a\000i\000l\000e\000d\000\040\000D\000e\000s\000c\000r\000i\000p\000t\000i\000o\000n}{section.4.6}% 67
\BOOKMARK [2][-]{subsection.4.6.2}{\376\377\000C\000o\000n\000s\000t\000r\000u\000c\000t\000o\000r\000\040\000\046\000\040\000D\000e\000s\000t\000r\000u\000c\000t\000o\000r\000\040\000D\000o\000c\000u\000m\000e\000n\000t\000a\000t\000i\000o\000n}{section.4.6}% 68
\BOOKMARK [3][-]{subsubsection.4.6.2.1}{\376\377\000D\000a\000t\000e\000S\000h\000e\000e\000t}{subsection.4.6.2}% 69
\BOOKMARK [3][-]{subsubsection.4.6.2.2}{\376\377\000D\000a\000t\000e\000S\000h\000e\000e\000t}{subsection.4.6.2}% 70
\BOOKMARK [3][-]{subsubsection.4.6.2.3}{\376\377\000D\000a\000t\000e\000S\000h\000e\000e\000t}{subsection.4.6.2}% 71
\BOOKMARK [3][-]{subsubsection.4.6.2.4}{\376\377\000D\000a\000t\000e\000S\000h\000e\000e\000t}{subsection.4.6.2}% 72
\BOOKMARK [2][-]{subsection.4.6.3}{\376\377\000M\000e\000m\000b\000e\000r\000\040\000F\000u\000n\000c\000t\000i\000o\000n\000\040\000D\000o\000c\000u\000m\000e\000n\000t\000a\000t\000i\000o\000n}{section.4.6}% 73
\BOOKMARK [3][-]{subsubsection.4.6.3.1}{\376\377\000A\000d\000d\000R\000o\000l\000l\000N\000o\000W\000i\000t\000h\000D\000a\000t\000e\000S\000h\000e\000e\000t}{subsection.4.6.3}% 74
\BOOKMARK [3][-]{subsubsection.4.6.3.2}{\376\377\000D\000a\000t\000e\000S\000h\000e\000e\000t\000P\000a\000g\000e}{subsection.4.6.3}% 75
\BOOKMARK [3][-]{subsubsection.4.6.3.3}{\376\377\000M\000a\000i\000n}{subsection.4.6.3}% 76
\BOOKMARK [3][-]{subsubsection.4.6.3.4}{\376\377\000R\000e\000a\000d\000R\000o\000l\000l\000N\000o\000D\000e\000t\000a\000i\000l}{subsection.4.6.3}% 77
\BOOKMARK [3][-]{subsubsection.4.6.3.5}{\376\377\000S\000e\000t\000D\000e\000f\000a\000u\000l\000t\000V\000a\000l\000u\000e}{subsection.4.6.3}% 78
\BOOKMARK [3][-]{subsubsection.4.6.3.6}{\376\377\000W\000r\000i\000t\000e\000D\000a\000t\000e\000S\000h\000e\000e\000t}{subsection.4.6.3}% 79
\BOOKMARK [3][-]{subsubsection.4.6.3.7}{\376\377\000W\000r\000i\000t\000e\000R\000o\000l\000l\000N\000o\000D\000e\000t\000a\000i\000l}{subsection.4.6.3}% 80
\BOOKMARK [1][-]{section.4.7}{\376\377\000E\000x\000a\000m\000D\000e\000t\000a\000i\000l\000\040\000C\000l\000a\000s\000s\000\040\000R\000e\000f\000e\000r\000e\000n\000c\000e}{chapter.4}% 81
\BOOKMARK [2][-]{subsection.4.7.1}{\376\377\000D\000e\000t\000a\000i\000l\000e\000d\000\040\000D\000e\000s\000c\000r\000i\000p\000t\000i\000o\000n}{section.4.7}% 82
\BOOKMARK [2][-]{subsection.4.7.2}{\376\377\000C\000o\000n\000s\000t\000r\000u\000c\000t\000o\000r\000\040\000\046\000\040\000D\000e\000s\000t\000r\000u\000c\000t\000o\000r\000\040\000D\000o\000c\000u\000m\000e\000n\000t\000a\000t\000i\000o\000n}{section.4.7}% 83
\BOOKMARK [3][-]{subsubsection.4.7.2.1}{\376\377\000E\000x\000a\000m\000D\000e\000t\000a\000i\000l}{subsection.4.7.2}% 84
\BOOKMARK [3][-]{subsubsection.4.7.2.2}{\376\377\000E\000x\000a\000m\000D\000e\000t\000a\000i\000l}{subsection.4.7.2}% 85
\BOOKMARK [2][-]{subsection.4.7.3}{\376\377\000M\000e\000m\000b\000e\000r\000\040\000F\000u\000n\000c\000t\000i\000o\000n\000\040\000D\000o\000c\000u\000m\000e\000n\000t\000a\000t\000i\000o\000n}{section.4.7}% 86
\BOOKMARK [3][-]{subsubsection.4.7.3.1}{\376\377\000E\000x\000a\000m\000D\000e\000t\000a\000i\000l\000P\000a\000g\000e}{subsection.4.7.3}% 87
\BOOKMARK [3][-]{subsubsection.4.7.3.2}{\376\377\000R\000e\000a\000d\000R\000o\000o\000m\000D\000e\000t\000a\000i\000l}{subsection.4.7.3}% 88
\BOOKMARK [3][-]{subsubsection.4.7.3.3}{\376\377\000S\000e\000t\000D\000e\000f\000a\000u\000l\000t\000V\000a\000l\000u\000e}{subsection.4.7.3}% 89
\BOOKMARK [3][-]{subsubsection.4.7.3.4}{\376\377\000W\000r\000i\000t\000e\000R\000o\000o\000m\000D\000e\000t\000a\000i\000l}{subsection.4.7.3}% 90
\BOOKMARK [1][-]{section.4.8}{\376\377\000E\000x\000a\000p\000a\000n\000d\000R\000o\000l\000l\000N\000o\000\040\000C\000l\000a\000s\000s\000\040\000R\000e\000f\000e\000r\000e\000n\000c\000e}{chapter.4}% 91
\BOOKMARK [2][-]{subsection.4.8.1}{\376\377\000D\000e\000t\000a\000i\000l\000e\000d\000\040\000D\000e\000s\000c\000r\000i\000p\000t\000i\000o\000n}{section.4.8}% 92
\BOOKMARK [1][-]{section.4.9}{\376\377\000E\000x\000p\000a\000n\000d\000R\000o\000l\000l\000N\000o\000\040\000C\000l\000a\000s\000s\000\040\000R\000e\000f\000e\000r\000e\000n\000c\000e}{chapter.4}% 93
\BOOKMARK [2][-]{subsection.4.9.1}{\376\377\000D\000e\000t\000a\000i\000l\000e\000d\000\040\000D\000e\000s\000c\000r\000i\000p\000t\000i\000o\000n}{section.4.9}% 94
\BOOKMARK [2][-]{subsection.4.9.2}{\376\377\000C\000o\000n\000s\000t\000r\000u\000c\000t\000o\000r\000\040\000\046\000\040\000D\000e\000s\000t\000r\000u\000c\000t\000o\000r\000\040\000D\000o\000c\000u\000m\000e\000n\000t\000a\000t\000i\000o\000n}{section.4.9}% 95
\BOOKMARK [3][-]{subsubsection.4.9.2.1}{\376\377\000E\000x\000p\000a\000n\000d\000R\000o\000l\000l\000N\000o}{subsection.4.9.2}% 96
\BOOKMARK [3][-]{subsubsection.4.9.2.2}{\376\377\000E\000x\000p\000a\000n\000d\000R\000o\000l\000l\000N\000o}{subsection.4.9.2}% 97
\BOOKMARK [2][-]{subsection.4.9.3}{\376\377\000M\000e\000m\000b\000e\000r\000\040\000F\000u\000n\000c\000t\000i\000o\000n\000\040\000D\000o\000c\000u\000m\000e\000n\000t\000a\000t\000i\000o\000n}{section.4.9}% 98
\BOOKMARK [3][-]{subsubsection.4.9.3.1}{\376\377\000E\000x\000p\000a\000n\000d\000R\000o\000l\000l\000N\000o\000L\000i\000s\000t}{subsection.4.9.3}% 99
\BOOKMARK [3][-]{subsubsection.4.9.3.2}{\376\377\000E\000x\000p\000a\000n\000d\000R\000o\000l\000l\000N\000o\000s}{subsection.4.9.3}% 100
\BOOKMARK [3][-]{subsubsection.4.9.3.3}{\376\377\000W\000r\000i\000t\000e\000E\000x\000p\000a\000n\000d\000R\000o\000l\000l\000N\000o}{subsection.4.9.3}% 101
\BOOKMARK [1][-]{section.4.10}{\376\377\000I\000n\000p\000u\000t\000D\000e\000t\000a\000i\000l\000\040\000C\000l\000a\000s\000s\000\040\000R\000e\000f\000e\000r\000e\000n\000c\000e}{chapter.4}% 102
\BOOKMARK [2][-]{subsection.4.10.1}{\376\377\000D\000e\000t\000a\000i\000l\000e\000d\000\040\000D\000e\000s\000c\000r\000i\000p\000t\000i\000o\000n}{section.4.10}% 103
\BOOKMARK [2][-]{subsection.4.10.2}{\376\377\000C\000o\000n\000s\000t\000r\000u\000c\000t\000o\000r\000\040\000\046\000\040\000D\000e\000s\000t\000r\000u\000c\000t\000o\000r\000\040\000D\000o\000c\000u\000m\000e\000n\000t\000a\000t\000i\000o\000n}{section.4.10}% 104
\BOOKMARK [3][-]{subsubsection.4.10.2.1}{\376\377\000I\000n\000p\000u\000t\000D\000e\000t\000a\000i\000l}{subsection.4.10.2}% 105
\BOOKMARK [2][-]{subsection.4.10.3}{\376\377\000M\000e\000m\000b\000e\000r\000\040\000F\000u\000n\000c\000t\000i\000o\000n\000\040\000D\000o\000c\000u\000m\000e\000n\000t\000a\000t\000i\000o\000n}{section.4.10}% 106
\BOOKMARK [3][-]{subsubsection.4.10.3.1}{\376\377\000E\000r\000r\000o\000r\000M\000e\000s\000s\000a\000g\000e}{subsection.4.10.3}% 107
\BOOKMARK [3][-]{subsubsection.4.10.3.2}{\376\377\000F\000i\000l\000e\000N\000a\000m\000e}{subsection.4.10.3}% 108
\BOOKMARK [3][-]{subsubsection.4.10.3.3}{\376\377\000F\000o\000o\000t\000e\000r}{subsection.4.10.3}% 109
\BOOKMARK [3][-]{subsubsection.4.10.3.4}{\376\377\000H\000e\000a\000d\000e\000r}{subsection.4.10.3}% 110
\BOOKMARK [3][-]{subsubsection.4.10.3.5}{\376\377\000I\000n\000t\000T\000o\000S\000t\000r\000i\000n\000g}{subsection.4.10.3}% 111
\BOOKMARK [3][-]{subsubsection.4.10.3.6}{\376\377\000S\000p\000l\000i\000t\000S\000t\000r\000i\000n\000g}{subsection.4.10.3}% 112
\BOOKMARK [3][-]{subsubsection.4.10.3.7}{\376\377\000S\000t\000r\000i\000n\000g\000T\000o\000I\000n\000t}{subsection.4.10.3}% 113
\BOOKMARK [3][-]{subsubsection.4.10.3.8}{\376\377\000T\000i\000m\000e}{subsection.4.10.3}% 114
\BOOKMARK [2][-]{subsection.4.10.4}{\376\377\000M\000e\000m\000b\000e\000r\000\040\000D\000a\000t\000a\000\040\000D\000o\000c\000u\000m\000e\000n\000t\000a\000t\000i\000o\000n}{section.4.10}% 115
\BOOKMARK [3][-]{subsubsection.4.10.4.1}{\376\377\000c\000e\000n\000t\000r\000e\000N\000a\000m\000e}{subsection.4.10.4}% 116
\BOOKMARK [3][-]{subsubsection.4.10.4.2}{\376\377\000c\000l\000a\000s\000s\000I\000D}{subsection.4.10.4}% 117
\BOOKMARK [3][-]{subsubsection.4.10.4.3}{\376\377\000c\000l\000a\000s\000s\000N\000a\000m\000e}{subsection.4.10.4}% 118
\BOOKMARK [3][-]{subsubsection.4.10.4.4}{\376\377\000c\000o\000l\000u\000m\000n\000s}{subsection.4.10.4}% 119
\BOOKMARK [3][-]{subsubsection.4.10.4.5}{\376\377\000d\000a\000t\000a\000b\000a\000s\000e}{subsection.4.10.4}% 120
\BOOKMARK [3][-]{subsubsection.4.10.4.6}{\376\377\000d\000a\000t\000e}{subsection.4.10.4}% 121
\BOOKMARK [3][-]{subsubsection.4.10.4.7}{\376\377\000e\000m\000a\000i\000l\000I\000D}{subsection.4.10.4}% 122
\BOOKMARK [3][-]{subsubsection.4.10.4.8}{\376\377\000e\000n\000d\000R\000o\000l\000l\000N\000o}{subsection.4.10.4}% 123
\BOOKMARK [3][-]{subsubsection.4.10.4.9}{\376\377\000e\000x\000a\000m\000C\000o\000d\000e}{subsection.4.10.4}% 124
\BOOKMARK [3][-]{subsubsection.4.10.4.10}{\376\377\000e\000x\000a\000m\000N\000a\000m\000e}{subsection.4.10.4}% 125
\BOOKMARK [3][-]{subsubsection.4.10.4.11}{\376\377\000e\000x\000a\000m\000S\000e\000s\000s\000i\000o\000n}{subsection.4.10.4}% 126
\BOOKMARK [3][-]{subsubsection.4.10.4.12}{\376\377\000e\000x\000a\000m\000T\000i\000m\000e}{subsection.4.10.4}% 127
\BOOKMARK [3][-]{subsubsection.4.10.4.13}{\376\377\000e\000x\000a\000m\000V\000e\000n\000u\000e}{subsection.4.10.4}% 128
\BOOKMARK [3][-]{subsubsection.4.10.4.14}{\376\377\000f\000i\000e\000l\000d\000N\000a\000m\000e}{subsection.4.10.4}% 129
\BOOKMARK [3][-]{subsubsection.4.10.4.15}{\376\377\000f\000i\000l\000e\000N\000a\000m\000e}{subsection.4.10.4}% 130
\BOOKMARK [3][-]{subsubsection.4.10.4.16}{\376\377\000i\000n\000F\000i\000l\000e}{subsection.4.10.4}% 131
\BOOKMARK [3][-]{subsubsection.4.10.4.17}{\376\377\000l}{subsection.4.10.4}% 132
\BOOKMARK [3][-]{subsubsection.4.10.4.18}{\376\377\000m\000s\000g}{subsection.4.10.4}% 133
\BOOKMARK [3][-]{subsubsection.4.10.4.19}{\376\377\000n\000o\000t\000I\000n\000c\000l\000u\000d\000e\000d}{subsection.4.10.4}% 134
\BOOKMARK [3][-]{subsubsection.4.10.4.20}{\376\377\000o\000l\000d\000P\000r\000o\000j\000e\000c\000t}{subsection.4.10.4}% 135
\BOOKMARK [3][-]{subsubsection.4.10.4.21}{\376\377\000o\000u\000t\000F\000i\000l\000e}{subsection.4.10.4}% 136
\BOOKMARK [3][-]{subsubsection.4.10.4.22}{\376\377\000p\000a\000g\000e}{subsection.4.10.4}% 137
\BOOKMARK [3][-]{subsubsection.4.10.4.23}{\376\377\000p\000r\000e\000f\000i\000x}{subsection.4.10.4}% 138
\BOOKMARK [3][-]{subsubsection.4.10.4.24}{\376\377\000p\000r\000o\000j\000e\000c\000t\000I\000D}{subsection.4.10.4}% 139
\BOOKMARK [3][-]{subsubsection.4.10.4.25}{\376\377\000p\000r\000o\000j\000e\000c\000t\000N\000a\000m\000e}{subsection.4.10.4}% 140
\BOOKMARK [3][-]{subsubsection.4.10.4.26}{\376\377\000p\000r\000o\000j\000e\000c\000t\000T\000y\000p\000e}{subsection.4.10.4}% 141
\BOOKMARK [3][-]{subsubsection.4.10.4.27}{\376\377\000r\000e\000a\000d\000F\000i\000e\000l\000d}{subsection.4.10.4}% 142
\BOOKMARK [3][-]{subsubsection.4.10.4.28}{\376\377\000r\000o\000o\000m\000N\000o}{subsection.4.10.4}% 143
\BOOKMARK [3][-]{subsubsection.4.10.4.29}{\376\377\000r\000o\000w\000s}{subsection.4.10.4}% 144
\BOOKMARK [3][-]{subsubsection.4.10.4.30}{\376\377\000s\000a\000m\000e\000D\000e\000t\000a\000i\000l}{subsection.4.10.4}% 145
\BOOKMARK [3][-]{subsubsection.4.10.4.31}{\376\377\000s\000e\000s\000s\000i\000o\000n\000I\000D}{subsection.4.10.4}% 146
\BOOKMARK [3][-]{subsubsection.4.10.4.32}{\376\377\000s\000p\000l\000i\000t\000S\000t\000r\000i\000n\000g}{subsection.4.10.4}% 147
\BOOKMARK [3][-]{subsubsection.4.10.4.33}{\376\377\000s\000s}{subsection.4.10.4}% 148
\BOOKMARK [3][-]{subsubsection.4.10.4.34}{\376\377\000s\000t\000a\000r\000t\000R\000o\000l\000l\000N\000o}{subsection.4.10.4}% 149
\BOOKMARK [3][-]{subsubsection.4.10.4.35}{\376\377\000s\000t\000r\000a\000t\000e\000g\000y\000C\000h\000o\000i\000c\000e}{subsection.4.10.4}% 150
\BOOKMARK [3][-]{subsubsection.4.10.4.36}{\376\377\000s\000u\000b\000j\000e\000c\000t\000C\000o\000d\000e}{subsection.4.10.4}% 151
\BOOKMARK [3][-]{subsubsection.4.10.4.37}{\376\377\000s\000u\000b\000j\000e\000c\000t\000N\000a\000m\000e}{subsection.4.10.4}% 152
\BOOKMARK [3][-]{subsubsection.4.10.4.38}{\376\377\000t\000a\000b\000l\000e\000H\000e\000a\000d\000i\000n\000g}{subsection.4.10.4}% 153
\BOOKMARK [3][-]{subsubsection.4.10.4.39}{\376\377\000t\000e\000m\000p\0001}{subsection.4.10.4}% 154
\BOOKMARK [3][-]{subsubsection.4.10.4.40}{\376\377\000t\000o\000t\000a\000l\000C\000e\000n\000t\000r\000e\000s}{subsection.4.10.4}% 155
\BOOKMARK [3][-]{subsubsection.4.10.4.41}{\376\377\000t\000o\000t\000a\000l\000C\000l\000a\000s\000s\000e\000s}{subsection.4.10.4}% 156
\BOOKMARK [3][-]{subsubsection.4.10.4.42}{\376\377\000t\000o\000t\000a\000l\000C\000o\000l\000s}{subsection.4.10.4}% 157
\BOOKMARK [3][-]{subsubsection.4.10.4.43}{\376\377\000t\000o\000t\000a\000l\000D\000a\000y\000s}{subsection.4.10.4}% 158
\BOOKMARK [3][-]{subsubsection.4.10.4.44}{\376\377\000t\000o\000t\000a\000l\000R\000o\000w\000s}{subsection.4.10.4}% 159
\BOOKMARK [3][-]{subsubsection.4.10.4.45}{\376\377\000v\000e\000c\000T\000e\000m\000p}{subsection.4.10.4}% 160
\BOOKMARK [3][-]{subsubsection.4.10.4.46}{\376\377\000w\000h\000e\000r\000e}{subsection.4.10.4}% 161
\BOOKMARK [1][-]{section.4.11}{\376\377\000I\000n\000p\000u\000t\000F\000i\000e\000l\000d\000N\000a\000m\000e\000\040\000C\000l\000a\000s\000s\000\040\000R\000e\000f\000e\000r\000e\000n\000c\000e}{chapter.4}% 162
\BOOKMARK [2][-]{subsection.4.11.1}{\376\377\000D\000e\000t\000a\000i\000l\000e\000d\000\040\000D\000e\000s\000c\000r\000i\000p\000t\000i\000o\000n}{section.4.11}% 163
\BOOKMARK [2][-]{subsection.4.11.2}{\376\377\000C\000o\000n\000s\000t\000r\000u\000c\000t\000o\000r\000\040\000\046\000\040\000D\000e\000s\000t\000r\000u\000c\000t\000o\000r\000\040\000D\000o\000c\000u\000m\000e\000n\000t\000a\000t\000i\000o\000n}{section.4.11}% 164
\BOOKMARK [3][-]{subsubsection.4.11.2.1}{\376\377\000I\000n\000p\000u\000t\000F\000i\000e\000l\000d\000N\000a\000m\000e}{subsection.4.11.2}% 165
\BOOKMARK [2][-]{subsection.4.11.3}{\376\377\000M\000e\000m\000b\000e\000r\000\040\000F\000u\000n\000c\000t\000i\000o\000n\000\040\000D\000o\000c\000u\000m\000e\000n\000t\000a\000t\000i\000o\000n}{section.4.11}% 166
\BOOKMARK [3][-]{subsubsection.4.11.3.1}{\376\377\000S\000e\000t\000F\000i\000e\000l\000d\000N\000a\000m\000e\000s}{subsection.4.11.3}% 167
\BOOKMARK [2][-]{subsection.4.11.4}{\376\377\000M\000e\000m\000b\000e\000r\000\040\000D\000a\000t\000a\000\040\000D\000o\000c\000u\000m\000e\000n\000t\000a\000t\000i\000o\000n}{section.4.11}% 168
\BOOKMARK [3][-]{subsubsection.4.11.4.1}{\376\377\000c\000e\000n\000t\000r\000e\000N\000a\000m\000e}{subsection.4.11.4}% 169
\BOOKMARK [3][-]{subsubsection.4.11.4.2}{\376\377\000c\000l\000a\000s\000s\000I\000D}{subsection.4.11.4}% 170
\BOOKMARK [3][-]{subsubsection.4.11.4.3}{\376\377\000c\000l\000a\000s\000s\000N\000a\000m\000e}{subsection.4.11.4}% 171
\BOOKMARK [3][-]{subsubsection.4.11.4.4}{\376\377\000c\000o\000l\000u\000m\000n\000s}{subsection.4.11.4}% 172
\BOOKMARK [3][-]{subsubsection.4.11.4.5}{\376\377\000d\000a\000t\000e}{subsection.4.11.4}% 173
\BOOKMARK [3][-]{subsubsection.4.11.4.6}{\376\377\000e\000m\000a\000i\000l\000I\000D}{subsection.4.11.4}% 174
\BOOKMARK [3][-]{subsubsection.4.11.4.7}{\376\377\000e\000n\000d\000R\000o\000l\000l\000N\000o}{subsection.4.11.4}% 175
\BOOKMARK [3][-]{subsubsection.4.11.4.8}{\376\377\000e\000x\000a\000m\000C\000o\000d\000e}{subsection.4.11.4}% 176
\BOOKMARK [3][-]{subsubsection.4.11.4.9}{\376\377\000e\000x\000a\000m\000D\000a\000t\000e}{subsection.4.11.4}% 177
\BOOKMARK [3][-]{subsubsection.4.11.4.10}{\376\377\000e\000x\000a\000m\000N\000a\000m\000e}{subsection.4.11.4}% 178
\BOOKMARK [3][-]{subsubsection.4.11.4.11}{\376\377\000e\000x\000a\000m\000S\000e\000s\000s\000i\000o\000n}{subsection.4.11.4}% 179
\BOOKMARK [3][-]{subsubsection.4.11.4.12}{\376\377\000e\000x\000a\000m\000T\000i\000m\000e}{subsection.4.11.4}% 180
\BOOKMARK [3][-]{subsubsection.4.11.4.13}{\376\377\000e\000x\000a\000m\000V\000e\000n\000u\000e}{subsection.4.11.4}% 181
\BOOKMARK [3][-]{subsubsection.4.11.4.14}{\376\377\000k\000e\000y}{subsection.4.11.4}% 182
\BOOKMARK [3][-]{subsubsection.4.11.4.15}{\376\377\000n\000o\000t\000I\000n\000c\000l\000u\000d\000e\000d}{subsection.4.11.4}% 183
\BOOKMARK [3][-]{subsubsection.4.11.4.16}{\376\377\000p\000a\000s\000s\000w\000o\000r\000d}{subsection.4.11.4}% 184
\BOOKMARK [3][-]{subsubsection.4.11.4.17}{\376\377\000p\000r\000e\000f\000i\000x}{subsection.4.11.4}% 185
\BOOKMARK [3][-]{subsubsection.4.11.4.18}{\376\377\000p\000r\000o\000j\000e\000c\000t\000I\000D}{subsection.4.11.4}% 186
\BOOKMARK [3][-]{subsubsection.4.11.4.19}{\376\377\000p\000r\000o\000j\000e\000c\000t\000N\000a\000m\000e}{subsection.4.11.4}% 187
\BOOKMARK [3][-]{subsubsection.4.11.4.20}{\376\377\000p\000r\000o\000j\000e\000c\000t\000T\000y\000p\000e}{subsection.4.11.4}% 188
\BOOKMARK [3][-]{subsubsection.4.11.4.21}{\376\377\000r\000e\000t\000y\000p\000e\000P\000a\000s\000s\000w\000o\000r\000d}{subsection.4.11.4}% 189
\BOOKMARK [3][-]{subsubsection.4.11.4.22}{\376\377\000r\000o\000o\000m\000N\000o}{subsection.4.11.4}% 190
\BOOKMARK [3][-]{subsubsection.4.11.4.23}{\376\377\000r\000o\000w\000s}{subsection.4.11.4}% 191
\BOOKMARK [3][-]{subsubsection.4.11.4.24}{\376\377\000s\000a\000m\000e\000D\000e\000t\000a\000i\000l}{subsection.4.11.4}% 192
\BOOKMARK [3][-]{subsubsection.4.11.4.25}{\376\377\000s\000t\000a\000r\000t\000R\000o\000l\000l\000N\000o}{subsection.4.11.4}% 193
\BOOKMARK [3][-]{subsubsection.4.11.4.26}{\376\377\000s\000t\000r\000a\000t\000e\000g\000y\000C\000h\000o\000i\000c\000e}{subsection.4.11.4}% 194
\BOOKMARK [3][-]{subsubsection.4.11.4.27}{\376\377\000s\000u\000b\000j\000e\000c\000t\000C\000o\000d\000e}{subsection.4.11.4}% 195
\BOOKMARK [3][-]{subsubsection.4.11.4.28}{\376\377\000s\000u\000b\000j\000e\000c\000t\000N\000a\000m\000e}{subsection.4.11.4}% 196
\BOOKMARK [3][-]{subsubsection.4.11.4.29}{\376\377\000t\000o\000t\000a\000l\000C\000e\000n\000t\000r\000e\000s}{subsection.4.11.4}% 197
\BOOKMARK [3][-]{subsubsection.4.11.4.30}{\376\377\000t\000o\000t\000a\000l\000C\000l\000a\000s\000s\000e\000s}{subsection.4.11.4}% 198
\BOOKMARK [3][-]{subsubsection.4.11.4.31}{\376\377\000t\000o\000t\000a\000l\000D\000a\000y\000s}{subsection.4.11.4}% 199
\BOOKMARK [3][-]{subsubsection.4.11.4.32}{\376\377\000t\000o\000t\000a\000l\000R\000o\000o\000m\000s}{subsection.4.11.4}% 200
\BOOKMARK [3][-]{subsubsection.4.11.4.33}{\376\377\000t\000o\000t\000a\000l\000S\000u\000b\000j\000e\000c\000t\000s}{subsection.4.11.4}% 201
\BOOKMARK [1][-]{section.4.12}{\376\377\000J\000a\000v\000a\000S\000c\000r\000i\000p\000t\000\040\000C\000l\000a\000s\000s\000\040\000R\000e\000f\000e\000r\000e\000n\000c\000e}{chapter.4}% 202
\BOOKMARK [2][-]{subsection.4.12.1}{\376\377\000D\000e\000t\000a\000i\000l\000e\000d\000\040\000D\000e\000s\000c\000r\000i\000p\000t\000i\000o\000n}{section.4.12}% 203
\BOOKMARK [2][-]{subsection.4.12.2}{\376\377\000C\000o\000n\000s\000t\000r\000u\000c\000t\000o\000r\000\040\000\046\000\040\000D\000e\000s\000t\000r\000u\000c\000t\000o\000r\000\040\000D\000o\000c\000u\000m\000e\000n\000t\000a\000t\000i\000o\000n}{section.4.12}% 204
\BOOKMARK [3][-]{subsubsection.4.12.2.1}{\376\377\000J\000a\000v\000a\000S\000c\000r\000i\000p\000t}{subsection.4.12.2}% 205
\BOOKMARK [2][-]{subsection.4.12.3}{\376\377\000M\000e\000m\000b\000e\000r\000\040\000F\000u\000n\000c\000t\000i\000o\000n\000\040\000D\000o\000c\000u\000m\000e\000n\000t\000a\000t\000i\000o\000n}{section.4.12}% 206
\BOOKMARK [3][-]{subsubsection.4.12.3.1}{\376\377\000O\000n\000C\000h\000a\000n\000g\000e\000E\000v\000e\000n\000t}{subsection.4.12.3}% 207
\BOOKMARK [3][-]{subsubsection.4.12.3.2}{\376\377\000O\000n\000F\000o\000c\000u\000s\000E\000v\000e\000n\000t}{subsection.4.12.3}% 208
\BOOKMARK [1][-]{section.4.13}{\376\377\000L\000o\000g\000i\000n\000\040\000C\000l\000a\000s\000s\000\040\000R\000e\000f\000e\000r\000e\000n\000c\000e}{chapter.4}% 209
\BOOKMARK [2][-]{subsection.4.13.1}{\376\377\000D\000e\000t\000a\000i\000l\000e\000d\000\040\000D\000e\000s\000c\000r\000i\000p\000t\000i\000o\000n}{section.4.13}% 210
\BOOKMARK [2][-]{subsection.4.13.2}{\376\377\000C\000o\000n\000s\000t\000r\000u\000c\000t\000o\000r\000\040\000\046\000\040\000D\000e\000s\000t\000r\000u\000c\000t\000o\000r\000\040\000D\000o\000c\000u\000m\000e\000n\000t\000a\000t\000i\000o\000n}{section.4.13}% 211
\BOOKMARK [3][-]{subsubsection.4.13.2.1}{\376\377\000L\000o\000g\000i\000n}{subsection.4.13.2}% 212
\BOOKMARK [3][-]{subsubsection.4.13.2.2}{\376\377\000L\000o\000g\000i\000n}{subsection.4.13.2}% 213
\BOOKMARK [2][-]{subsection.4.13.3}{\376\377\000M\000e\000m\000b\000e\000r\000\040\000F\000u\000n\000c\000t\000i\000o\000n\000\040\000D\000o\000c\000u\000m\000e\000n\000t\000a\000t\000i\000o\000n}{section.4.13}% 214
\BOOKMARK [3][-]{subsubsection.4.13.3.1}{\376\377\000C\000o\000n\000f\000i\000r\000m\000P\000a\000g\000e}{subsection.4.13.3}% 215
\BOOKMARK [3][-]{subsubsection.4.13.3.2}{\376\377\000L\000o\000g\000i\000n\000P\000a\000g\000e}{subsection.4.13.3}% 216
\BOOKMARK [3][-]{subsubsection.4.13.3.3}{\376\377\000L\000o\000g\000o\000u\000t\000P\000a\000g\000e}{subsection.4.13.3}% 217
\BOOKMARK [3][-]{subsubsection.4.13.3.4}{\376\377\000N\000e\000w\000U\000s\000e\000r}{subsection.4.13.3}% 218
\BOOKMARK [3][-]{subsubsection.4.13.3.5}{\376\377\000R\000e\000a\000d\000L\000o\000g\000i\000n\000D\000e\000t\000a\000i\000l}{subsection.4.13.3}% 219
\BOOKMARK [3][-]{subsubsection.4.13.3.6}{\376\377\000R\000e\000g\000i\000s\000t\000r\000a\000t\000i\000o\000n\000P\000a\000g\000e}{subsection.4.13.3}% 220
\BOOKMARK [3][-]{subsubsection.4.13.3.7}{\376\377\000S\000e\000l\000e\000c\000t\000L\000o\000g\000i\000n\000D\000e\000t\000a\000i\000l}{subsection.4.13.3}% 221
\BOOKMARK [2][-]{subsection.4.13.4}{\376\377\000M\000e\000m\000b\000e\000r\000\040\000D\000a\000t\000a\000\040\000D\000o\000c\000u\000m\000e\000n\000t\000a\000t\000i\000o\000n}{section.4.13}% 222
\BOOKMARK [3][-]{subsubsection.4.13.4.1}{\376\377\000c\000u\000r\000r\000e\000n\000t\000T\000i\000m\000e}{subsection.4.13.4}% 223
\BOOKMARK [3][-]{subsubsection.4.13.4.2}{\376\377\000e\000m\000a\000i\000l\000I\000D}{subsection.4.13.4}% 224
\BOOKMARK [3][-]{subsubsection.4.13.4.3}{\376\377\000p\000a\000s\000s\000w\000o\000r\000d}{subsection.4.13.4}% 225
\BOOKMARK [3][-]{subsubsection.4.13.4.4}{\376\377\000r\000e\000g\000K\000e\000y}{subsection.4.13.4}% 226
\BOOKMARK [3][-]{subsubsection.4.13.4.5}{\376\377\000r\000e\000t\000y\000p\000e\000P\000a\000s\000s\000w\000o\000r\000d}{subsection.4.13.4}% 227
\BOOKMARK [3][-]{subsubsection.4.13.4.6}{\376\377\000u\000s\000e\000r\000E\000m\000a\000i\000l\000I\000D}{subsection.4.13.4}% 228
\BOOKMARK [3][-]{subsubsection.4.13.4.7}{\376\377\000u\000s\000e\000r\000P\000a\000s\000s\000w\000o\000r\000d}{subsection.4.13.4}% 229
\BOOKMARK [1][-]{section.4.14}{\376\377\000j\000w\000s\000m\000t\000p\000:\000:\000m\000a\000i\000l\000e\000r\000\040\000C\000l\000a\000s\000s\000\040\000R\000e\000f\000e\000r\000e\000n\000c\000e}{chapter.4}% 230
\BOOKMARK [2][-]{subsection.4.14.1}{\376\377\000D\000e\000t\000a\000i\000l\000e\000d\000\040\000D\000e\000s\000c\000r\000i\000p\000t\000i\000o\000n}{section.4.14}% 231
\BOOKMARK [1][-]{section.4.15}{\376\377\000M\000D\0005\000\040\000C\000l\000a\000s\000s\000\040\000R\000e\000f\000e\000r\000e\000n\000c\000e}{chapter.4}% 232
\BOOKMARK [2][-]{subsection.4.15.1}{\376\377\000D\000e\000t\000a\000i\000l\000e\000d\000\040\000D\000e\000s\000c\000r\000i\000p\000t\000i\000o\000n}{section.4.15}% 233
\BOOKMARK [1][-]{section.4.16}{\376\377\000P\000a\000g\000e\000L\000a\000y\000o\000u\000t\000\040\000C\000l\000a\000s\000s\000\040\000R\000e\000f\000e\000r\000e\000n\000c\000e}{chapter.4}% 234
\BOOKMARK [2][-]{subsection.4.16.1}{\376\377\000D\000e\000t\000a\000i\000l\000e\000d\000\040\000D\000e\000s\000c\000r\000i\000p\000t\000i\000o\000n}{section.4.16}% 235
\BOOKMARK [2][-]{subsection.4.16.2}{\376\377\000C\000o\000n\000s\000t\000r\000u\000c\000t\000o\000r\000\040\000\046\000\040\000D\000e\000s\000t\000r\000u\000c\000t\000o\000r\000\040\000D\000o\000c\000u\000m\000e\000n\000t\000a\000t\000i\000o\000n}{section.4.16}% 236
\BOOKMARK [3][-]{subsubsection.4.16.2.1}{\376\377\000P\000a\000g\000e\000L\000a\000y\000o\000u\000t}{subsection.4.16.2}% 237
\BOOKMARK [2][-]{subsection.4.16.3}{\376\377\000M\000e\000m\000b\000e\000r\000\040\000F\000u\000n\000c\000t\000i\000o\000n\000\040\000D\000o\000c\000u\000m\000e\000n\000t\000a\000t\000i\000o\000n}{section.4.16}% 238
\BOOKMARK [3][-]{subsubsection.4.16.3.1}{\376\377\000C\000o\000n\000t\000e\000n\000t\000T\000y\000p\000e}{subsection.4.16.3}% 239
\BOOKMARK [3][-]{subsubsection.4.16.3.2}{\376\377\000F\000o\000o\000t\000e\000r}{subsection.4.16.3}% 240
\BOOKMARK [3][-]{subsubsection.4.16.3.3}{\376\377\000H\000e\000a\000d}{subsection.4.16.3}% 241
\BOOKMARK [3][-]{subsubsection.4.16.3.4}{\376\377\000H\000e\000a\000d\000e\000r}{subsection.4.16.3}% 242
\BOOKMARK [3][-]{subsubsection.4.16.3.5}{\376\377\000L\000o\000g\000o}{subsection.4.16.3}% 243
\BOOKMARK [3][-]{subsubsection.4.16.3.6}{\376\377\000L\000o\000g\000o\000u\000t\000L\000i\000n\000k}{subsection.4.16.3}% 244
\BOOKMARK [3][-]{subsubsection.4.16.3.7}{\376\377\000M\000e\000n\000u}{subsection.4.16.3}% 245
\BOOKMARK [3][-]{subsubsection.4.16.3.8}{\376\377\000S\000e\000t\000C\000o\000o\000k\000i\000e\000s}{subsection.4.16.3}% 246
\BOOKMARK [1][-]{section.4.17}{\376\377\000P\000a\000g\000e\000S\000t\000r\000u\000c\000t\000u\000r\000e\000M\000a\000k\000e\000r\000\040\000C\000l\000a\000s\000s\000\040\000R\000e\000f\000e\000r\000e\000n\000c\000e}{chapter.4}% 247
\BOOKMARK [2][-]{subsection.4.17.1}{\376\377\000D\000e\000t\000a\000i\000l\000e\000d\000\040\000D\000e\000s\000c\000r\000i\000p\000t\000i\000o\000n}{section.4.17}% 248
\BOOKMARK [2][-]{subsection.4.17.2}{\376\377\000C\000o\000n\000s\000t\000r\000u\000c\000t\000o\000r\000\040\000\046\000\040\000D\000e\000s\000t\000r\000u\000c\000t\000o\000r\000\040\000D\000o\000c\000u\000m\000e\000n\000t\000a\000t\000i\000o\000n}{section.4.17}% 249
\BOOKMARK [3][-]{subsubsection.4.17.2.1}{\376\377\000P\000a\000g\000e\000S\000t\000r\000u\000c\000t\000u\000r\000e\000M\000a\000k\000e\000r}{subsection.4.17.2}% 250
\BOOKMARK [2][-]{subsection.4.17.3}{\376\377\000M\000e\000m\000b\000e\000r\000\040\000F\000u\000n\000c\000t\000i\000o\000n\000\040\000D\000o\000c\000u\000m\000e\000n\000t\000a\000t\000i\000o\000n}{section.4.17}% 251
\BOOKMARK [3][-]{subsubsection.4.17.3.1}{\376\377\000A\000n\000c\000h\000o\000r}{subsection.4.17.3}% 252
\BOOKMARK [3][-]{subsubsection.4.17.3.2}{\376\377\000B\000o\000d\000y\000E\000n\000d}{subsection.4.17.3}% 253
\BOOKMARK [3][-]{subsubsection.4.17.3.3}{\376\377\000B\000o\000d\000y\000S\000t\000a\000r\000t}{subsection.4.17.3}% 254
\BOOKMARK [3][-]{subsubsection.4.17.3.4}{\376\377\000B\000u\000t\000t\000o\000n}{subsection.4.17.3}% 255
\BOOKMARK [3][-]{subsubsection.4.17.3.5}{\376\377\000C\000S\000S}{subsection.4.17.3}% 256
\BOOKMARK [3][-]{subsubsection.4.17.3.6}{\376\377\000D\000i\000v\000E\000n\000d}{subsection.4.17.3}% 257
\BOOKMARK [3][-]{subsubsection.4.17.3.7}{\376\377\000D\000i\000v\000S\000t\000a\000r\000t}{subsection.4.17.3}% 258
\BOOKMARK [3][-]{subsubsection.4.17.3.8}{\376\377\000F\000o\000r\000m\000E\000n\000d}{subsection.4.17.3}% 259
\BOOKMARK [3][-]{subsubsection.4.17.3.9}{\376\377\000F\000o\000r\000m\000S\000t\000a\000r\000t}{subsection.4.17.3}% 260
\BOOKMARK [3][-]{subsubsection.4.17.3.10}{\376\377\000H\000e\000a\000d\000E\000n\000d}{subsection.4.17.3}% 261
\BOOKMARK [3][-]{subsubsection.4.17.3.11}{\376\377\000H\000e\000a\000d\000S\000t\000a\000r\000t}{subsection.4.17.3}% 262
\BOOKMARK [3][-]{subsubsection.4.17.3.12}{\376\377\000H\000T\000M\000L\000E\000n\000d}{subsection.4.17.3}% 263
\BOOKMARK [3][-]{subsubsection.4.17.3.13}{\376\377\000H\000T\000M\000L\000S\000t\000a\000r\000t}{subsection.4.17.3}% 264
\BOOKMARK [3][-]{subsubsection.4.17.3.14}{\376\377\000I\000n\000p\000u\000t\000F\000i\000e\000l\000d}{subsection.4.17.3}% 265
\BOOKMARK [3][-]{subsubsection.4.17.3.15}{\376\377\000I\000n\000p\000u\000t\000F\000i\000e\000l\000d}{subsection.4.17.3}% 266
\BOOKMARK [3][-]{subsubsection.4.17.3.16}{\376\377\000J\000a\000v\000a\000s\000c\000r\000i\000p\000t}{subsection.4.17.3}% 267
\BOOKMARK [3][-]{subsubsection.4.17.3.17}{\376\377\000L\000a\000b\000e\000l}{subsection.4.17.3}% 268
\BOOKMARK [3][-]{subsubsection.4.17.3.18}{\376\377\000L\000i\000s\000t\000E\000n\000d}{subsection.4.17.3}% 269
\BOOKMARK [3][-]{subsubsection.4.17.3.19}{\376\377\000L\000i\000s\000t\000I\000t\000e\000m}{subsection.4.17.3}% 270
\BOOKMARK [3][-]{subsubsection.4.17.3.20}{\376\377\000L\000i\000s\000t\000S\000t\000a\000r\000t}{subsection.4.17.3}% 271
\BOOKMARK [3][-]{subsubsection.4.17.3.21}{\376\377\000S\000e\000l\000e\000c\000t\000F\000i\000e\000l\000d\000E\000n\000d}{subsection.4.17.3}% 272
\BOOKMARK [3][-]{subsubsection.4.17.3.22}{\376\377\000S\000e\000l\000e\000c\000t\000F\000i\000e\000l\000d\000S\000t\000a\000r\000t}{subsection.4.17.3}% 273
\BOOKMARK [3][-]{subsubsection.4.17.3.23}{\376\377\000S\000e\000l\000e\000c\000t\000O\000p\000t\000i\000o\000n\000E\000n\000d}{subsection.4.17.3}% 274
\BOOKMARK [3][-]{subsubsection.4.17.3.24}{\376\377\000S\000e\000l\000e\000c\000t\000O\000p\000t\000i\000o\000n\000S\000t\000a\000r\000t}{subsection.4.17.3}% 275
\BOOKMARK [3][-]{subsubsection.4.17.3.25}{\376\377\000S\000e\000t\000H\000T\000M\000L\000V\000a\000r\000i\000a\000b\000l\000e\000s}{subsection.4.17.3}% 276
\BOOKMARK [3][-]{subsubsection.4.17.3.26}{\376\377\000T\000a\000b\000l\000e\000E\000n\000d}{subsection.4.17.3}% 277
\BOOKMARK [3][-]{subsubsection.4.17.3.27}{\376\377\000T\000a\000b\000l\000e\000S\000t\000a\000r\000t}{subsection.4.17.3}% 278
\BOOKMARK [3][-]{subsubsection.4.17.3.28}{\376\377\000T\000i\000t\000l\000e}{subsection.4.17.3}% 279
\BOOKMARK [2][-]{subsection.4.17.4}{\376\377\000M\000e\000m\000b\000e\000r\000\040\000D\000a\000t\000a\000\040\000D\000o\000c\000u\000m\000e\000n\000t\000a\000t\000i\000o\000n}{section.4.17}% 280
\BOOKMARK [3][-]{subsubsection.4.17.4.1}{\376\377\000s\000t\000a\000r\000t\000H\0001}{subsection.4.17.4}% 281
\BOOKMARK [1][-]{section.4.18}{\376\377\000P\000r\000o\000j\000e\000c\000t\000D\000e\000t\000a\000i\000l\000\040\000C\000l\000a\000s\000s\000\040\000R\000e\000f\000e\000r\000e\000n\000c\000e}{chapter.4}% 282
\BOOKMARK [2][-]{subsection.4.18.1}{\376\377\000D\000e\000t\000a\000i\000l\000e\000d\000\040\000D\000e\000s\000c\000r\000i\000p\000t\000i\000o\000n}{section.4.18}% 283
\BOOKMARK [2][-]{subsection.4.18.2}{\376\377\000C\000o\000n\000s\000t\000r\000u\000c\000t\000o\000r\000\040\000\046\000\040\000D\000e\000s\000t\000r\000u\000c\000t\000o\000r\000\040\000D\000o\000c\000u\000m\000e\000n\000t\000a\000t\000i\000o\000n}{section.4.18}% 284
\BOOKMARK [3][-]{subsubsection.4.18.2.1}{\376\377\000P\000r\000o\000j\000e\000c\000t\000D\000e\000t\000a\000i\000l}{subsection.4.18.2}% 285
\BOOKMARK [3][-]{subsubsection.4.18.2.2}{\376\377\000P\000r\000o\000j\000e\000c\000t\000D\000e\000t\000a\000i\000l}{subsection.4.18.2}% 286
\BOOKMARK [2][-]{subsection.4.18.3}{\376\377\000M\000e\000m\000b\000e\000r\000\040\000F\000u\000n\000c\000t\000i\000o\000n\000\040\000D\000o\000c\000u\000m\000e\000n\000t\000a\000t\000i\000o\000n}{section.4.18}% 287
\BOOKMARK [3][-]{subsubsection.4.18.3.1}{\376\377\000A\000u\000t\000h\000o\000r\000i\000z\000e\000U\000s\000e\000r}{subsection.4.18.3}% 288
\BOOKMARK [3][-]{subsubsection.4.18.3.2}{\376\377\000H\000o\000m\000e\000P\000a\000g\000e}{subsection.4.18.3}% 289
\BOOKMARK [3][-]{subsubsection.4.18.3.3}{\376\377\000O\000l\000d\000P\000r\000o\000j\000e\000c\000t}{subsection.4.18.3}% 290
\BOOKMARK [3][-]{subsubsection.4.18.3.4}{\376\377\000P\000r\000o\000j\000e\000c\000t\000D\000e\000t\000a\000i\000l\000P\000a\000g\000e}{subsection.4.18.3}% 291
\BOOKMARK [1][-]{section.4.19}{\376\377\000R\000e\000a\000d\000I\000n\000p\000u\000t\000\040\000C\000l\000a\000s\000s\000\040\000R\000e\000f\000e\000r\000e\000n\000c\000e}{chapter.4}% 292
\BOOKMARK [2][-]{subsection.4.19.1}{\376\377\000D\000e\000t\000a\000i\000l\000e\000d\000\040\000D\000e\000s\000c\000r\000i\000p\000t\000i\000o\000n}{section.4.19}% 293
\BOOKMARK [2][-]{subsection.4.19.2}{\376\377\000C\000o\000n\000s\000t\000r\000u\000c\000t\000o\000r\000\040\000\046\000\040\000D\000e\000s\000t\000r\000u\000c\000t\000o\000r\000\040\000D\000o\000c\000u\000m\000e\000n\000t\000a\000t\000i\000o\000n}{section.4.19}% 294
\BOOKMARK [3][-]{subsubsection.4.19.2.1}{\376\377\000R\000e\000a\000d\000I\000n\000p\000u\000t}{subsection.4.19.2}% 295
\BOOKMARK [3][-]{subsubsection.4.19.2.2}{\376\377\000R\000e\000a\000d\000I\000n\000p\000u\000t}{subsection.4.19.2}% 296
\BOOKMARK [2][-]{subsection.4.19.3}{\376\377\000M\000e\000m\000b\000e\000r\000\040\000F\000u\000n\000c\000t\000i\000o\000n\000\040\000D\000o\000c\000u\000m\000e\000n\000t\000a\000t\000i\000o\000n}{section.4.19}% 297
\BOOKMARK [3][-]{subsubsection.4.19.3.1}{\376\377\000F\000i\000l\000e\000N\000a\000m\000e}{subsection.4.19.3}% 298
\BOOKMARK [3][-]{subsubsection.4.19.3.2}{\376\377\000R\000e\000a\000d\000C\000l\000a\000s\000s\000D\000e\000t\000a\000i\000l}{subsection.4.19.3}% 299
\BOOKMARK [3][-]{subsubsection.4.19.3.3}{\376\377\000R\000e\000a\000d\000D\000a\000t\000e\000S\000h\000e\000e\000t}{subsection.4.19.3}% 300
\BOOKMARK [3][-]{subsubsection.4.19.3.4}{\376\377\000R\000e\000a\000d\000D\000a\000t\000e\000S\000h\000e\000e\000t\000O\000u\000t}{subsection.4.19.3}% 301
\BOOKMARK [3][-]{subsubsection.4.19.3.5}{\376\377\000R\000e\000a\000d\000E\000x\000a\000m\000D\000e\000t\000a\000i\000l}{subsection.4.19.3}% 302
\BOOKMARK [3][-]{subsubsection.4.19.3.6}{\376\377\000R\000e\000a\000d\000R\000o\000l\000l\000N\000o\000D\000e\000t\000a\000i\000l}{subsection.4.19.3}% 303
\BOOKMARK [3][-]{subsubsection.4.19.3.7}{\376\377\000R\000e\000a\000d\000R\000o\000o\000m\000D\000e\000t\000a\000i\000l}{subsection.4.19.3}% 304
\BOOKMARK [3][-]{subsubsection.4.19.3.8}{\376\377\000R\000e\000a\000d\000S\000t\000r\000a\000t\000e\000g\000y}{subsection.4.19.3}% 305
\BOOKMARK [2][-]{subsection.4.19.4}{\376\377\000M\000e\000m\000b\000e\000r\000\040\000D\000a\000t\000a\000\040\000D\000o\000c\000u\000m\000e\000n\000t\000a\000t\000i\000o\000n}{section.4.19}% 306
\BOOKMARK [3][-]{subsubsection.4.19.4.1}{\376\377\000c\000e\000n\000t\000r\000e\000N\000a\000m\000e}{subsection.4.19.4}% 307
\BOOKMARK [3][-]{subsubsection.4.19.4.2}{\376\377\000c\000l\000a\000s\000s\000N\000a\000m\000e}{subsection.4.19.4}% 308
\BOOKMARK [3][-]{subsubsection.4.19.4.3}{\376\377\000c\000o\000l\000s}{subsection.4.19.4}% 309
\BOOKMARK [3][-]{subsubsection.4.19.4.4}{\376\377\000d\000a\000t\000e}{subsection.4.19.4}% 310
\BOOKMARK [3][-]{subsubsection.4.19.4.5}{\376\377\000d\000a\000t\000e\000S\000h\000e\000e\000t\000R\000N\000o}{subsection.4.19.4}% 311
\BOOKMARK [3][-]{subsubsection.4.19.4.6}{\376\377\000d\000a\000t\000e\000S\000h\000e\000e\000t\000R\000N\000o\000S\000i\000z\000e}{subsection.4.19.4}% 312
\BOOKMARK [3][-]{subsubsection.4.19.4.7}{\376\377\000e\000x\000a\000m\000S\000u\000b\000C\000o\000d\000e}{subsection.4.19.4}% 313
\BOOKMARK [3][-]{subsubsection.4.19.4.8}{\376\377\000e\000x\000a\000m\000S\000u\000b\000N\000a\000m\000e}{subsection.4.19.4}% 314
\BOOKMARK [3][-]{subsubsection.4.19.4.9}{\376\377\000f\000i\000l\000e\000N\000a\000m\000e}{subsection.4.19.4}% 315
\BOOKMARK [3][-]{subsubsection.4.19.4.10}{\376\377\000i\000n\000F\000i\000l\000e}{subsection.4.19.4}% 316
\BOOKMARK [3][-]{subsubsection.4.19.4.11}{\376\377\000n}{subsection.4.19.4}% 317
\BOOKMARK [3][-]{subsubsection.4.19.4.12}{\376\377\000n\000o\000t\000I\000n\000c\000l\000u\000d\000e\000d}{subsection.4.19.4}% 318
\BOOKMARK [3][-]{subsubsection.4.19.4.13}{\376\377\000o\000u\000t\000F\000i\000l\000e}{subsection.4.19.4}% 319
\BOOKMARK [3][-]{subsubsection.4.19.4.14}{\376\377\000p\000r\000e\000f\000i\000x}{subsection.4.19.4}% 320
\BOOKMARK [3][-]{subsubsection.4.19.4.15}{\376\377\000p\000r\000o\000j\000e\000c\000t\000I\000D}{subsection.4.19.4}% 321
\BOOKMARK [3][-]{subsubsection.4.19.4.16}{\376\377\000r\000o\000l\000l\000N\000o}{subsection.4.19.4}% 322
\BOOKMARK [3][-]{subsubsection.4.19.4.17}{\376\377\000r\000o\000o\000m\000N\000o}{subsection.4.19.4}% 323
\BOOKMARK [3][-]{subsubsection.4.19.4.18}{\376\377\000r\000o\000w\000s}{subsection.4.19.4}% 324
\BOOKMARK [3][-]{subsubsection.4.19.4.19}{\376\377\000s\000t\000r\000a\000t\000e\000g\000y\000O\000p\000t\000i\000o\000n}{subsection.4.19.4}% 325
\BOOKMARK [3][-]{subsubsection.4.19.4.20}{\376\377\000s\000u\000b\000j\000e\000c\000t\000C\000o\000d\000e}{subsection.4.19.4}% 326
\BOOKMARK [3][-]{subsubsection.4.19.4.21}{\376\377\000s\000u\000b\000j\000e\000c\000t\000N\000a\000m\000e}{subsection.4.19.4}% 327
\BOOKMARK [3][-]{subsubsection.4.19.4.22}{\376\377\000t\000e\000m\000p}{subsection.4.19.4}% 328
\BOOKMARK [3][-]{subsubsection.4.19.4.23}{\376\377\000t\000o\000t\000a\000l\000C\000e\000n\000t\000r\000e\000s}{subsection.4.19.4}% 329
\BOOKMARK [3][-]{subsubsection.4.19.4.24}{\376\377\000t\000o\000t\000a\000l\000C\000l\000a\000s\000s\000e\000s}{subsection.4.19.4}% 330
\BOOKMARK [3][-]{subsubsection.4.19.4.25}{\376\377\000t\000o\000t\000a\000l\000D\000a\000y\000s}{subsection.4.19.4}% 331
\BOOKMARK [3][-]{subsubsection.4.19.4.26}{\376\377\000t\000o\000t\000a\000l\000E\000x\000a\000m\000s}{subsection.4.19.4}% 332
\BOOKMARK [3][-]{subsubsection.4.19.4.27}{\376\377\000t\000o\000t\000a\000l\000R\000o\000o\000m\000s}{subsection.4.19.4}% 333
\BOOKMARK [3][-]{subsubsection.4.19.4.28}{\376\377\000t\000o\000t\000a\000l\000S\000u\000b\000j\000e\000c\000t\000s}{subsection.4.19.4}% 334
\BOOKMARK [1][-]{section.4.20}{\376\377\000R\000e\000a\000d\000I\000n\000p\000u\000t\000F\000i\000e\000l\000d\000\040\000C\000l\000a\000s\000s\000\040\000R\000e\000f\000e\000r\000e\000n\000c\000e}{chapter.4}% 335
\BOOKMARK [2][-]{subsection.4.20.1}{\376\377\000D\000e\000t\000a\000i\000l\000e\000d\000\040\000D\000e\000s\000c\000r\000i\000p\000t\000i\000o\000n}{section.4.20}% 336
\BOOKMARK [2][-]{subsection.4.20.2}{\376\377\000C\000o\000n\000s\000t\000r\000u\000c\000t\000o\000r\000\040\000\046\000\040\000D\000e\000s\000t\000r\000u\000c\000t\000o\000r\000\040\000D\000o\000c\000u\000m\000e\000n\000t\000a\000t\000i\000o\000n}{section.4.20}% 337
\BOOKMARK [3][-]{subsubsection.4.20.2.1}{\376\377\000R\000e\000a\000d\000I\000n\000p\000u\000t\000F\000i\000e\000l\000d}{subsection.4.20.2}% 338
\BOOKMARK [2][-]{subsection.4.20.3}{\376\377\000M\000e\000m\000b\000e\000r\000\040\000F\000u\000n\000c\000t\000i\000o\000n\000\040\000D\000o\000c\000u\000m\000e\000n\000t\000a\000t\000i\000o\000n}{section.4.20}% 339
\BOOKMARK [3][-]{subsubsection.4.20.3.1}{\376\377\000R\000e\000a\000d\000F\000i\000e\000l\000d\000V\000a\000l\000u\000e}{subsection.4.20.3}% 340
\BOOKMARK [3][-]{subsubsection.4.20.3.2}{\376\377\000R\000e\000a\000d\000F\000i\000e\000l\000d\000V\000a\000l\000u\000e}{subsection.4.20.3}% 341
\BOOKMARK [2][-]{subsection.4.20.4}{\376\377\000M\000e\000m\000b\000e\000r\000\040\000D\000a\000t\000a\000\040\000D\000o\000c\000u\000m\000e\000n\000t\000a\000t\000i\000o\000n}{section.4.20}% 342
\BOOKMARK [3][-]{subsubsection.4.20.4.1}{\376\377\000f\000i}{subsection.4.20.4}% 343
\BOOKMARK [3][-]{subsubsection.4.20.4.2}{\376\377\000f\000o\000r\000m\000D\000a\000t\000a}{subsection.4.20.4}% 344
\BOOKMARK [1][-]{section.4.21}{\376\377\000R\000e\000p\000o\000r\000t\000\040\000C\000l\000a\000s\000s\000\040\000R\000e\000f\000e\000r\000e\000n\000c\000e}{chapter.4}% 345
\BOOKMARK [2][-]{subsection.4.21.1}{\376\377\000D\000e\000t\000a\000i\000l\000e\000d\000\040\000D\000e\000s\000c\000r\000i\000p\000t\000i\000o\000n}{section.4.21}% 346
\BOOKMARK [2][-]{subsection.4.21.2}{\376\377\000C\000o\000n\000s\000t\000r\000u\000c\000t\000o\000r\000\040\000\046\000\040\000D\000e\000s\000t\000r\000u\000c\000t\000o\000r\000\040\000D\000o\000c\000u\000m\000e\000n\000t\000a\000t\000i\000o\000n}{section.4.21}% 347
\BOOKMARK [3][-]{subsubsection.4.21.2.1}{\376\377\000R\000e\000p\000o\000r\000t}{subsection.4.21.2}% 348
\BOOKMARK [3][-]{subsubsection.4.21.2.2}{\376\377\000R\000e\000p\000o\000r\000t}{subsection.4.21.2}% 349
\BOOKMARK [2][-]{subsection.4.21.3}{\376\377\000M\000e\000m\000b\000e\000r\000\040\000F\000u\000n\000c\000t\000i\000o\000n\000\040\000D\000o\000c\000u\000m\000e\000n\000t\000a\000t\000i\000o\000n}{section.4.21}% 350
\BOOKMARK [3][-]{subsubsection.4.21.3.1}{\376\377\000R\000e\000a\000d\000V\000a\000l\000i\000d\000a\000t\000i\000o\000n\000D\000e\000t\000a\000i\000l}{subsection.4.21.3}% 351
\BOOKMARK [3][-]{subsubsection.4.21.3.2}{\376\377\000R\000e\000p\000o\000r\000t\000P\000a\000g\000e}{subsection.4.21.3}% 352
\BOOKMARK [1][-]{section.4.22}{\376\377\000R\000o\000l\000l\000N\000o\000D\000e\000t\000a\000i\000l\000\040\000C\000l\000a\000s\000s\000\040\000R\000e\000f\000e\000r\000e\000n\000c\000e}{chapter.4}% 353
\BOOKMARK [2][-]{subsection.4.22.1}{\376\377\000D\000e\000t\000a\000i\000l\000e\000d\000\040\000D\000e\000s\000c\000r\000i\000p\000t\000i\000o\000n}{section.4.22}% 354
\BOOKMARK [2][-]{subsection.4.22.2}{\376\377\000C\000o\000n\000s\000t\000r\000u\000c\000t\000o\000r\000\040\000\046\000\040\000D\000e\000s\000t\000r\000u\000c\000t\000o\000r\000\040\000D\000o\000c\000u\000m\000e\000n\000t\000a\000t\000i\000o\000n}{section.4.22}% 355
\BOOKMARK [3][-]{subsubsection.4.22.2.1}{\376\377\000R\000o\000l\000l\000N\000o\000D\000e\000t\000a\000i\000l}{subsection.4.22.2}% 356
\BOOKMARK [3][-]{subsubsection.4.22.2.2}{\376\377\000R\000o\000l\000l\000N\000o\000D\000e\000t\000a\000i\000l}{subsection.4.22.2}% 357
\BOOKMARK [2][-]{subsection.4.22.3}{\376\377\000M\000e\000m\000b\000e\000r\000\040\000F\000u\000n\000c\000t\000i\000o\000n\000\040\000D\000o\000c\000u\000m\000e\000n\000t\000a\000t\000i\000o\000n}{section.4.22}% 358
\BOOKMARK [3][-]{subsubsection.4.22.3.1}{\376\377\000R\000e\000a\000d\000C\000l\000a\000s\000s\000D\000e\000t\000a\000i\000l}{subsection.4.22.3}% 359
\BOOKMARK [3][-]{subsubsection.4.22.3.2}{\376\377\000R\000o\000l\000l\000N\000o\000D\000e\000t\000a\000i\000l\000P\000a\000g\000e}{subsection.4.22.3}% 360
\BOOKMARK [3][-]{subsubsection.4.22.3.3}{\376\377\000S\000e\000t\000D\000e\000f\000a\000u\000l\000t\000V\000a\000l\000u\000e}{subsection.4.22.3}% 361
\BOOKMARK [3][-]{subsubsection.4.22.3.4}{\376\377\000W\000r\000i\000t\000e\000C\000l\000a\000s\000s\000D\000e\000t\000a\000i\000l}{subsection.4.22.3}% 362
\BOOKMARK [1][-]{section.4.23}{\376\377\000R\000o\000o\000m\000D\000e\000t\000a\000i\000l\000\040\000C\000l\000a\000s\000s\000\040\000R\000e\000f\000e\000r\000e\000n\000c\000e}{chapter.4}% 363
\BOOKMARK [2][-]{subsection.4.23.1}{\376\377\000D\000e\000t\000a\000i\000l\000e\000d\000\040\000D\000e\000s\000c\000r\000i\000p\000t\000i\000o\000n}{section.4.23}% 364
\BOOKMARK [2][-]{subsection.4.23.2}{\376\377\000C\000o\000n\000s\000t\000r\000u\000c\000t\000o\000r\000\040\000\046\000\040\000D\000e\000s\000t\000r\000u\000c\000t\000o\000r\000\040\000D\000o\000c\000u\000m\000e\000n\000t\000a\000t\000i\000o\000n}{section.4.23}% 365
\BOOKMARK [3][-]{subsubsection.4.23.2.1}{\376\377\000R\000o\000o\000m\000D\000e\000t\000a\000i\000l}{subsection.4.23.2}% 366
\BOOKMARK [3][-]{subsubsection.4.23.2.2}{\376\377\000R\000o\000o\000m\000D\000e\000t\000a\000i\000l}{subsection.4.23.2}% 367
\BOOKMARK [2][-]{subsection.4.23.3}{\376\377\000M\000e\000m\000b\000e\000r\000\040\000F\000u\000n\000c\000t\000i\000o\000n\000\040\000D\000o\000c\000u\000m\000e\000n\000t\000a\000t\000i\000o\000n}{section.4.23}% 368
\BOOKMARK [3][-]{subsubsection.4.23.3.1}{\376\377\000R\000e\000a\000d\000D\000a\000t\000e\000S\000h\000e\000e\000t}{subsection.4.23.3}% 369
\BOOKMARK [3][-]{subsubsection.4.23.3.2}{\376\377\000R\000o\000o\000m\000D\000e\000t\000a\000i\000l\000P\000a\000g\000e}{subsection.4.23.3}% 370
\BOOKMARK [3][-]{subsubsection.4.23.3.3}{\376\377\000S\000e\000t\000D\000e\000f\000a\000u\000l\000t\000V\000a\000l\000u\000e}{subsection.4.23.3}% 371
\BOOKMARK [3][-]{subsubsection.4.23.3.4}{\376\377\000W\000r\000i\000t\000e\000D\000a\000t\000e\000S\000h\000e\000e\000t}{subsection.4.23.3}% 372
\BOOKMARK [1][-]{section.4.24}{\376\377\000S\000e\000a\000t\000P\000l\000a\000n\000\040\000C\000l\000a\000s\000s\000\040\000R\000e\000f\000e\000r\000e\000n\000c\000e}{chapter.4}% 373
\BOOKMARK [2][-]{subsection.4.24.1}{\376\377\000D\000e\000t\000a\000i\000l\000e\000d\000\040\000D\000e\000s\000c\000r\000i\000p\000t\000i\000o\000n}{section.4.24}% 374
\BOOKMARK [2][-]{subsection.4.24.2}{\376\377\000C\000o\000n\000s\000t\000r\000u\000c\000t\000o\000r\000\040\000\046\000\040\000D\000e\000s\000t\000r\000u\000c\000t\000o\000r\000\040\000D\000o\000c\000u\000m\000e\000n\000t\000a\000t\000i\000o\000n}{section.4.24}% 375
\BOOKMARK [3][-]{subsubsection.4.24.2.1}{\376\377\000R\000o\000o\000m\000R\000e\000p\000o\000r\000t}{subsection.4.24.2}% 376
\BOOKMARK [3][-]{subsubsection.4.24.2.2}{\376\377\000S\000e\000a\000t\000P\000l\000a\000n}{subsection.4.24.2}% 377
\BOOKMARK [3][-]{subsubsection.4.24.2.3}{\376\377\000S\000e\000a\000t\000P\000l\000a\000n}{subsection.4.24.2}% 378
\BOOKMARK [2][-]{subsection.4.24.3}{\376\377\000M\000e\000m\000b\000e\000r\000\040\000F\000u\000n\000c\000t\000i\000o\000n\000\040\000D\000o\000c\000u\000m\000e\000n\000t\000a\000t\000i\000o\000n}{section.4.24}% 379
\BOOKMARK [3][-]{subsubsection.4.24.3.1}{\376\377\000R\000e\000a\000d\000E\000x\000a\000m\000D\000e\000t\000a\000i\000l}{subsection.4.24.3}% 380
\BOOKMARK [3][-]{subsubsection.4.24.3.2}{\376\377\000R\000e\000a\000d\000S\000e\000a\000t\000P\000l\000a\000n}{subsection.4.24.3}% 381
\BOOKMARK [3][-]{subsubsection.4.24.3.3}{\376\377\000R\000o\000o\000m\000R\000e\000p\000o\000r\000t}{subsection.4.24.3}% 382
\BOOKMARK [3][-]{subsubsection.4.24.3.4}{\376\377\000W\000r\000i\000t\000e\000H\000T\000M\000L\000F\000i\000l\000e}{subsection.4.24.3}% 383
\BOOKMARK [3][-]{subsubsection.4.24.3.5}{\376\377\000W\000r\000i\000t\000e\000H\000T\000M\000L\000F\000i\000l\000e}{subsection.4.24.3}% 384
\BOOKMARK [1][-]{section.4.25}{\376\377\000S\000e\000n\000d\000M\000a\000i\000l\000\040\000C\000l\000a\000s\000s\000\040\000R\000e\000f\000e\000r\000e\000n\000c\000e}{chapter.4}% 385
\BOOKMARK [2][-]{subsection.4.25.1}{\376\377\000D\000e\000t\000a\000i\000l\000e\000d\000\040\000D\000e\000s\000c\000r\000i\000p\000t\000i\000o\000n}{section.4.25}% 386
\BOOKMARK [2][-]{subsection.4.25.2}{\376\377\000C\000o\000n\000s\000t\000r\000u\000c\000t\000o\000r\000\040\000\046\000\040\000D\000e\000s\000t\000r\000u\000c\000t\000o\000r\000\040\000D\000o\000c\000u\000m\000e\000n\000t\000a\000t\000i\000o\000n}{section.4.25}% 387
\BOOKMARK [3][-]{subsubsection.4.25.2.1}{\376\377\000S\000e\000n\000d\000M\000a\000i\000l}{subsection.4.25.2}% 388
\BOOKMARK [3][-]{subsubsection.4.25.2.2}{\376\377\000S\000e\000n\000d\000M\000a\000i\000l}{subsection.4.25.2}% 389
\BOOKMARK [2][-]{subsection.4.25.3}{\376\377\000M\000e\000m\000b\000e\000r\000\040\000F\000u\000n\000c\000t\000i\000o\000n\000\040\000D\000o\000c\000u\000m\000e\000n\000t\000a\000t\000i\000o\000n}{section.4.25}% 390
\BOOKMARK [3][-]{subsubsection.4.25.3.1}{\376\377\000R\000e\000g\000i\000s\000t\000r\000a\000t\000i\000o\000n\000M\000a\000i\000l}{subsection.4.25.3}% 391
\BOOKMARK [3][-]{subsubsection.4.25.3.2}{\376\377\000S\000e\000t\000H\000T\000M\000L\000M\000e\000s\000s\000a\000g\000e}{subsection.4.25.3}% 392
\BOOKMARK [3][-]{subsubsection.4.25.3.3}{\376\377\000S\000e\000t\000M\000a\000i\000l\000D\000a\000t\000a}{subsection.4.25.3}% 393
\BOOKMARK [1][-]{section.4.26}{\376\377\000j\000w\000s\000m\000t\000p\000:\000:\000S\000O\000C\000K\000A\000D\000D\000R\000\137\000I\000N\000\040\000S\000t\000r\000u\000c\000t\000\040\000R\000e\000f\000e\000r\000e\000n\000c\000e}{chapter.4}% 394
\BOOKMARK [2][-]{subsection.4.26.1}{\376\377\000D\000e\000t\000a\000i\000l\000e\000d\000\040\000D\000e\000s\000c\000r\000i\000p\000t\000i\000o\000n}{section.4.26}% 395
\BOOKMARK [1][-]{section.4.27}{\376\377\000S\000t\000r\000a\000t\000e\000g\000y\000\040\000C\000l\000a\000s\000s\000\040\000R\000e\000f\000e\000r\000e\000n\000c\000e}{chapter.4}% 396
\BOOKMARK [2][-]{subsection.4.27.1}{\376\377\000D\000e\000t\000a\000i\000l\000e\000d\000\040\000D\000e\000s\000c\000r\000i\000p\000t\000i\000o\000n}{section.4.27}% 397
\BOOKMARK [2][-]{subsection.4.27.2}{\376\377\000C\000o\000n\000s\000t\000r\000u\000c\000t\000o\000r\000\040\000\046\000\040\000D\000e\000s\000t\000r\000u\000c\000t\000o\000r\000\040\000D\000o\000c\000u\000m\000e\000n\000t\000a\000t\000i\000o\000n}{section.4.27}% 398
\BOOKMARK [3][-]{subsubsection.4.27.2.1}{\376\377\000S\000t\000r\000a\000t\000e\000g\000y}{subsection.4.27.2}% 399
\BOOKMARK [3][-]{subsubsection.4.27.2.2}{\376\377\000S\000t\000r\000a\000t\000e\000g\000y}{subsection.4.27.2}% 400
\BOOKMARK [3][-]{subsubsection.4.27.2.3}{\376\377\000S\000t\000r\000a\000t\000e\000g\000y}{subsection.4.27.2}% 401
\BOOKMARK [3][-]{subsubsection.4.27.2.4}{\376\377\000S\000t\000r\000a\000t\000e\000g\000y}{subsection.4.27.2}% 402
\BOOKMARK [2][-]{subsection.4.27.3}{\376\377\000M\000e\000m\000b\000e\000r\000\040\000F\000u\000n\000c\000t\000i\000o\000n\000\040\000D\000o\000c\000u\000m\000e\000n\000t\000a\000t\000i\000o\000n}{section.4.27}% 403
\BOOKMARK [3][-]{subsubsection.4.27.3.1}{\376\377\000M\000a\000i\000n}{subsection.4.27.3}% 404
\BOOKMARK [3][-]{subsubsection.4.27.3.2}{\376\377\000R\000e\000a\000d\000E\000x\000a\000m\000D\000e\000t\000a\000i\000l}{subsection.4.27.3}% 405
\BOOKMARK [3][-]{subsubsection.4.27.3.3}{\376\377\000S\000e\000t\000D\000e\000f\000a\000u\000l\000t\000V\000a\000l\000u\000e}{subsection.4.27.3}% 406
\BOOKMARK [3][-]{subsubsection.4.27.3.4}{\376\377\000S\000t\000r\000a\000t\000e\000g\000y\000P\000a\000g\000e}{subsection.4.27.3}% 407
\BOOKMARK [3][-]{subsubsection.4.27.3.5}{\376\377\000W\000r\000i\000t\000e\000E\000x\000a\000m\000D\000e\000t\000a\000i\000l}{subsection.4.27.3}% 408
\BOOKMARK [2][-]{subsection.4.27.4}{\376\377\000M\000e\000m\000b\000e\000r\000\040\000D\000a\000t\000a\000\040\000D\000o\000c\000u\000m\000e\000n\000t\000a\000t\000i\000o\000n}{section.4.27}% 409
\BOOKMARK [3][-]{subsubsection.4.27.4.1}{\376\377\000s\000t\000r\000a\000t\000e\000g\000y\000N\000a\000m\000e}{subsection.4.27.4}% 410
\BOOKMARK [3][-]{subsubsection.4.27.4.2}{\376\377\000t\000o\000t\000a\000l\000S\000t\000r\000a\000t\000e\000g\000y}{subsection.4.27.4}% 411
\BOOKMARK [1][-]{section.4.28}{\376\377\000V\000a\000l\000i\000d\000a\000t\000i\000o\000n\000\040\000C\000l\000a\000s\000s\000\040\000R\000e\000f\000e\000r\000e\000n\000c\000e}{chapter.4}% 412
\BOOKMARK [2][-]{subsection.4.28.1}{\376\377\000D\000e\000t\000a\000i\000l\000e\000d\000\040\000D\000e\000s\000c\000r\000i\000p\000t\000i\000o\000n}{section.4.28}% 413
\BOOKMARK [2][-]{subsection.4.28.2}{\376\377\000C\000o\000n\000s\000t\000r\000u\000c\000t\000o\000r\000\040\000\046\000\040\000D\000e\000s\000t\000r\000u\000c\000t\000o\000r\000\040\000D\000o\000c\000u\000m\000e\000n\000t\000a\000t\000i\000o\000n}{section.4.28}% 414
\BOOKMARK [3][-]{subsubsection.4.28.2.1}{\376\377\000V\000a\000l\000i\000d\000a\000t\000i\000o\000n}{subsection.4.28.2}% 415
\BOOKMARK [3][-]{subsubsection.4.28.2.2}{\376\377\000V\000a\000l\000i\000d\000a\000t\000i\000o\000n}{subsection.4.28.2}% 416
\BOOKMARK [2][-]{subsection.4.28.3}{\376\377\000M\000e\000m\000b\000e\000r\000\040\000F\000u\000n\000c\000t\000i\000o\000n\000\040\000D\000o\000c\000u\000m\000e\000n\000t\000a\000t\000i\000o\000n}{section.4.28}% 417
\BOOKMARK [3][-]{subsubsection.4.28.3.1}{\376\377\000R\000e\000a\000d\000S\000t\000r\000a\000t\000e\000g\000y\000D\000e\000t\000a\000i\000l}{subsection.4.28.3}% 418
\BOOKMARK [3][-]{subsubsection.4.28.3.2}{\376\377\000R\000e\000a\000d\000V\000a\000l\000i\000d\000a\000t\000i\000o\000n}{subsection.4.28.3}% 419
\BOOKMARK [3][-]{subsubsection.4.28.3.3}{\376\377\000V\000a\000l\000i\000d\000a\000t\000i\000o\000n\000P\000a\000g\000e}{subsection.4.28.3}% 420
\BOOKMARK [3][-]{subsubsection.4.28.3.4}{\376\377\000W\000r\000i\000t\000e\000S\000t\000r\000a\000t\000e\000g\000y\000D\000e\000t\000a\000i\000l}{subsection.4.28.3}% 421
\BOOKMARK [0][-]{chapter.5}{\376\377\000F\000i\000l\000e\000\040\000D\000o\000c\000u\000m\000e\000n\000t\000a\000t\000i\000o\000n}{}% 422
\BOOKMARK [1][-]{section.5.1}{\376\377\000s\000r\000c\000/\000a\000d\000d\000u\000s\000e\000r\000-\000m\000a\000i\000n\000.\000c\000p\000p\000\040\000F\000i\000l\000e\000\040\000R\000e\000f\000e\000r\000e\000n\000c\000e}{chapter.5}% 423
\BOOKMARK [2][-]{subsection.5.1.1}{\376\377\000D\000e\000t\000a\000i\000l\000e\000d\000\040\000D\000e\000s\000c\000r\000i\000p\000t\000i\000o\000n}{section.5.1}% 424
\BOOKMARK [2][-]{subsection.5.1.2}{\376\377\000F\000u\000n\000c\000t\000i\000o\000n\000\040\000D\000o\000c\000u\000m\000e\000n\000t\000a\000t\000i\000o\000n}{section.5.1}% 425
\BOOKMARK [3][-]{subsubsection.5.1.2.1}{\376\377\000m\000a\000i\000n}{subsection.5.1.2}% 426
\BOOKMARK [1][-]{section.5.2}{\376\377\000s\000r\000c\000/\000b\000a\000c\000k\000e\000n\000d\000/\000a\000r\000r\000a\000n\000g\000e\000r\000o\000l\000l\000n\000o\000.\000c\000c\000\040\000F\000i\000l\000e\000\040\000R\000e\000f\000e\000r\000e\000n\000c\000e}{chapter.5}% 427
\BOOKMARK [2][-]{subsection.5.2.1}{\376\377\000D\000e\000t\000a\000i\000l\000e\000d\000\040\000D\000e\000s\000c\000r\000i\000p\000t\000i\000o\000n}{section.5.2}% 428
\BOOKMARK [1][-]{section.5.3}{\376\377\000s\000r\000c\000/\000b\000a\000c\000k\000e\000n\000d\000/\000e\000x\000p\000a\000n\000d\000r\000o\000l\000l\000n\000o\000.\000c\000c\000\040\000F\000i\000l\000e\000\040\000R\000e\000f\000e\000r\000e\000n\000c\000e}{chapter.5}% 429
\BOOKMARK [2][-]{subsection.5.3.1}{\376\377\000D\000e\000t\000a\000i\000l\000e\000d\000\040\000D\000e\000s\000c\000r\000i\000p\000t\000i\000o\000n}{section.5.3}% 430
\BOOKMARK [1][-]{section.5.4}{\376\377\000s\000r\000c\000/\000b\000a\000c\000k\000e\000n\000d\000/\000h\000e\000a\000d\000e\000r\000/\000a\000r\000r\000a\000n\000g\000e\000r\000o\000l\000l\000n\000o\000.\000h\000\040\000F\000i\000l\000e\000\040\000R\000e\000f\000e\000r\000e\000n\000c\000e}{chapter.5}% 431
\BOOKMARK [2][-]{subsection.5.4.1}{\376\377\000D\000e\000t\000a\000i\000l\000e\000d\000\040\000D\000e\000s\000c\000r\000i\000p\000t\000i\000o\000n}{section.5.4}% 432
\BOOKMARK [1][-]{section.5.5}{\376\377\000s\000r\000c\000/\000b\000a\000c\000k\000e\000n\000d\000/\000h\000e\000a\000d\000e\000r\000/\000e\000x\000p\000a\000n\000d\000r\000o\000l\000l\000n\000o\000.\000h\000\040\000F\000i\000l\000e\000\040\000R\000e\000f\000e\000r\000e\000n\000c\000e}{chapter.5}% 433
\BOOKMARK [2][-]{subsection.5.5.1}{\376\377\000D\000e\000t\000a\000i\000l\000e\000d\000\040\000D\000e\000s\000c\000r\000i\000p\000t\000i\000o\000n}{section.5.5}% 434
\BOOKMARK [1][-]{section.5.6}{\376\377\000s\000r\000c\000/\000b\000a\000c\000k\000e\000n\000d\000/\000h\000e\000a\000d\000e\000r\000/\000r\000e\000a\000d\000i\000n\000p\000u\000t\000.\000h\000\040\000F\000i\000l\000e\000\040\000R\000e\000f\000e\000r\000e\000n\000c\000e}{chapter.5}% 435
\BOOKMARK [2][-]{subsection.5.6.1}{\376\377\000D\000e\000t\000a\000i\000l\000e\000d\000\040\000D\000e\000s\000c\000r\000i\000p\000t\000i\000o\000n}{section.5.6}% 436
\BOOKMARK [1][-]{section.5.7}{\376\377\000s\000r\000c\000/\000b\000a\000c\000k\000e\000n\000d\000/\000h\000e\000a\000d\000e\000r\000/\000s\000e\000a\000t\000p\000l\000a\000n\000.\000h\000\040\000F\000i\000l\000e\000\040\000R\000e\000f\000e\000r\000e\000n\000c\000e}{chapter.5}% 437
\BOOKMARK [2][-]{subsection.5.7.1}{\376\377\000D\000e\000t\000a\000i\000l\000e\000d\000\040\000D\000e\000s\000c\000r\000i\000p\000t\000i\000o\000n}{section.5.7}% 438
\BOOKMARK [1][-]{section.5.8}{\376\377\000s\000r\000c\000/\000b\000a\000c\000k\000e\000n\000d\000/\000m\000a\000i\000n\000.\000c\000p\000p\000\040\000F\000i\000l\000e\000\040\000R\000e\000f\000e\000r\000e\000n\000c\000e}{chapter.5}% 439
\BOOKMARK [2][-]{subsection.5.8.1}{\376\377\000D\000e\000t\000a\000i\000l\000e\000d\000\040\000D\000e\000s\000c\000r\000i\000p\000t\000i\000o\000n}{section.5.8}% 440
\BOOKMARK [1][-]{section.5.9}{\376\377\000s\000r\000c\000/\000b\000a\000c\000k\000e\000n\000d\000/\000r\000e\000a\000d\000i\000n\000p\000u\000t\000.\000c\000c\000\040\000F\000i\000l\000e\000\040\000R\000e\000f\000e\000r\000e\000n\000c\000e}{chapter.5}% 441
\BOOKMARK [2][-]{subsection.5.9.1}{\376\377\000D\000e\000t\000a\000i\000l\000e\000d\000\040\000D\000e\000s\000c\000r\000i\000p\000t\000i\000o\000n}{section.5.9}% 442
\BOOKMARK [1][-]{section.5.10}{\376\377\000s\000r\000c\000/\000b\000a\000c\000k\000e\000n\000d\000/\000s\000e\000a\000t\000p\000l\000a\000n\000.\000c\000c\000\040\000F\000i\000l\000e\000\040\000R\000e\000f\000e\000r\000e\000n\000c\000e}{chapter.5}% 443
\BOOKMARK [2][-]{subsection.5.10.1}{\376\377\000D\000e\000t\000a\000i\000l\000e\000d\000\040\000D\000e\000s\000c\000r\000i\000p\000t\000i\000o\000n}{section.5.10}% 444
\BOOKMARK [1][-]{section.5.11}{\376\377\000s\000r\000c\000/\000c\000l\000a\000s\000s\000-\000m\000a\000i\000n\000.\000c\000p\000p\000\040\000F\000i\000l\000e\000\040\000R\000e\000f\000e\000r\000e\000n\000c\000e}{chapter.5}% 445
\BOOKMARK [2][-]{subsection.5.11.1}{\376\377\000D\000e\000t\000a\000i\000l\000e\000d\000\040\000D\000e\000s\000c\000r\000i\000p\000t\000i\000o\000n}{section.5.11}% 446
\BOOKMARK [1][-]{section.5.12}{\376\377\000s\000r\000c\000/\000c\000l\000a\000s\000s\000.\000c\000c\000\040\000F\000i\000l\000e\000\040\000R\000e\000f\000e\000r\000e\000n\000c\000e}{chapter.5}% 447
\BOOKMARK [2][-]{subsection.5.12.1}{\376\377\000D\000e\000t\000a\000i\000l\000e\000d\000\040\000D\000e\000s\000c\000r\000i\000p\000t\000i\000o\000n}{section.5.12}% 448
\BOOKMARK [1][-]{section.5.13}{\376\377\000s\000r\000c\000/\000c\000o\000n\000f\000i\000r\000m\000-\000m\000a\000i\000n\000.\000c\000p\000p\000\040\000F\000i\000l\000e\000\040\000R\000e\000f\000e\000r\000e\000n\000c\000e}{chapter.5}% 449
\BOOKMARK [2][-]{subsection.5.13.1}{\376\377\000D\000e\000t\000a\000i\000l\000e\000d\000\040\000D\000e\000s\000c\000r\000i\000p\000t\000i\000o\000n}{section.5.13}% 450
\BOOKMARK [1][-]{section.5.14}{\376\377\000s\000r\000c\000/\000d\000a\000t\000e\000s\000h\000e\000e\000t\000-\000m\000a\000i\000n\000.\000c\000p\000p\000\040\000F\000i\000l\000e\000\040\000R\000e\000f\000e\000r\000e\000n\000c\000e}{chapter.5}% 451
\BOOKMARK [2][-]{subsection.5.14.1}{\376\377\000D\000e\000t\000a\000i\000l\000e\000d\000\040\000D\000e\000s\000c\000r\000i\000p\000t\000i\000o\000n}{section.5.14}% 452
\BOOKMARK [1][-]{section.5.15}{\376\377\000s\000r\000c\000/\000e\000x\000a\000m\000-\000m\000a\000i\000n\000.\000c\000p\000p\000\040\000F\000i\000l\000e\000\040\000R\000e\000f\000e\000r\000e\000n\000c\000e}{chapter.5}% 453
\BOOKMARK [2][-]{subsection.5.15.1}{\376\377\000D\000e\000t\000a\000i\000l\000e\000d\000\040\000D\000e\000s\000c\000r\000i\000p\000t\000i\000o\000n}{section.5.15}% 454
\BOOKMARK [1][-]{section.5.16}{\376\377\000s\000r\000c\000/\000e\000x\000a\000m\000.\000c\000c\000\040\000F\000i\000l\000e\000\040\000R\000e\000f\000e\000r\000e\000n\000c\000e}{chapter.5}% 455
\BOOKMARK [2][-]{subsection.5.16.1}{\376\377\000D\000e\000t\000a\000i\000l\000e\000d\000\040\000D\000e\000s\000c\000r\000i\000p\000t\000i\000o\000n}{section.5.16}% 456
\BOOKMARK [1][-]{section.5.17}{\376\377\000s\000r\000c\000/\000h\000e\000a\000d\000e\000r\000/\000c\000l\000a\000s\000s\000.\000h\000\040\000F\000i\000l\000e\000\040\000R\000e\000f\000e\000r\000e\000n\000c\000e}{chapter.5}% 457
\BOOKMARK [2][-]{subsection.5.17.1}{\376\377\000D\000e\000t\000a\000i\000l\000e\000d\000\040\000D\000e\000s\000c\000r\000i\000p\000t\000i\000o\000n}{section.5.17}% 458
\BOOKMARK [1][-]{section.5.18}{\376\377\000s\000r\000c\000/\000h\000e\000a\000d\000e\000r\000/\000e\000x\000a\000m\000.\000h\000\040\000F\000i\000l\000e\000\040\000R\000e\000f\000e\000r\000e\000n\000c\000e}{chapter.5}% 459
\BOOKMARK [2][-]{subsection.5.18.1}{\376\377\000D\000e\000t\000a\000i\000l\000e\000d\000\040\000D\000e\000s\000c\000r\000i\000p\000t\000i\000o\000n}{section.5.18}% 460
\BOOKMARK [1][-]{section.5.19}{\376\377\000s\000r\000c\000/\000h\000e\000a\000d\000e\000r\000/\000r\000o\000l\000l\000n\000o\000.\000h\000\040\000F\000i\000l\000e\000\040\000R\000e\000f\000e\000r\000e\000n\000c\000e}{chapter.5}% 461
\BOOKMARK [2][-]{subsection.5.19.1}{\376\377\000D\000e\000t\000a\000i\000l\000e\000d\000\040\000D\000e\000s\000c\000r\000i\000p\000t\000i\000o\000n}{section.5.19}% 462
\BOOKMARK [1][-]{section.5.20}{\376\377\000s\000r\000c\000/\000h\000e\000a\000d\000e\000r\000/\000r\000o\000o\000m\000.\000h\000\040\000F\000i\000l\000e\000\040\000R\000e\000f\000e\000r\000e\000n\000c\000e}{chapter.5}% 463
\BOOKMARK [2][-]{subsection.5.20.1}{\376\377\000D\000e\000t\000a\000i\000l\000e\000d\000\040\000D\000e\000s\000c\000r\000i\000p\000t\000i\000o\000n}{section.5.20}% 464
\BOOKMARK [1][-]{section.5.21}{\376\377\000s\000r\000c\000/\000h\000e\000a\000d\000e\000r\000/\000s\000e\000n\000d\000m\000a\000i\000l\000-\000d\000e\000t\000a\000i\000l\000.\000h\000\040\000F\000i\000l\000e\000\040\000R\000e\000f\000e\000r\000e\000n\000c\000e}{chapter.5}% 465
\BOOKMARK [2][-]{subsection.5.21.1}{\376\377\000D\000e\000t\000a\000i\000l\000e\000d\000\040\000D\000e\000s\000c\000r\000i\000p\000t\000i\000o\000n}{section.5.21}% 466
\BOOKMARK [1][-]{section.5.22}{\376\377\000s\000r\000c\000/\000h\000e\000a\000d\000e\000r\000/\000s\000e\000n\000d\000m\000a\000i\000l\000.\000h\000\040\000F\000i\000l\000e\000\040\000R\000e\000f\000e\000r\000e\000n\000c\000e}{chapter.5}% 467
\BOOKMARK [2][-]{subsection.5.22.1}{\376\377\000D\000e\000t\000a\000i\000l\000e\000d\000\040\000D\000e\000s\000c\000r\000i\000p\000t\000i\000o\000n}{section.5.22}% 468
\BOOKMARK [1][-]{section.5.23}{\376\377\000s\000r\000c\000/\000h\000e\000a\000d\000e\000r\000/\000v\000a\000l\000i\000d\000a\000t\000i\000o\000n\000.\000h\000\040\000F\000i\000l\000e\000\040\000R\000e\000f\000e\000r\000e\000n\000c\000e}{chapter.5}% 469
\BOOKMARK [2][-]{subsection.5.23.1}{\376\377\000D\000e\000t\000a\000i\000l\000e\000d\000\040\000D\000e\000s\000c\000r\000i\000p\000t\000i\000o\000n}{section.5.23}% 470
\BOOKMARK [1][-]{section.5.24}{\376\377\000s\000r\000c\000/\000j\000a\000v\000a\000s\000c\000r\000i\000p\000t\000.\000c\000c\000\040\000F\000i\000l\000e\000\040\000R\000e\000f\000e\000r\000e\000n\000c\000e}{chapter.5}% 471
\BOOKMARK [2][-]{subsection.5.24.1}{\376\377\000D\000e\000t\000a\000i\000l\000e\000d\000\040\000D\000e\000s\000c\000r\000i\000p\000t\000i\000o\000n}{section.5.24}% 472
\BOOKMARK [1][-]{section.5.25}{\376\377\000s\000r\000c\000/\000l\000o\000g\000i\000n\000-\000m\000a\000i\000n\000.\000c\000p\000p\000\040\000F\000i\000l\000e\000\040\000R\000e\000f\000e\000r\000e\000n\000c\000e}{chapter.5}% 473
\BOOKMARK [2][-]{subsection.5.25.1}{\376\377\000D\000e\000t\000a\000i\000l\000e\000d\000\040\000D\000e\000s\000c\000r\000i\000p\000t\000i\000o\000n}{section.5.25}% 474
\BOOKMARK [1][-]{section.5.26}{\376\377\000s\000r\000c\000/\000l\000o\000g\000o\000u\000t\000-\000m\000a\000i\000n\000.\000c\000p\000p\000\040\000F\000i\000l\000e\000\040\000R\000e\000f\000e\000r\000e\000n\000c\000e}{chapter.5}% 475
\BOOKMARK [2][-]{subsection.5.26.1}{\376\377\000D\000e\000t\000a\000i\000l\000e\000d\000\040\000D\000e\000s\000c\000r\000i\000p\000t\000i\000o\000n}{section.5.26}% 476
\BOOKMARK [1][-]{section.5.27}{\376\377\000s\000r\000c\000/\000r\000e\000g\000i\000s\000t\000e\000r\000-\000m\000a\000i\000n\000.\000c\000p\000p\000\040\000F\000i\000l\000e\000\040\000R\000e\000f\000e\000r\000e\000n\000c\000e}{chapter.5}% 477
\BOOKMARK [2][-]{subsection.5.27.1}{\376\377\000D\000e\000t\000a\000i\000l\000e\000d\000\040\000D\000e\000s\000c\000r\000i\000p\000t\000i\000o\000n}{section.5.27}% 478
\BOOKMARK [2][-]{subsection.5.27.2}{\376\377\000F\000u\000n\000c\000t\000i\000o\000n\000\040\000D\000o\000c\000u\000m\000e\000n\000t\000a\000t\000i\000o\000n}{section.5.27}% 479
\BOOKMARK [3][-]{subsubsection.5.27.2.1}{\376\377\000m\000a\000i\000n}{subsection.5.27.2}% 480
\BOOKMARK [1][-]{section.5.28}{\376\377\000s\000r\000c\000/\000r\000e\000p\000o\000r\000t\000-\000m\000a\000i\000n\000.\000c\000p\000p\000\040\000F\000i\000l\000e\000\040\000R\000e\000f\000e\000r\000e\000n\000c\000e}{chapter.5}% 481
\BOOKMARK [2][-]{subsection.5.28.1}{\376\377\000D\000e\000t\000a\000i\000l\000e\000d\000\040\000D\000e\000s\000c\000r\000i\000p\000t\000i\000o\000n}{section.5.28}% 482
\BOOKMARK [1][-]{section.5.29}{\376\377\000s\000r\000c\000/\000r\000o\000l\000l\000n\000o\000-\000m\000a\000i\000n\000.\000c\000p\000p\000\040\000F\000i\000l\000e\000\040\000R\000e\000f\000e\000r\000e\000n\000c\000e}{chapter.5}% 483
\BOOKMARK [2][-]{subsection.5.29.1}{\376\377\000D\000e\000t\000a\000i\000l\000e\000d\000\040\000D\000e\000s\000c\000r\000i\000p\000t\000i\000o\000n}{section.5.29}% 484
\BOOKMARK [1][-]{section.5.30}{\376\377\000s\000r\000c\000/\000r\000o\000l\000l\000n\000o\000.\000c\000c\000\040\000F\000i\000l\000e\000\040\000R\000e\000f\000e\000r\000e\000n\000c\000e}{chapter.5}% 485
\BOOKMARK [2][-]{subsection.5.30.1}{\376\377\000D\000e\000t\000a\000i\000l\000e\000d\000\040\000D\000e\000s\000c\000r\000i\000p\000t\000i\000o\000n}{section.5.30}% 486
\BOOKMARK [1][-]{section.5.31}{\376\377\000s\000r\000c\000/\000r\000o\000o\000m\000-\000m\000a\000i\000n\000.\000c\000p\000p\000\040\000F\000i\000l\000e\000\040\000R\000e\000f\000e\000r\000e\000n\000c\000e}{chapter.5}% 487
\BOOKMARK [2][-]{subsection.5.31.1}{\376\377\000D\000e\000t\000a\000i\000l\000e\000d\000\040\000D\000e\000s\000c\000r\000i\000p\000t\000i\000o\000n}{section.5.31}% 488
\BOOKMARK [1][-]{section.5.32}{\376\377\000s\000r\000c\000/\000r\000o\000o\000m\000.\000c\000c\000\040\000F\000i\000l\000e\000\040\000R\000e\000f\000e\000r\000e\000n\000c\000e}{chapter.5}% 489
\BOOKMARK [2][-]{subsection.5.32.1}{\376\377\000D\000e\000t\000a\000i\000l\000e\000d\000\040\000D\000e\000s\000c\000r\000i\000p\000t\000i\000o\000n}{section.5.32}% 490
\BOOKMARK [1][-]{section.5.33}{\376\377\000s\000r\000c\000/\000s\000e\000n\000d\000m\000a\000i\000l\000.\000c\000c\000\040\000F\000i\000l\000e\000\040\000R\000e\000f\000e\000r\000e\000n\000c\000e}{chapter.5}% 491
\BOOKMARK [2][-]{subsection.5.33.1}{\376\377\000D\000e\000t\000a\000i\000l\000e\000d\000\040\000D\000e\000s\000c\000r\000i\000p\000t\000i\000o\000n}{section.5.33}% 492
\BOOKMARK [1][-]{section.5.34}{\376\377\000s\000r\000c\000/\000s\000t\000r\000a\000t\000e\000g\000y\000-\000m\000a\000i\000n\000.\000c\000p\000p\000\040\000F\000i\000l\000e\000\040\000R\000e\000f\000e\000r\000e\000n\000c\000e}{chapter.5}% 493
\BOOKMARK [2][-]{subsection.5.34.1}{\376\377\000D\000e\000t\000a\000i\000l\000e\000d\000\040\000D\000e\000s\000c\000r\000i\000p\000t\000i\000o\000n}{section.5.34}% 494
\BOOKMARK [1][-]{section.5.35}{\376\377\000s\000r\000c\000/\000v\000a\000l\000i\000d\000a\000t\000i\000o\000n\000-\000m\000a\000i\000n\000.\000c\000p\000p\000\040\000F\000i\000l\000e\000\040\000R\000e\000f\000e\000r\000e\000n\000c\000e}{chapter.5}% 495
\BOOKMARK [2][-]{subsection.5.35.1}{\376\377\000D\000e\000t\000a\000i\000l\000e\000d\000\040\000D\000e\000s\000c\000r\000i\000p\000t\000i\000o\000n}{section.5.35}% 496
\BOOKMARK [1][-]{section.5.36}{\376\377\000s\000r\000c\000/\000v\000a\000l\000i\000d\000a\000t\000i\000o\000n\000.\000c\000c\000\040\000F\000i\000l\000e\000\040\000R\000e\000f\000e\000r\000e\000n\000c\000e}{chapter.5}% 497
\BOOKMARK [2][-]{subsection.5.36.1}{\376\377\000D\000e\000t\000a\000i\000l\000e\000d\000\040\000D\000e\000s\000c\000r\000i\000p\000t\000i\000o\000n}{section.5.36}% 498
